<?xml version="1.0" encoding="UTF-8"?>
<coverage generated="1607932808912" clover="3.2.0">
  <project timestamp="1607932808912" name="All files">
    <metrics statements="494" coveredstatements="0" conditionals="23707" coveredconditionals="0" methods="8304" coveredmethods="0" elements="32505" coveredelements="0" complexity="0" loc="494" ncloc="494" packages="10" files="30" classes="30">
      <package name="test">
        <metrics statements="2" coveredstatements="0" conditionals="0" coveredconditionals="0" methods="0" coveredmethods="0"/>
        <file name=".eslintrc.js" path="/Applications/MAMP/htdocs/vue-cli-test/test/.eslintrc.js">
          <metrics statements="1" coveredstatements="0" conditionals="0" coveredconditionals="0" methods="0" coveredmethods="0"/>
          <line num="3" count="0" type="stmt"/>
        </file>
        <file name=".postcssrc.js" path="/Applications/MAMP/htdocs/vue-cli-test/test/.postcssrc.js">
          <metrics statements="1" coveredstatements="0" conditionals="0" coveredconditionals="0" methods="0" coveredmethods="0"/>
          <line num="3" count="0" type="stmt"/>
        </file>
      </package>
      <package name="test.build">
        <metrics statements="132" coveredstatements="0" conditionals="63" coveredconditionals="0" methods="14" coveredmethods="0"/>
        <file name="build.js" path="/Applications/MAMP/htdocs/vue-cli-test/test/build/build.js">
          <metrics statements="22" coveredstatements="0" conditionals="6" coveredconditionals="0" methods="2" coveredmethods="0"/>
          <line num="2" count="0" type="stmt"/>
          <line num="4" count="0" type="stmt"/>
          <line num="6" count="0" type="stmt"/>
          <line num="7" count="0" type="stmt"/>
          <line num="8" count="0" type="stmt"/>
          <line num="9" count="0" type="stmt"/>
          <line num="10" count="0" type="stmt"/>
          <line num="11" count="0" type="stmt"/>
          <line num="12" count="0" type="stmt"/>
          <line num="14" count="0" type="stmt"/>
          <line num="15" count="0" type="stmt"/>
          <line num="17" count="0" type="stmt"/>
          <line num="18" count="0" type="cond" truecount="0" falsecount="2"/>
          <line num="19" count="0" type="stmt"/>
          <line num="20" count="0" type="stmt"/>
          <line num="21" count="0" type="cond" truecount="0" falsecount="2"/>
          <line num="22" count="0" type="stmt"/>
          <line num="30" count="0" type="cond" truecount="0" falsecount="2"/>
          <line num="31" count="0" type="stmt"/>
          <line num="32" count="0" type="stmt"/>
          <line num="35" count="0" type="stmt"/>
          <line num="36" count="0" type="stmt"/>
        </file>
        <file name="check-versions.js" path="/Applications/MAMP/htdocs/vue-cli-test/test/build/check-versions.js">
          <metrics statements="23" coveredstatements="0" conditionals="6" coveredconditionals="0" methods="2" coveredmethods="0"/>
          <line num="2" count="0" type="stmt"/>
          <line num="3" count="0" type="stmt"/>
          <line num="4" count="0" type="stmt"/>
          <line num="5" count="0" type="stmt"/>
          <line num="8" count="0" type="stmt"/>
          <line num="11" count="0" type="stmt"/>
          <line num="19" count="0" type="cond" truecount="0" falsecount="2"/>
          <line num="20" count="0" type="stmt"/>
          <line num="27" count="0" type="stmt"/>
          <line num="28" count="0" type="stmt"/>
          <line num="30" count="0" type="stmt"/>
          <line num="31" count="0" type="stmt"/>
          <line num="33" count="0" type="cond" truecount="0" falsecount="2"/>
          <line num="34" count="0" type="stmt"/>
          <line num="41" count="0" type="cond" truecount="0" falsecount="2"/>
          <line num="42" count="0" type="stmt"/>
          <line num="43" count="0" type="stmt"/>
          <line num="44" count="0" type="stmt"/>
          <line num="46" count="0" type="stmt"/>
          <line num="47" count="0" type="stmt"/>
          <line num="48" count="0" type="stmt"/>
          <line num="51" count="0" type="stmt"/>
          <line num="52" count="0" type="stmt"/>
        </file>
        <file name="utils.js" path="/Applications/MAMP/htdocs/vue-cli-test/test/build/utils.js">
          <metrics statements="32" coveredstatements="0" conditionals="16" coveredconditionals="0" methods="6" coveredmethods="0"/>
          <line num="2" count="0" type="stmt"/>
          <line num="3" count="0" type="stmt"/>
          <line num="4" count="0" type="stmt"/>
          <line num="5" count="0" type="stmt"/>
          <line num="7" count="0" type="stmt"/>
          <line num="8" count="0" type="cond" truecount="0" falsecount="2"/>
          <line num="12" count="0" type="stmt"/>
          <line num="15" count="0" type="stmt"/>
          <line num="16" count="0" type="cond" truecount="0" falsecount="2"/>
          <line num="18" count="0" type="stmt"/>
          <line num="25" count="0" type="stmt"/>
          <line num="34" count="0" type="cond" truecount="0" falsecount="2"/>
          <line num="36" count="0" type="cond" truecount="0" falsecount="2"/>
          <line num="37" count="0" type="stmt"/>
          <line num="47" count="0" type="cond" truecount="0" falsecount="2"/>
          <line num="48" count="0" type="stmt"/>
          <line num="53" count="0" type="stmt"/>
          <line num="58" count="0" type="stmt"/>
          <line num="70" count="0" type="stmt"/>
          <line num="71" count="0" type="stmt"/>
          <line num="72" count="0" type="stmt"/>
          <line num="74" count="0" type="stmt"/>
          <line num="75" count="0" type="stmt"/>
          <line num="76" count="0" type="stmt"/>
          <line num="82" count="0" type="stmt"/>
          <line num="85" count="0" type="stmt"/>
          <line num="86" count="0" type="stmt"/>
          <line num="88" count="0" type="stmt"/>
          <line num="89" count="0" type="cond" truecount="0" falsecount="2"/>
          <line num="91" count="0" type="stmt"/>
          <line num="92" count="0" type="cond" truecount="0" falsecount="2"/>
          <line num="94" count="0" type="stmt"/>
        </file>
        <file name="vue-loader.conf.js" path="/Applications/MAMP/htdocs/vue-cli-test/test/build/vue-loader.conf.js">
          <metrics statements="5" coveredstatements="0" conditionals="2" coveredconditionals="0" methods="0" coveredmethods="0"/>
          <line num="2" count="0" type="stmt"/>
          <line num="3" count="0" type="stmt"/>
          <line num="4" count="0" type="stmt"/>
          <line num="5" count="0" type="cond" truecount="0" falsecount="2"/>
          <line num="9" count="0" type="stmt"/>
        </file>
        <file name="webpack.base.conf.js" path="/Applications/MAMP/htdocs/vue-cli-test/test/build/webpack.base.conf.js">
          <metrics statements="7" coveredstatements="0" conditionals="4" coveredconditionals="0" methods="2" coveredmethods="0"/>
          <line num="2" count="0" type="stmt"/>
          <line num="3" count="0" type="stmt"/>
          <line num="4" count="0" type="stmt"/>
          <line num="5" count="0" type="stmt"/>
          <line num="8" count="0" type="stmt"/>
          <line num="11" count="0" type="stmt"/>
          <line num="22" count="0" type="stmt"/>
        </file>
        <file name="webpack.dev.conf.js" path="/Applications/MAMP/htdocs/vue-cli-test/test/build/webpack.dev.conf.js">
          <metrics statements="22" coveredstatements="0" conditionals="14" coveredconditionals="0" methods="2" coveredmethods="0"/>
          <line num="2" count="0" type="stmt"/>
          <line num="3" count="0" type="stmt"/>
          <line num="4" count="0" type="stmt"/>
          <line num="5" count="0" type="stmt"/>
          <line num="6" count="0" type="stmt"/>
          <line num="7" count="0" type="stmt"/>
          <line num="8" count="0" type="stmt"/>
          <line num="9" count="0" type="stmt"/>
          <line num="10" count="0" type="stmt"/>
          <line num="11" count="0" type="stmt"/>
          <line num="13" count="0" type="stmt"/>
          <line num="14" count="0" type="cond" truecount="0" falsecount="2"/>
          <line num="16" count="0" type="stmt"/>
          <line num="71" count="0" type="stmt"/>
          <line num="72" count="0" type="cond" truecount="0" falsecount="2"/>
          <line num="73" count="0" type="stmt"/>
          <line num="74" count="0" type="cond" truecount="0" falsecount="2"/>
          <line num="75" count="0" type="stmt"/>
          <line num="78" count="0" type="stmt"/>
          <line num="80" count="0" type="stmt"/>
          <line num="83" count="0" type="stmt"/>
          <line num="92" count="0" type="stmt"/>
        </file>
        <file name="webpack.prod.conf.js" path="/Applications/MAMP/htdocs/vue-cli-test/test/build/webpack.prod.conf.js">
          <metrics statements="21" coveredstatements="0" conditionals="15" coveredconditionals="0" methods="0" coveredmethods="0"/>
          <line num="2" count="0" type="stmt"/>
          <line num="3" count="0" type="stmt"/>
          <line num="4" count="0" type="stmt"/>
          <line num="5" count="0" type="stmt"/>
          <line num="6" count="0" type="stmt"/>
          <line num="7" count="0" type="stmt"/>
          <line num="8" count="0" type="stmt"/>
          <line num="9" count="0" type="stmt"/>
          <line num="10" count="0" type="stmt"/>
          <line num="11" count="0" type="stmt"/>
          <line num="12" count="0" type="stmt"/>
          <line num="14" count="0" type="cond" truecount="0" falsecount="2"/>
          <line num="18" count="0" type="stmt"/>
          <line num="90" count="0" type="stmt"/>
          <line num="126" count="0" type="cond" truecount="0" falsecount="2"/>
          <line num="127" count="0" type="stmt"/>
          <line num="129" count="0" type="stmt"/>
          <line num="144" count="0" type="cond" truecount="0" falsecount="2"/>
          <line num="145" count="0" type="stmt"/>
          <line num="146" count="0" type="stmt"/>
          <line num="149" count="0" type="stmt"/>
        </file>
      </package>
      <package name="test.config">
        <metrics statements="9" coveredstatements="0" conditionals="0" coveredconditionals="0" methods="0" coveredmethods="0"/>
        <file name="dev.env.js" path="/Applications/MAMP/htdocs/vue-cli-test/test/config/dev.env.js">
          <metrics statements="3" coveredstatements="0" conditionals="0" coveredconditionals="0" methods="0" coveredmethods="0"/>
          <line num="2" count="0" type="stmt"/>
          <line num="3" count="0" type="stmt"/>
          <line num="5" count="0" type="stmt"/>
        </file>
        <file name="index.js" path="/Applications/MAMP/htdocs/vue-cli-test/test/config/index.js">
          <metrics statements="2" coveredstatements="0" conditionals="0" coveredconditionals="0" methods="0" coveredmethods="0"/>
          <line num="5" count="0" type="stmt"/>
          <line num="7" count="0" type="stmt"/>
        </file>
        <file name="prod.env.js" path="/Applications/MAMP/htdocs/vue-cli-test/test/config/prod.env.js">
          <metrics statements="1" coveredstatements="0" conditionals="0" coveredconditionals="0" methods="0" coveredmethods="0"/>
          <line num="2" count="0" type="stmt"/>
        </file>
        <file name="test.env.js" path="/Applications/MAMP/htdocs/vue-cli-test/test/config/test.env.js">
          <metrics statements="3" coveredstatements="0" conditionals="0" coveredconditionals="0" methods="0" coveredmethods="0"/>
          <line num="2" count="0" type="stmt"/>
          <line num="3" count="0" type="stmt"/>
          <line num="5" count="0" type="stmt"/>
        </file>
      </package>
      <package name="test.coverage.lcov-report">
        <metrics statements="78" coveredstatements="0" conditionals="306" coveredconditionals="0" methods="46" coveredmethods="0"/>
        <file name="prettify.js" path="/Applications/MAMP/htdocs/vue-cli-test/test/coverage/lcov-report/prettify.js">
          <metrics statements="1" coveredstatements="0" conditionals="284" coveredconditionals="0" methods="29" coveredmethods="0"/>
          <line num="1" count="0" type="cond" truecount="0" falsecount="284"/>
        </file>
        <file name="sorter.js" path="/Applications/MAMP/htdocs/vue-cli-test/test/coverage/lcov-report/sorter.js">
          <metrics statements="77" coveredstatements="0" conditionals="22" coveredconditionals="0" methods="17" coveredmethods="0"/>
          <line num="1" count="0" type="stmt"/>
          <line num="4" count="0" type="stmt"/>
          <line num="10" count="0" type="stmt"/>
          <line num="12" count="0" type="stmt"/>
          <line num="14" count="0" type="stmt"/>
          <line num="16" count="0" type="stmt"/>
          <line num="20" count="0" type="stmt"/>
          <line num="22" count="0" type="stmt"/>
          <line num="26" count="0" type="stmt"/>
          <line num="27" count="0" type="stmt"/>
          <line num="28" count="0" type="stmt"/>
          <line num="33" count="0" type="stmt"/>
          <line num="34" count="0" type="cond" truecount="0" falsecount="2"/>
          <line num="35" count="0" type="stmt"/>
          <line num="36" count="0" type="stmt"/>
          <line num="39" count="0" type="stmt"/>
          <line num="44" count="0" type="stmt"/>
          <line num="47" count="0" type="stmt"/>
          <line num="50" count="0" type="stmt"/>
          <line num="51" count="0" type="stmt"/>
          <line num="52" count="0" type="stmt"/>
          <line num="53" count="0" type="stmt"/>
          <line num="54" count="0" type="cond" truecount="0" falsecount="2"/>
          <line num="55" count="0" type="stmt"/>
          <line num="57" count="0" type="stmt"/>
          <line num="59" count="0" type="stmt"/>
          <line num="63" count="0" type="stmt"/>
          <line num="66" count="0" type="stmt"/>
          <line num="67" count="0" type="stmt"/>
          <line num="72" count="0" type="stmt"/>
          <line num="73" count="0" type="stmt"/>
          <line num="74" count="0" type="stmt"/>
          <line num="75" count="0" type="stmt"/>
          <line num="76" count="0" type="cond" truecount="0" falsecount="4"/>
          <line num="78" count="0" type="stmt"/>
          <line num="79" count="0" type="stmt"/>
          <line num="80" count="0" type="stmt"/>
          <line num="81" count="0" type="stmt"/>
          <line num="84" count="0" type="cond" truecount="0" falsecount="2"/>
          <line num="85" count="0" type="stmt"/>
          <line num="86" count="0" type="stmt"/>
          <line num="90" count="0" type="stmt"/>
          <line num="91" count="0" type="stmt"/>
          <line num="92" count="0" type="stmt"/>
          <line num="95" count="0" type="stmt"/>
          <line num="97" count="0" type="stmt"/>
          <line num="98" count="0" type="stmt"/>
          <line num="103" count="0" type="stmt"/>
          <line num="104" count="0" type="stmt"/>
          <line num="106" count="0" type="stmt"/>
          <line num="107" count="0" type="stmt"/>
          <line num="111" count="0" type="cond" truecount="0" falsecount="2"/>
          <line num="117" count="0" type="stmt"/>
          <line num="118" count="0" type="stmt"/>
          <line num="120" count="0" type="stmt"/>
          <line num="121" count="0" type="stmt"/>
          <line num="123" count="0" type="cond" truecount="0" falsecount="2"/>
          <line num="124" count="0" type="stmt"/>
          <line num="126" count="0" type="stmt"/>
          <line num="127" count="0" type="stmt"/>
          <line num="128" count="0" type="stmt"/>
          <line num="129" count="0" type="stmt"/>
          <line num="130" count="0" type="stmt"/>
          <line num="133" count="0" type="stmt"/>
          <line num="134" count="0" type="cond" truecount="0" falsecount="2"/>
          <line num="137" count="0" type="stmt"/>
          <line num="138" count="0" type="cond" truecount="0" falsecount="2"/>
          <line num="139" count="0" type="stmt"/>
          <line num="141" count="0" type="stmt"/>
          <line num="147" count="0" type="stmt"/>
          <line num="148" count="0" type="cond" truecount="0" falsecount="2"/>
          <line num="149" count="0" type="stmt"/>
          <line num="151" count="0" type="stmt"/>
          <line num="152" count="0" type="stmt"/>
          <line num="153" count="0" type="stmt"/>
          <line num="154" count="0" type="stmt"/>
          <line num="158" count="0" type="stmt"/>
        </file>
      </package>
      <package name="test.dist.static.js">
        <metrics statements="151" coveredstatements="0" conditionals="23321" coveredconditionals="0" methods="8203" coveredmethods="0"/>
        <file name="app.b430b96b44130ca993f6.js" path="/Applications/MAMP/htdocs/vue-cli-test/test/dist/static/js/app.b430b96b44130ca993f6.js">
          <metrics statements="1" coveredstatements="0" conditionals="74" coveredconditionals="0" methods="114" coveredmethods="0"/>
          <line num="1" count="0" type="cond" truecount="0" falsecount="74"/>
        </file>
        <file name="manifest.2ae2e69a05c33dfc65f8.js" path="/Applications/MAMP/htdocs/vue-cli-test/test/dist/static/js/manifest.2ae2e69a05c33dfc65f8.js">
          <metrics statements="1" coveredstatements="0" conditionals="14" coveredconditionals="0" methods="9" coveredmethods="0"/>
          <line num="1" count="0" type="cond" truecount="0" falsecount="14"/>
        </file>
        <file name="vendor.b130482ab36abb9fd335.js" path="/Applications/MAMP/htdocs/vue-cli-test/test/dist/static/js/vendor.b130482ab36abb9fd335.js">
          <metrics statements="149" coveredstatements="0" conditionals="23233" coveredconditionals="0" methods="8080" coveredmethods="0"/>
          <line num="1" count="0" type="stmt"/>
          <line num="3" count="0" type="cond" truecount="0" falsecount="32"/>
          <line num="5" count="0" type="cond" truecount="0" falsecount="26"/>
          <line num="7" count="0" type="cond" truecount="0" falsecount="32"/>
          <line num="9" count="0" type="cond" truecount="0" falsecount="22"/>
          <line num="11" count="0" type="cond" truecount="0" falsecount="21"/>
          <line num="13" count="0" type="cond" truecount="0" falsecount="4"/>
          <line num="15" count="0" type="stmt"/>
          <line num="17" count="0" type="cond" truecount="0" falsecount="22"/>
          <line num="22" count="0" type="cond" truecount="0" falsecount="845"/>
          <line num="24" count="0" type="cond" truecount="0" falsecount="6"/>
          <line num="26" count="0" type="cond" truecount="0" falsecount="40"/>
          <line num="28" count="0" type="cond" truecount="0" falsecount="2"/>
          <line num="30" count="0" type="cond" truecount="0" falsecount="162"/>
          <line num="32" count="0" type="cond" truecount="0" falsecount="17"/>
          <line num="34" count="0" type="cond" truecount="0" falsecount="9"/>
          <line num="36" count="0" type="stmt"/>
          <line num="38" count="0" type="cond" truecount="0" falsecount="23"/>
          <line num="40" count="0" type="cond" truecount="0" falsecount="52"/>
          <line num="42" count="0" type="stmt"/>
          <line num="44" count="0" type="cond" truecount="0" falsecount="30"/>
          <line num="46" count="0" type="cond" truecount="0" falsecount="2"/>
          <line num="48" count="0" type="cond" truecount="0" falsecount="49"/>
          <line num="50" count="0" type="cond" truecount="0" falsecount="5"/>
          <line num="56" count="0" type="cond" truecount="0" falsecount="3430"/>
          <line num="58" count="0" type="cond" truecount="0" falsecount="40"/>
          <line num="60" count="0" type="cond" truecount="0" falsecount="14"/>
          <line num="62" count="0" type="cond" truecount="0" falsecount="2"/>
          <line num="64" count="0" type="cond" truecount="0" falsecount="41"/>
          <line num="66" count="0" type="cond" truecount="0" falsecount="2"/>
          <line num="68" count="0" type="cond" truecount="0" falsecount="8"/>
          <line num="70" count="0" type="cond" truecount="0" falsecount="23"/>
          <line num="72" count="0" type="cond" truecount="0" falsecount="4"/>
          <line num="74" count="0" type="stmt"/>
          <line num="76" count="0" type="cond" truecount="0" falsecount="32"/>
          <line num="78" count="0" type="cond" truecount="0" falsecount="9"/>
          <line num="80" count="0" type="stmt"/>
          <line num="82" count="0" type="cond" truecount="0" falsecount="114"/>
          <line num="84" count="0" type="cond" truecount="0" falsecount="33"/>
          <line num="86" count="0" type="cond" truecount="0" falsecount="23"/>
          <line num="88" count="0" type="cond" truecount="0" falsecount="738"/>
          <line num="90" count="0" type="cond" truecount="0" falsecount="30"/>
          <line num="92" count="0" type="stmt"/>
          <line num="94" count="0" type="cond" truecount="0" falsecount="26"/>
          <line num="96" count="0" type="cond" truecount="0" falsecount="2"/>
          <line num="98" count="0" type="stmt"/>
          <line num="100" count="0" type="cond" truecount="0" falsecount="6"/>
          <line num="102" count="0" type="cond" truecount="0" falsecount="2"/>
          <line num="104" count="0" type="cond" truecount="0" falsecount="12"/>
          <line num="106" count="0" type="cond" truecount="0" falsecount="34"/>
          <line num="108" count="0" type="cond" truecount="0" falsecount="13"/>
          <line num="110" count="0" type="cond" truecount="0" falsecount="20"/>
          <line num="112" count="0" type="cond" truecount="0" falsecount="44"/>
          <line num="114" count="0" type="cond" truecount="0" falsecount="33"/>
          <line num="116" count="0" type="cond" truecount="0" falsecount="14"/>
          <line num="118" count="0" type="cond" truecount="0" falsecount="31"/>
          <line num="120" count="0" type="cond" truecount="0" falsecount="22"/>
          <line num="122" count="0" type="cond" truecount="0" falsecount="130"/>
          <line num="128" count="0" type="cond" truecount="0" falsecount="93"/>
          <line num="130" count="0" type="cond" truecount="0" falsecount="6"/>
          <line num="132" count="0" type="cond" truecount="0" falsecount="22"/>
          <line num="134" count="0" type="cond" truecount="0" falsecount="28"/>
          <line num="136" count="0" type="cond" truecount="0" falsecount="17"/>
          <line num="138" count="0" type="cond" truecount="0" falsecount="16"/>
          <line num="140" count="0" type="cond" truecount="0" falsecount="88"/>
          <line num="142" count="0" type="cond" truecount="0" falsecount="4"/>
          <line num="147" count="0" type="cond" truecount="0" falsecount="1523"/>
          <line num="149" count="0" type="cond" truecount="0" falsecount="54"/>
          <line num="151" count="0" type="cond" truecount="0" falsecount="22"/>
          <line num="153" count="0" type="cond" truecount="0" falsecount="18"/>
          <line num="155" count="0" type="cond" truecount="0" falsecount="188"/>
          <line num="165" count="0" type="cond" truecount="0" falsecount="177"/>
          <line num="167" count="0" type="cond" truecount="0" falsecount="1142"/>
          <line num="174" count="0" type="cond" truecount="0" falsecount="7146"/>
          <line num="184" count="0" type="stmt"/>
          <line num="186" count="0" type="cond" truecount="0" falsecount="8"/>
          <line num="188" count="0" type="cond" truecount="0" falsecount="4"/>
          <line num="190" count="0" type="cond" truecount="0" falsecount="46"/>
          <line num="192" count="0" type="cond" truecount="0" falsecount="2"/>
          <line num="194" count="0" type="cond" truecount="0" falsecount="63"/>
          <line num="196" count="0" type="cond" truecount="0" falsecount="32"/>
          <line num="198" count="0" type="cond" truecount="0" falsecount="51"/>
          <line num="200" count="0" type="cond" truecount="0" falsecount="68"/>
          <line num="202" count="0" type="stmt"/>
          <line num="204" count="0" type="cond" truecount="0" falsecount="22"/>
          <line num="206" count="0" type="cond" truecount="0" falsecount="2"/>
          <line num="208" count="0" type="stmt"/>
          <line num="210" count="0" type="cond" truecount="0" falsecount="6"/>
          <line num="212" count="0" type="cond" truecount="0" falsecount="11"/>
          <line num="214" count="0" type="cond" truecount="0" falsecount="32"/>
          <line num="239" count="0" type="cond" truecount="0" falsecount="587"/>
          <line num="241" count="0" type="cond" truecount="0" falsecount="4"/>
          <line num="243" count="0" type="cond" truecount="0" falsecount="17"/>
          <line num="245" count="0" type="cond" truecount="0" falsecount="71"/>
          <line num="247" count="0" type="cond" truecount="0" falsecount="12"/>
          <line num="249" count="0" type="cond" truecount="0" falsecount="85"/>
          <line num="251" count="0" type="cond" truecount="0" falsecount="6"/>
          <line num="253" count="0" type="cond" truecount="0" falsecount="8"/>
          <line num="255" count="0" type="cond" truecount="0" falsecount="21"/>
          <line num="257" count="0" type="cond" truecount="0" falsecount="9"/>
          <line num="259" count="0" type="cond" truecount="0" falsecount="29"/>
          <line num="261" count="0" type="cond" truecount="0" falsecount="124"/>
          <line num="266" count="0" type="cond" truecount="0" falsecount="64"/>
          <line num="281" count="0" type="cond" truecount="0" falsecount="425"/>
          <line num="295" count="0" type="cond" truecount="0" falsecount="50"/>
          <line num="297" count="0" type="cond" truecount="0" falsecount="8"/>
          <line num="299" count="0" type="cond" truecount="0" falsecount="9"/>
          <line num="301" count="0" type="cond" truecount="0" falsecount="22"/>
          <line num="303" count="0" type="stmt"/>
          <line num="305" count="0" type="cond" truecount="0" falsecount="27"/>
          <line num="307" count="0" type="cond" truecount="0" falsecount="8"/>
          <line num="309" count="0" type="stmt"/>
          <line num="311" count="0" type="cond" truecount="0" falsecount="13"/>
          <line num="317" count="0" type="cond" truecount="0" falsecount="3468"/>
          <line num="319" count="0" type="cond" truecount="0" falsecount="5"/>
          <line num="321" count="0" type="cond" truecount="0" falsecount="2"/>
          <line num="323" count="0" type="cond" truecount="0" falsecount="20"/>
          <line num="325" count="0" type="cond" truecount="0" falsecount="20"/>
          <line num="327" count="0" type="cond" truecount="0" falsecount="66"/>
          <line num="329" count="0" type="stmt"/>
          <line num="331" count="0" type="cond" truecount="0" falsecount="27"/>
          <line num="333" count="0" type="cond" truecount="0" falsecount="34"/>
          <line num="335" count="0" type="cond" truecount="0" falsecount="2"/>
          <line num="337" count="0" type="cond" truecount="0" falsecount="4"/>
          <line num="339" count="0" type="cond" truecount="0" falsecount="40"/>
          <line num="341" count="0" type="cond" truecount="0" falsecount="54"/>
          <line num="343" count="0" type="cond" truecount="0" falsecount="14"/>
          <line num="345" count="0" type="cond" truecount="0" falsecount="16"/>
          <line num="347" count="0" type="cond" truecount="0" falsecount="32"/>
          <line num="349" count="0" type="cond" truecount="0" falsecount="30"/>
          <line num="351" count="0" type="cond" truecount="0" falsecount="2"/>
          <line num="353" count="0" type="stmt"/>
          <line num="355" count="0" type="cond" truecount="0" falsecount="22"/>
          <line num="357" count="0" type="stmt"/>
          <line num="359" count="0" type="cond" truecount="0" falsecount="89"/>
          <line num="361" count="0" type="cond" truecount="0" falsecount="23"/>
          <line num="363" count="0" type="cond" truecount="0" falsecount="18"/>
          <line num="365" count="0" type="cond" truecount="0" falsecount="14"/>
          <line num="367" count="0" type="cond" truecount="0" falsecount="2"/>
          <line num="369" count="0" type="cond" truecount="0" falsecount="53"/>
          <line num="371" count="0" type="cond" truecount="0" falsecount="147"/>
          <line num="373" count="0" type="cond" truecount="0" falsecount="17"/>
          <line num="375" count="0" type="cond" truecount="0" falsecount="21"/>
          <line num="377" count="0" type="cond" truecount="0" falsecount="18"/>
          <line num="379" count="0" type="cond" truecount="0" falsecount="31"/>
          <line num="381" count="0" type="cond" truecount="0" falsecount="68"/>
          <line num="383" count="0" type="cond" truecount="0" falsecount="8"/>
          <line num="385" count="0" type="cond" truecount="0" falsecount="18"/>
          <line num="387" count="0" type="cond" truecount="0" falsecount="25"/>
        </file>
      </package>
      <package name="test.src">
        <metrics statements="61" coveredstatements="0" conditionals="11" coveredconditionals="0" methods="16" coveredmethods="0"/>
        <file name="App.vue" path="/Applications/MAMP/htdocs/vue-cli-test/test/src/App.vue">
          <metrics statements="61" coveredstatements="0" conditionals="11" coveredconditionals="0" methods="16" coveredmethods="0"/>
          <line num="55" count="0" type="stmt"/>
          <line num="56" count="0" type="stmt"/>
          <line num="57" count="0" type="stmt"/>
          <line num="58" count="0" type="stmt"/>
          <line num="59" count="0" type="stmt"/>
          <line num="60" count="0" type="stmt"/>
          <line num="61" count="0" type="stmt"/>
          <line num="62" count="0" type="stmt"/>
          <line num="63" count="0" type="stmt"/>
          <line num="64" count="0" type="stmt"/>
          <line num="65" count="0" type="stmt"/>
          <line num="72" count="0" type="stmt"/>
          <line num="89" count="0" type="stmt"/>
          <line num="95" count="0" type="stmt"/>
          <line num="96" count="0" type="stmt"/>
          <line num="97" count="0" type="stmt"/>
          <line num="98" count="0" type="stmt"/>
          <line num="102" count="0" type="stmt"/>
          <line num="119" count="0" type="stmt"/>
          <line num="120" count="0" type="stmt"/>
          <line num="123" count="0" type="stmt"/>
          <line num="125" count="0" type="stmt"/>
          <line num="126" count="0" type="stmt"/>
          <line num="127" count="0" type="stmt"/>
          <line num="129" count="0" type="stmt"/>
          <line num="133" count="0" type="stmt"/>
          <line num="134" count="0" type="stmt"/>
          <line num="135" count="0" type="stmt"/>
          <line num="137" count="0" type="stmt"/>
          <line num="141" count="0" type="stmt"/>
          <line num="142" count="0" type="stmt"/>
          <line num="143" count="0" type="stmt"/>
          <line num="145" count="0" type="stmt"/>
          <line num="146" count="0" type="stmt"/>
          <line num="148" count="0" type="stmt"/>
          <line num="153" count="0" type="stmt"/>
          <line num="155" count="0" type="stmt"/>
          <line num="157" count="0" type="stmt"/>
          <line num="158" count="0" type="stmt"/>
          <line num="159" count="0" type="stmt"/>
          <line num="160" count="0" type="stmt"/>
          <line num="163" count="0" type="stmt"/>
          <line num="164" count="0" type="stmt"/>
          <line num="166" count="0" type="stmt"/>
          <line num="175" count="0" type="stmt"/>
          <line num="183" count="0" type="stmt"/>
          <line num="184" count="0" type="cond" truecount="0" falsecount="2"/>
          <line num="186" count="0" type="stmt"/>
          <line num="189" count="0" type="stmt"/>
          <line num="191" count="0" type="stmt"/>
          <line num="193" count="0" type="stmt"/>
          <line num="194" count="0" type="stmt"/>
          <line num="195" count="0" type="stmt"/>
          <line num="199" count="0" type="stmt"/>
          <line num="202" count="0" type="stmt"/>
          <line num="203" count="0" type="stmt"/>
          <line num="208" count="0" type="cond" truecount="0" falsecount="9"/>
          <line num="217" count="0" type="stmt"/>
          <line num="224" count="0" type="stmt"/>
          <line num="225" count="0" type="stmt"/>
          <line num="226" count="0" type="stmt"/>
        </file>
      </package>
      <package name="test.src.components">
        <metrics statements="19" coveredstatements="0" conditionals="0" coveredconditionals="0" methods="15" coveredmethods="0"/>
        <file name="Bar.vue" path="/Applications/MAMP/htdocs/vue-cli-test/test/src/components/Bar.vue">
          <metrics statements="3" coveredstatements="0" conditionals="0" coveredconditionals="0" methods="2" coveredmethods="0"/>
          <line num="3" count="0" type="stmt"/>
          <line num="12" count="0" type="stmt"/>
          <line num="16" count="0" type="stmt"/>
        </file>
        <file name="BarSelect.vue" path="/Applications/MAMP/htdocs/vue-cli-test/test/src/components/BarSelect.vue">
          <metrics statements="4" coveredstatements="0" conditionals="0" coveredconditionals="0" methods="4" coveredmethods="0"/>
          <line num="26" count="0" type="stmt"/>
          <line num="32" count="0" type="stmt"/>
          <line num="33" count="0" type="stmt"/>
          <line num="34" count="0" type="stmt"/>
        </file>
        <file name="HelloWorld.vue" path="/Applications/MAMP/htdocs/vue-cli-test/test/src/components/HelloWorld.vue">
          <metrics statements="1" coveredstatements="0" conditionals="0" coveredconditionals="0" methods="1" coveredmethods="0"/>
          <line num="98" count="0" type="stmt"/>
        </file>
        <file name="Loading.vue" path="/Applications/MAMP/htdocs/vue-cli-test/test/src/components/Loading.vue">
          <metrics statements="1" coveredstatements="0" conditionals="0" coveredconditionals="0" methods="0" coveredmethods="0"/>
          <line num="16" count="0" type="stmt"/>
        </file>
        <file name="Page.vue" path="/Applications/MAMP/htdocs/vue-cli-test/test/src/components/Page.vue">
          <metrics statements="1" coveredstatements="0" conditionals="0" coveredconditionals="0" methods="1" coveredmethods="0"/>
          <line num="8" count="0" type="stmt"/>
        </file>
        <file name="Pie.vue" path="/Applications/MAMP/htdocs/vue-cli-test/test/src/components/Pie.vue">
          <metrics statements="3" coveredstatements="0" conditionals="0" coveredconditionals="0" methods="2" coveredmethods="0"/>
          <line num="3" count="0" type="stmt"/>
          <line num="13" count="0" type="stmt"/>
          <line num="17" count="0" type="stmt"/>
        </file>
        <file name="Select.vue" path="/Applications/MAMP/htdocs/vue-cli-test/test/src/components/Select.vue">
          <metrics statements="6" coveredstatements="0" conditionals="0" coveredconditionals="0" methods="5" coveredmethods="0"/>
          <line num="26" count="0" type="stmt"/>
          <line num="32" count="0" type="stmt"/>
          <line num="33" count="0" type="stmt"/>
          <line num="34" count="0" type="stmt"/>
          <line num="38" count="0" type="stmt"/>
          <line num="39" count="0" type="stmt"/>
        </file>
      </package>
      <package name="test.test.e2e">
        <metrics statements="28" coveredstatements="0" conditionals="6" coveredconditionals="0" methods="4" coveredmethods="0"/>
        <file name="nightwatch.conf.js" path="/Applications/MAMP/htdocs/vue-cli-test/test/test/e2e/nightwatch.conf.js">
          <metrics statements="3" coveredstatements="0" conditionals="2" coveredconditionals="0" methods="0" coveredmethods="0"/>
          <line num="1" count="0" type="stmt"/>
          <line num="2" count="0" type="stmt"/>
          <line num="5" count="0" type="stmt"/>
        </file>
        <file name="runner.js" path="/Applications/MAMP/htdocs/vue-cli-test/test/test/e2e/runner.js">
          <metrics statements="25" coveredstatements="0" conditionals="4" coveredconditionals="0" methods="4" coveredmethods="0"/>
          <line num="2" count="0" type="stmt"/>
          <line num="4" count="0" type="stmt"/>
          <line num="5" count="0" type="stmt"/>
          <line num="7" count="0" type="stmt"/>
          <line num="8" count="0" type="stmt"/>
          <line num="12" count="0" type="stmt"/>
          <line num="13" count="0" type="stmt"/>
          <line num="14" count="0" type="stmt"/>
          <line num="15" count="0" type="stmt"/>
          <line num="16" count="0" type="stmt"/>
          <line num="17" count="0" type="stmt"/>
          <line num="18" count="0" type="stmt"/>
          <line num="28" count="0" type="stmt"/>
          <line num="29" count="0" type="cond" truecount="0" falsecount="2"/>
          <line num="30" count="0" type="stmt"/>
          <line num="32" count="0" type="cond" truecount="0" falsecount="2"/>
          <line num="33" count="0" type="stmt"/>
          <line num="36" count="0" type="stmt"/>
          <line num="37" count="0" type="stmt"/>
          <line num="39" count="0" type="stmt"/>
          <line num="40" count="0" type="stmt"/>
          <line num="41" count="0" type="stmt"/>
          <line num="44" count="0" type="stmt"/>
          <line num="45" count="0" type="stmt"/>
          <line num="46" count="0" type="stmt"/>
        </file>
      </package>
      <package name="test.test.e2e.custom-assertions">
        <metrics statements="12" coveredstatements="0" conditionals="0" coveredconditionals="0" methods="6" coveredmethods="0"/>
        <file name="elementCount.js" path="/Applications/MAMP/htdocs/vue-cli-test/test/test/e2e/custom-assertions/elementCount.js">
          <metrics statements="12" coveredstatements="0" conditionals="0" coveredconditionals="0" methods="6" coveredmethods="0"/>
          <line num="10" count="0" type="stmt"/>
          <line num="11" count="0" type="stmt"/>
          <line num="12" count="0" type="stmt"/>
          <line num="13" count="0" type="stmt"/>
          <line num="14" count="0" type="stmt"/>
          <line num="16" count="0" type="stmt"/>
          <line num="17" count="0" type="stmt"/>
          <line num="19" count="0" type="stmt"/>
          <line num="20" count="0" type="stmt"/>
          <line num="21" count="0" type="stmt"/>
          <line num="22" count="0" type="stmt"/>
          <line num="24" count="0" type="stmt"/>
        </file>
      </package>
      <package name="test.test.unit">
        <metrics statements="2" coveredstatements="0" conditionals="0" coveredconditionals="0" methods="0" coveredmethods="0"/>
        <file name="jest.conf.js" path="/Applications/MAMP/htdocs/vue-cli-test/test/test/unit/jest.conf.js">
          <metrics statements="2" coveredstatements="0" conditionals="0" coveredconditionals="0" methods="0" coveredmethods="0"/>
          <line num="1" count="0" type="stmt"/>
          <line num="3" count="0" type="stmt"/>
        </file>
      </package>
    </metrics>
  </project>
</coverage>
