TN:
SF:/Applications/MAMP/htdocs/vue-cli-test/test/.eslintrc.js
FNF:0
FNH:0
DA:3,0
LF:1
LH:0
BRF:0
BRH:0
end_of_record
TN:
SF:/Applications/MAMP/htdocs/vue-cli-test/test/.postcssrc.js
FNF:0
FNH:0
DA:3,0
LF:1
LH:0
BRF:0
BRH:0
end_of_record
TN:
SF:/Applications/MAMP/htdocs/vue-cli-test/test/build/build.js
FN:17,(anonymous_0)
FN:19,(anonymous_1)
FNF:2
FNH:0
FNDA:0,(anonymous_0)
FNDA:0,(anonymous_1)
DA:2,0
DA:4,0
DA:6,0
DA:7,0
DA:8,0
DA:9,0
DA:10,0
DA:11,0
DA:12,0
DA:14,0
DA:15,0
DA:17,0
DA:18,0
DA:19,0
DA:20,0
DA:21,0
DA:22,0
DA:30,0
DA:31,0
DA:32,0
DA:35,0
DA:36,0
LF:22
LH:0
BRDA:18,0,0,0
BRDA:18,0,1,0
BRDA:21,1,0,0
BRDA:21,1,1,0
BRDA:30,2,0,0
BRDA:30,2,1,0
BRF:6
BRH:0
end_of_record
TN:
SF:/Applications/MAMP/htdocs/vue-cli-test/test/build/check-versions.js
FN:7,exec
FN:27,(anonymous_1)
FNF:2
FNH:0
FNDA:0,exec
FNDA:0,(anonymous_1)
DA:2,0
DA:3,0
DA:4,0
DA:5,0
DA:8,0
DA:11,0
DA:19,0
DA:20,0
DA:27,0
DA:28,0
DA:30,0
DA:31,0
DA:33,0
DA:34,0
DA:41,0
DA:42,0
DA:43,0
DA:44,0
DA:46,0
DA:47,0
DA:48,0
DA:51,0
DA:52,0
LF:23
LH:0
BRDA:19,0,0,0
BRDA:19,0,1,0
BRDA:33,1,0,0
BRDA:33,1,1,0
BRDA:41,2,0,0
BRDA:41,2,1,0
BRF:6
BRH:0
end_of_record
TN:
SF:/Applications/MAMP/htdocs/vue-cli-test/test/build/utils.js
FN:7,(anonymous_0)
FN:15,(anonymous_1)
FN:33,generateLoaders
FN:70,(anonymous_3)
FN:85,(anonymous_4)
FN:88,(anonymous_5)
FNF:6
FNH:0
FNDA:0,(anonymous_0)
FNDA:0,(anonymous_1)
FNDA:0,generateLoaders
FNDA:0,(anonymous_3)
FNDA:0,(anonymous_4)
FNDA:0,(anonymous_5)
DA:2,0
DA:3,0
DA:4,0
DA:5,0
DA:7,0
DA:8,0
DA:12,0
DA:15,0
DA:16,0
DA:18,0
DA:25,0
DA:34,0
DA:36,0
DA:37,0
DA:47,0
DA:48,0
DA:53,0
DA:58,0
DA:70,0
DA:71,0
DA:72,0
DA:74,0
DA:75,0
DA:76,0
DA:82,0
DA:85,0
DA:86,0
DA:88,0
DA:89,0
DA:91,0
DA:92,0
DA:94,0
LF:32
LH:0
BRDA:8,0,0,0
BRDA:8,0,1,0
BRDA:16,1,0,0
BRDA:16,1,1,0
BRDA:34,2,0,0
BRDA:34,2,1,0
BRDA:36,3,0,0
BRDA:36,3,1,0
BRDA:47,4,0,0
BRDA:47,4,1,0
BRDA:89,5,0,0
BRDA:89,5,1,0
BRDA:92,6,0,0
BRDA:92,6,1,0
BRDA:97,7,0,0
BRDA:97,7,1,0
BRF:16
BRH:0
end_of_record
TN:
SF:/Applications/MAMP/htdocs/vue-cli-test/test/build/vue-loader.conf.js
FNF:0
FNH:0
DA:2,0
DA:3,0
DA:4,0
DA:5,0
DA:9,0
LF:5
LH:0
BRDA:5,0,0,0
BRDA:5,0,1,0
BRF:2
BRH:0
end_of_record
TN:
SF:/Applications/MAMP/htdocs/vue-cli-test/test/build/webpack.base.conf.js
FN:7,resolve
FN:11,(anonymous_1)
FNF:2
FNH:0
FNDA:0,resolve
FNDA:0,(anonymous_1)
DA:2,0
DA:3,0
DA:4,0
DA:5,0
DA:8,0
DA:11,0
DA:22,0
LF:7
LH:0
BRDA:30,0,0,0
BRDA:30,0,1,0
BRDA:43,1,0,0
BRDA:43,1,1,0
BRF:4
BRH:0
end_of_record
TN:
SF:/Applications/MAMP/htdocs/vue-cli-test/test/build/webpack.dev.conf.js
FN:71,(anonymous_0)
FN:73,(anonymous_1)
FNF:2
FNH:0
FNDA:0,(anonymous_0)
FNDA:0,(anonymous_1)
DA:2,0
DA:3,0
DA:4,0
DA:5,0
DA:6,0
DA:7,0
DA:8,0
DA:9,0
DA:10,0
DA:11,0
DA:13,0
DA:14,0
DA:16,0
DA:71,0
DA:72,0
DA:73,0
DA:74,0
DA:75,0
DA:78,0
DA:80,0
DA:83,0
DA:92,0
LF:22
LH:0
BRDA:14,0,0,0
BRDA:14,0,1,0
BRDA:34,1,0,0
BRDA:34,1,1,0
BRDA:35,2,0,0
BRDA:35,2,1,0
BRDA:37,3,0,0
BRDA:37,3,1,0
BRDA:72,4,0,0
BRDA:72,4,1,0
BRDA:74,5,0,0
BRDA:74,5,1,0
BRDA:87,6,0,0
BRDA:87,6,1,0
BRF:14
BRH:0
end_of_record
TN:
SF:/Applications/MAMP/htdocs/vue-cli-test/test/build/webpack.prod.conf.js
FNF:0
FNH:0
DA:2,0
DA:3,0
DA:4,0
DA:5,0
DA:6,0
DA:7,0
DA:8,0
DA:9,0
DA:10,0
DA:11,0
DA:12,0
DA:14,0
DA:18,0
DA:90,0
DA:126,0
DA:127,0
DA:129,0
DA:144,0
DA:145,0
DA:146,0
DA:149,0
LF:21
LH:0
BRDA:14,0,0,0
BRDA:14,0,1,0
BRDA:26,1,0,0
BRDA:26,1,1,0
BRDA:58,2,0,0
BRDA:58,2,1,0
BRDA:66,3,0,0
BRDA:66,3,1,0
BRDA:91,4,0,0
BRDA:91,4,1,0
BRDA:91,4,2,0
BRDA:126,5,0,0
BRDA:126,5,1,0
BRDA:144,6,0,0
BRDA:144,6,1,0
BRF:15
BRH:0
end_of_record
TN:
SF:/Applications/MAMP/htdocs/vue-cli-test/test/config/dev.env.js
FNF:0
FNH:0
DA:2,0
DA:3,0
DA:5,0
LF:3
LH:0
BRF:0
BRH:0
end_of_record
TN:
SF:/Applications/MAMP/htdocs/vue-cli-test/test/config/index.js
FNF:0
FNH:0
DA:5,0
DA:7,0
LF:2
LH:0
BRF:0
BRH:0
end_of_record
TN:
SF:/Applications/MAMP/htdocs/vue-cli-test/test/config/prod.env.js
FNF:0
FNH:0
DA:2,0
LF:1
LH:0
BRF:0
BRH:0
end_of_record
TN:
SF:/Applications/MAMP/htdocs/vue-cli-test/test/config/test.env.js
FNF:0
FNH:0
DA:2,0
DA:3,0
DA:5,0
LF:3
LH:0
BRF:0
BRH:0
end_of_record
TN:
SF:/Applications/MAMP/htdocs/vue-cli-test/test/coverage/lcov-report/prettify.js
FN:1,(anonymous_0)
FN:1,k
FN:1,ab
FN:1,T
FN:1,X
FN:1,(anonymous_5)
FN:1,W
FN:1,(anonymous_7)
FN:1,a
FN:1,aa
FN:1,B
FN:1,o
FN:1,g
FN:1,(anonymous_13)
FN:1,(anonymous_14)
FN:1,i
FN:1,Q
FN:1,ae
FN:1,ad
FN:1,ai
FN:1,D
FN:1,c
FN:1,q
FN:1,d
FN:1,y
FN:1,b
FN:1,Y
FN:1,(anonymous_27)
FN:1,U
FNF:29
FNH:0
FNDA:0,(anonymous_0)
FNDA:0,k
FNDA:0,ab
FNDA:0,T
FNDA:0,X
FNDA:0,(anonymous_5)
FNDA:0,W
FNDA:0,(anonymous_7)
FNDA:0,a
FNDA:0,aa
FNDA:0,B
FNDA:0,o
FNDA:0,g
FNDA:0,(anonymous_13)
FNDA:0,(anonymous_14)
FNDA:0,i
FNDA:0,Q
FNDA:0,ae
FNDA:0,ad
FNDA:0,ai
FNDA:0,D
FNDA:0,c
FNDA:0,q
FNDA:0,d
FNDA:0,y
FNDA:0,b
FNDA:0,Y
FNDA:0,(anonymous_27)
FNDA:0,U
DA:1,0
LF:1
LH:0
BRDA:1,0,0,0
BRDA:1,0,1,0
BRDA:1,1,0,0
BRDA:1,1,1,0
BRDA:1,2,0,0
BRDA:1,2,1,0
BRDA:1,3,0,0
BRDA:1,3,1,0
BRDA:1,4,0,0
BRDA:1,4,1,0
BRDA:1,5,0,0
BRDA:1,5,1,0
BRDA:1,6,0,0
BRDA:1,6,1,0
BRDA:1,7,0,0
BRDA:1,7,1,0
BRDA:1,8,0,0
BRDA:1,8,1,0
BRDA:1,9,0,0
BRDA:1,9,1,0
BRDA:1,10,0,0
BRDA:1,10,1,0
BRDA:1,11,0,0
BRDA:1,11,1,0
BRDA:1,11,2,0
BRDA:1,11,3,0
BRDA:1,12,0,0
BRDA:1,12,1,0
BRDA:1,13,0,0
BRDA:1,13,1,0
BRDA:1,14,0,0
BRDA:1,14,1,0
BRDA:1,15,0,0
BRDA:1,15,1,0
BRDA:1,16,0,0
BRDA:1,16,1,0
BRDA:1,17,0,0
BRDA:1,17,1,0
BRDA:1,18,0,0
BRDA:1,18,1,0
BRDA:1,19,0,0
BRDA:1,19,1,0
BRDA:1,20,0,0
BRDA:1,20,1,0
BRDA:1,21,0,0
BRDA:1,21,1,0
BRDA:1,22,0,0
BRDA:1,22,1,0
BRDA:1,23,0,0
BRDA:1,23,1,0
BRDA:1,24,0,0
BRDA:1,24,1,0
BRDA:1,25,0,0
BRDA:1,25,1,0
BRDA:1,26,0,0
BRDA:1,26,1,0
BRDA:1,27,0,0
BRDA:1,27,1,0
BRDA:1,28,0,0
BRDA:1,28,1,0
BRDA:1,29,0,0
BRDA:1,29,1,0
BRDA:1,30,0,0
BRDA:1,30,1,0
BRDA:1,31,0,0
BRDA:1,31,1,0
BRDA:1,32,0,0
BRDA:1,32,1,0
BRDA:1,33,0,0
BRDA:1,33,1,0
BRDA:1,34,0,0
BRDA:1,34,1,0
BRDA:1,35,0,0
BRDA:1,35,1,0
BRDA:1,36,0,0
BRDA:1,36,1,0
BRDA:1,37,0,0
BRDA:1,37,1,0
BRDA:1,38,0,0
BRDA:1,38,1,0
BRDA:1,39,0,0
BRDA:1,39,1,0
BRDA:1,40,0,0
BRDA:1,40,1,0
BRDA:1,41,0,0
BRDA:1,41,1,0
BRDA:1,42,0,0
BRDA:1,42,1,0
BRDA:1,43,0,0
BRDA:1,43,1,0
BRDA:1,44,0,0
BRDA:1,44,1,0
BRDA:1,45,0,0
BRDA:1,45,1,0
BRDA:1,46,0,0
BRDA:1,46,1,0
BRDA:1,47,0,0
BRDA:1,47,1,0
BRDA:1,48,0,0
BRDA:1,48,1,0
BRDA:1,49,0,0
BRDA:1,49,1,0
BRDA:1,49,2,0
BRDA:1,50,0,0
BRDA:1,50,1,0
BRDA:1,51,0,0
BRDA:1,51,1,0
BRDA:1,52,0,0
BRDA:1,52,1,0
BRDA:1,53,0,0
BRDA:1,53,1,0
BRDA:1,54,0,0
BRDA:1,54,1,0
BRDA:1,55,0,0
BRDA:1,55,1,0
BRDA:1,56,0,0
BRDA:1,56,1,0
BRDA:1,57,0,0
BRDA:1,57,1,0
BRDA:1,58,0,0
BRDA:1,58,1,0
BRDA:1,59,0,0
BRDA:1,59,1,0
BRDA:1,60,0,0
BRDA:1,60,1,0
BRDA:1,61,0,0
BRDA:1,61,1,0
BRDA:1,62,0,0
BRDA:1,62,1,0
BRDA:1,63,0,0
BRDA:1,63,1,0
BRDA:1,64,0,0
BRDA:1,64,1,0
BRDA:1,65,0,0
BRDA:1,65,1,0
BRDA:1,66,0,0
BRDA:1,66,1,0
BRDA:1,67,0,0
BRDA:1,67,1,0
BRDA:1,68,0,0
BRDA:1,68,1,0
BRDA:1,69,0,0
BRDA:1,69,1,0
BRDA:1,70,0,0
BRDA:1,70,1,0
BRDA:1,71,0,0
BRDA:1,71,1,0
BRDA:1,72,0,0
BRDA:1,72,1,0
BRDA:1,73,0,0
BRDA:1,73,1,0
BRDA:1,74,0,0
BRDA:1,74,1,0
BRDA:1,75,0,0
BRDA:1,75,1,0
BRDA:1,76,0,0
BRDA:1,76,1,0
BRDA:1,77,0,0
BRDA:1,77,1,0
BRDA:1,78,0,0
BRDA:1,78,1,0
BRDA:1,79,0,0
BRDA:1,79,1,0
BRDA:1,80,0,0
BRDA:1,80,1,0
BRDA:1,81,0,0
BRDA:1,81,1,0
BRDA:1,82,0,0
BRDA:1,82,1,0
BRDA:1,83,0,0
BRDA:1,83,1,0
BRDA:1,84,0,0
BRDA:1,84,1,0
BRDA:1,85,0,0
BRDA:1,85,1,0
BRDA:1,86,0,0
BRDA:1,86,1,0
BRDA:1,87,0,0
BRDA:1,87,1,0
BRDA:1,88,0,0
BRDA:1,88,1,0
BRDA:1,88,2,0
BRDA:1,89,0,0
BRDA:1,89,1,0
BRDA:1,90,0,0
BRDA:1,90,1,0
BRDA:1,91,0,0
BRDA:1,91,1,0
BRDA:1,92,0,0
BRDA:1,92,1,0
BRDA:1,93,0,0
BRDA:1,93,1,0
BRDA:1,94,0,0
BRDA:1,94,1,0
BRDA:1,95,0,0
BRDA:1,95,1,0
BRDA:1,96,0,0
BRDA:1,96,1,0
BRDA:1,97,0,0
BRDA:1,97,1,0
BRDA:1,98,0,0
BRDA:1,98,1,0
BRDA:1,99,0,0
BRDA:1,99,1,0
BRDA:1,100,0,0
BRDA:1,100,1,0
BRDA:1,101,0,0
BRDA:1,101,1,0
BRDA:1,102,0,0
BRDA:1,102,1,0
BRDA:1,103,0,0
BRDA:1,103,1,0
BRDA:1,104,0,0
BRDA:1,104,1,0
BRDA:1,105,0,0
BRDA:1,105,1,0
BRDA:1,106,0,0
BRDA:1,106,1,0
BRDA:1,107,0,0
BRDA:1,107,1,0
BRDA:1,108,0,0
BRDA:1,108,1,0
BRDA:1,109,0,0
BRDA:1,109,1,0
BRDA:1,110,0,0
BRDA:1,110,1,0
BRDA:1,111,0,0
BRDA:1,111,1,0
BRDA:1,112,0,0
BRDA:1,112,1,0
BRDA:1,113,0,0
BRDA:1,113,1,0
BRDA:1,114,0,0
BRDA:1,114,1,0
BRDA:1,115,0,0
BRDA:1,115,1,0
BRDA:1,116,0,0
BRDA:1,116,1,0
BRDA:1,117,0,0
BRDA:1,117,1,0
BRDA:1,118,0,0
BRDA:1,118,1,0
BRDA:1,119,0,0
BRDA:1,119,1,0
BRDA:1,120,0,0
BRDA:1,120,1,0
BRDA:1,121,0,0
BRDA:1,121,1,0
BRDA:1,122,0,0
BRDA:1,122,1,0
BRDA:1,123,0,0
BRDA:1,123,1,0
BRDA:1,124,0,0
BRDA:1,124,1,0
BRDA:1,125,0,0
BRDA:1,125,1,0
BRDA:1,126,0,0
BRDA:1,126,1,0
BRDA:1,127,0,0
BRDA:1,127,1,0
BRDA:1,127,2,0
BRDA:1,128,0,0
BRDA:1,128,1,0
BRDA:1,129,0,0
BRDA:1,129,1,0
BRDA:1,130,0,0
BRDA:1,130,1,0
BRDA:1,130,2,0
BRDA:1,130,3,0
BRDA:1,130,4,0
BRDA:1,131,0,0
BRDA:1,131,1,0
BRDA:1,132,0,0
BRDA:1,132,1,0
BRDA:1,133,0,0
BRDA:1,133,1,0
BRDA:1,134,0,0
BRDA:1,134,1,0
BRDA:1,135,0,0
BRDA:1,135,1,0
BRDA:1,136,0,0
BRDA:1,136,1,0
BRDA:1,137,0,0
BRDA:1,137,1,0
BRF:284
BRH:0
end_of_record
TN:
SF:/Applications/MAMP/htdocs/vue-cli-test/test/coverage/lcov-report/sorter.js
FN:1,(anonymous_0)
FN:10,getTable
FN:12,getTableHeader
FN:14,getTableBody
FN:16,getNthColumn
FN:19,loadColumns
FN:43,loadRowData
FN:62,loadData
FN:71,sortByIndex
FN:73,(anonymous_9)
FN:85,(anonymous_10)
FN:102,removeSortIndicators
FN:110,addSortIndicators
FN:114,enableUI
FN:117,ithSorter
FN:120,(anonymous_15)
FN:147,(anonymous_16)
FNF:17
FNH:0
FNDA:0,(anonymous_0)
FNDA:0,getTable
FNDA:0,getTableHeader
FNDA:0,getTableBody
FNDA:0,getNthColumn
FNDA:0,loadColumns
FNDA:0,loadRowData
FNDA:0,loadData
FNDA:0,sortByIndex
FNDA:0,(anonymous_9)
FNDA:0,(anonymous_10)
FNDA:0,removeSortIndicators
FNDA:0,addSortIndicators
FNDA:0,enableUI
FNDA:0,ithSorter
FNDA:0,(anonymous_15)
FNDA:0,(anonymous_16)
DA:1,0
DA:4,0
DA:10,0
DA:12,0
DA:14,0
DA:16,0
DA:20,0
DA:22,0
DA:26,0
DA:27,0
DA:28,0
DA:33,0
DA:34,0
DA:35,0
DA:36,0
DA:39,0
DA:44,0
DA:47,0
DA:50,0
DA:51,0
DA:52,0
DA:53,0
DA:54,0
DA:55,0
DA:57,0
DA:59,0
DA:63,0
DA:66,0
DA:67,0
DA:72,0
DA:73,0
DA:74,0
DA:75,0
DA:76,0
DA:78,0
DA:79,0
DA:80,0
DA:81,0
DA:84,0
DA:85,0
DA:86,0
DA:90,0
DA:91,0
DA:92,0
DA:95,0
DA:97,0
DA:98,0
DA:103,0
DA:104,0
DA:106,0
DA:107,0
DA:111,0
DA:117,0
DA:118,0
DA:120,0
DA:121,0
DA:123,0
DA:124,0
DA:126,0
DA:127,0
DA:128,0
DA:129,0
DA:130,0
DA:133,0
DA:134,0
DA:137,0
DA:138,0
DA:139,0
DA:141,0
DA:147,0
DA:148,0
DA:149,0
DA:151,0
DA:152,0
DA:153,0
DA:154,0
DA:158,0
LF:77
LH:0
BRDA:31,0,0,0
BRDA:31,0,1,0
BRDA:34,1,0,0
BRDA:34,1,1,0
BRDA:54,2,0,0
BRDA:54,2,1,0
BRDA:76,3,0,0
BRDA:76,3,1,0
BRDA:76,4,0,0
BRDA:76,4,1,0
BRDA:84,5,0,0
BRDA:84,5,1,0
BRDA:111,6,0,0
BRDA:111,6,1,0
BRDA:123,7,0,0
BRDA:123,7,1,0
BRDA:134,8,0,0
BRDA:134,8,1,0
BRDA:138,9,0,0
BRDA:138,9,1,0
BRDA:148,10,0,0
BRDA:148,10,1,0
BRF:22
BRH:0
end_of_record
TN:
SF:/Applications/MAMP/htdocs/vue-cli-test/test/dist/static/js/app.b430b96b44130ca993f6.js
FN:1,(anonymous_0)
FN:1,(anonymous_1)
FN:1,(anonymous_2)
FN:1,(anonymous_3)
FN:1,(anonymous_4)
FN:1,(anonymous_5)
FN:1,(anonymous_6)
FN:1,(anonymous_7)
FN:1,(anonymous_8)
FN:1,(anonymous_9)
FN:1,(anonymous_10)
FN:1,(anonymous_11)
FN:1,(anonymous_12)
FN:1,(anonymous_13)
FN:1,(anonymous_14)
FN:1,(anonymous_15)
FN:1,(anonymous_16)
FN:1,(anonymous_17)
FN:1,(anonymous_18)
FN:1,(anonymous_19)
FN:1,(anonymous_20)
FN:1,(anonymous_21)
FN:1,(anonymous_22)
FN:1,(anonymous_23)
FN:1,(anonymous_24)
FN:1,(anonymous_25)
FN:1,(anonymous_26)
FN:1,(anonymous_27)
FN:1,(anonymous_28)
FN:1,(anonymous_29)
FN:1,(anonymous_30)
FN:1,(anonymous_31)
FN:1,(anonymous_32)
FN:1,(anonymous_33)
FN:1,(anonymous_34)
FN:1,(anonymous_35)
FN:1,(anonymous_36)
FN:1,(anonymous_37)
FN:1,(anonymous_38)
FN:1,(anonymous_39)
FN:1,(anonymous_40)
FN:1,(anonymous_41)
FN:1,(anonymous_42)
FN:1,(anonymous_43)
FN:1,(anonymous_44)
FN:1,(anonymous_45)
FN:1,(anonymous_46)
FN:1,(anonymous_47)
FN:1,(anonymous_48)
FN:1,(anonymous_49)
FN:1,(anonymous_50)
FN:1,(anonymous_51)
FN:1,(anonymous_52)
FN:1,t
FN:1,(anonymous_54)
FN:1,(anonymous_55)
FN:1,(anonymous_56)
FN:1,t
FN:1,(anonymous_58)
FN:1,(anonymous_59)
FN:1,(anonymous_60)
FN:1,t
FN:1,(anonymous_62)
FN:1,(anonymous_63)
FN:1,(anonymous_64)
FN:1,(anonymous_65)
FN:1,t
FN:1,(anonymous_67)
FN:1,(anonymous_68)
FN:1,(anonymous_69)
FN:1,(anonymous_70)
FN:1,(anonymous_71)
FN:1,(anonymous_72)
FN:1,(anonymous_73)
FN:1,(anonymous_74)
FN:1,(anonymous_75)
FN:1,(anonymous_76)
FN:1,(anonymous_77)
FN:1,(anonymous_78)
FN:1,(anonymous_79)
FN:1,(anonymous_80)
FN:1,(anonymous_81)
FN:1,(anonymous_82)
FN:1,(anonymous_83)
FN:1,e
FN:1,(anonymous_85)
FN:1,(anonymous_86)
FN:1,(anonymous_87)
FN:1,(anonymous_88)
FN:1,(anonymous_89)
FN:1,(anonymous_90)
FN:1,(anonymous_91)
FN:1,(anonymous_92)
FN:1,(anonymous_93)
FN:1,(anonymous_94)
FN:1,(anonymous_95)
FN:1,(anonymous_96)
FN:1,(anonymous_97)
FN:1,(anonymous_98)
FN:1,(anonymous_99)
FN:1,(anonymous_100)
FN:1,(anonymous_101)
FN:1,(anonymous_102)
FN:1,(anonymous_103)
FN:1,(anonymous_104)
FN:1,(anonymous_105)
FN:1,(anonymous_106)
FN:1,(anonymous_107)
FN:1,(anonymous_108)
FN:1,(anonymous_109)
FN:1,(anonymous_110)
FN:1,n
FN:1,r
FN:1,(anonymous_113)
FNF:114
FNH:0
FNDA:0,(anonymous_0)
FNDA:0,(anonymous_1)
FNDA:0,(anonymous_2)
FNDA:0,(anonymous_3)
FNDA:0,(anonymous_4)
FNDA:0,(anonymous_5)
FNDA:0,(anonymous_6)
FNDA:0,(anonymous_7)
FNDA:0,(anonymous_8)
FNDA:0,(anonymous_9)
FNDA:0,(anonymous_10)
FNDA:0,(anonymous_11)
FNDA:0,(anonymous_12)
FNDA:0,(anonymous_13)
FNDA:0,(anonymous_14)
FNDA:0,(anonymous_15)
FNDA:0,(anonymous_16)
FNDA:0,(anonymous_17)
FNDA:0,(anonymous_18)
FNDA:0,(anonymous_19)
FNDA:0,(anonymous_20)
FNDA:0,(anonymous_21)
FNDA:0,(anonymous_22)
FNDA:0,(anonymous_23)
FNDA:0,(anonymous_24)
FNDA:0,(anonymous_25)
FNDA:0,(anonymous_26)
FNDA:0,(anonymous_27)
FNDA:0,(anonymous_28)
FNDA:0,(anonymous_29)
FNDA:0,(anonymous_30)
FNDA:0,(anonymous_31)
FNDA:0,(anonymous_32)
FNDA:0,(anonymous_33)
FNDA:0,(anonymous_34)
FNDA:0,(anonymous_35)
FNDA:0,(anonymous_36)
FNDA:0,(anonymous_37)
FNDA:0,(anonymous_38)
FNDA:0,(anonymous_39)
FNDA:0,(anonymous_40)
FNDA:0,(anonymous_41)
FNDA:0,(anonymous_42)
FNDA:0,(anonymous_43)
FNDA:0,(anonymous_44)
FNDA:0,(anonymous_45)
FNDA:0,(anonymous_46)
FNDA:0,(anonymous_47)
FNDA:0,(anonymous_48)
FNDA:0,(anonymous_49)
FNDA:0,(anonymous_50)
FNDA:0,(anonymous_51)
FNDA:0,(anonymous_52)
FNDA:0,t
FNDA:0,(anonymous_54)
FNDA:0,(anonymous_55)
FNDA:0,(anonymous_56)
FNDA:0,t
FNDA:0,(anonymous_58)
FNDA:0,(anonymous_59)
FNDA:0,(anonymous_60)
FNDA:0,t
FNDA:0,(anonymous_62)
FNDA:0,(anonymous_63)
FNDA:0,(anonymous_64)
FNDA:0,(anonymous_65)
FNDA:0,t
FNDA:0,(anonymous_67)
FNDA:0,(anonymous_68)
FNDA:0,(anonymous_69)
FNDA:0,(anonymous_70)
FNDA:0,(anonymous_71)
FNDA:0,(anonymous_72)
FNDA:0,(anonymous_73)
FNDA:0,(anonymous_74)
FNDA:0,(anonymous_75)
FNDA:0,(anonymous_76)
FNDA:0,(anonymous_77)
FNDA:0,(anonymous_78)
FNDA:0,(anonymous_79)
FNDA:0,(anonymous_80)
FNDA:0,(anonymous_81)
FNDA:0,(anonymous_82)
FNDA:0,(anonymous_83)
FNDA:0,e
FNDA:0,(anonymous_85)
FNDA:0,(anonymous_86)
FNDA:0,(anonymous_87)
FNDA:0,(anonymous_88)
FNDA:0,(anonymous_89)
FNDA:0,(anonymous_90)
FNDA:0,(anonymous_91)
FNDA:0,(anonymous_92)
FNDA:0,(anonymous_93)
FNDA:0,(anonymous_94)
FNDA:0,(anonymous_95)
FNDA:0,(anonymous_96)
FNDA:0,(anonymous_97)
FNDA:0,(anonymous_98)
FNDA:0,(anonymous_99)
FNDA:0,(anonymous_100)
FNDA:0,(anonymous_101)
FNDA:0,(anonymous_102)
FNDA:0,(anonymous_103)
FNDA:0,(anonymous_104)
FNDA:0,(anonymous_105)
FNDA:0,(anonymous_106)
FNDA:0,(anonymous_107)
FNDA:0,(anonymous_108)
FNDA:0,(anonymous_109)
FNDA:0,(anonymous_110)
FNDA:0,n
FNDA:0,r
FNDA:0,(anonymous_113)
DA:1,0
LF:1
LH:0
BRDA:1,0,0,0
BRDA:1,0,1,0
BRDA:1,1,0,0
BRDA:1,1,1,0
BRDA:1,2,0,0
BRDA:1,2,1,0
BRDA:1,3,0,0
BRDA:1,3,1,0
BRDA:1,4,0,0
BRDA:1,4,1,0
BRDA:1,5,0,0
BRDA:1,5,1,0
BRDA:1,6,0,0
BRDA:1,6,1,0
BRDA:1,7,0,0
BRDA:1,7,1,0
BRDA:1,8,0,0
BRDA:1,8,1,0
BRDA:1,9,0,0
BRDA:1,9,1,0
BRDA:1,10,0,0
BRDA:1,10,1,0
BRDA:1,11,0,0
BRDA:1,11,1,0
BRDA:1,12,0,0
BRDA:1,12,1,0
BRDA:1,13,0,0
BRDA:1,13,1,0
BRDA:1,13,2,0
BRDA:1,13,3,0
BRDA:1,14,0,0
BRDA:1,14,1,0
BRDA:1,14,2,0
BRDA:1,14,3,0
BRDA:1,15,0,0
BRDA:1,15,1,0
BRDA:1,15,2,0
BRDA:1,16,0,0
BRDA:1,16,1,0
BRDA:1,16,2,0
BRDA:1,17,0,0
BRDA:1,17,1,0
BRDA:1,17,2,0
BRDA:1,18,0,0
BRDA:1,18,1,0
BRDA:1,18,2,0
BRDA:1,18,3,0
BRDA:1,18,4,0
BRDA:1,18,5,0
BRDA:1,18,6,0
BRDA:1,18,7,0
BRDA:1,18,8,0
BRDA:1,19,0,0
BRDA:1,19,1,0
BRDA:1,20,0,0
BRDA:1,20,1,0
BRDA:1,21,0,0
BRDA:1,21,1,0
BRDA:1,22,0,0
BRDA:1,22,1,0
BRDA:1,23,0,0
BRDA:1,23,1,0
BRDA:1,24,0,0
BRDA:1,24,1,0
BRDA:1,25,0,0
BRDA:1,25,1,0
BRDA:1,26,0,0
BRDA:1,26,1,0
BRDA:1,27,0,0
BRDA:1,27,1,0
BRDA:1,28,0,0
BRDA:1,28,1,0
BRDA:1,29,0,0
BRDA:1,29,1,0
BRF:74
BRH:0
end_of_record
TN:
SF:/Applications/MAMP/htdocs/vue-cli-test/test/dist/static/js/manifest.2ae2e69a05c33dfc65f8.js
FN:1,(anonymous_0)
FN:1,(anonymous_1)
FN:1,t
FN:1,(anonymous_3)
FN:1,(anonymous_4)
FN:1,(anonymous_5)
FN:1,(anonymous_6)
FN:1,(anonymous_7)
FN:1,(anonymous_8)
FNF:9
FNH:0
FNDA:0,(anonymous_0)
FNDA:0,(anonymous_1)
FNDA:0,t
FNDA:0,(anonymous_3)
FNDA:0,(anonymous_4)
FNDA:0,(anonymous_5)
FNDA:0,(anonymous_6)
FNDA:0,(anonymous_7)
FNDA:0,(anonymous_8)
DA:1,0
LF:1
LH:0
BRDA:1,0,0,0
BRDA:1,0,1,0
BRDA:1,1,0,0
BRDA:1,1,1,0
BRDA:1,2,0,0
BRDA:1,2,1,0
BRDA:1,3,0,0
BRDA:1,3,1,0
BRDA:1,4,0,0
BRDA:1,4,1,0
BRDA:1,5,0,0
BRDA:1,5,1,0
BRDA:1,6,0,0
BRDA:1,6,1,0
BRF:14
BRH:0
end_of_record
TN:
SF:/Applications/MAMP/htdocs/vue-cli-test/test/dist/static/js/vendor.b130482ab36abb9fd335.js
FN:1,(anonymous_0)
FN:1,(anonymous_1)
FN:3,t
FN:3,(anonymous_3)
FN:3,(anonymous_4)
FN:3,(anonymous_5)
FN:3,(anonymous_6)
FN:3,(anonymous_7)
FN:5,(anonymous_8)
FN:5,(anonymous_9)
FN:5,(anonymous_10)
FN:5,(anonymous_11)
FN:5,(anonymous_12)
FN:5,(anonymous_13)
FN:5,(anonymous_14)
FN:5,(anonymous_15)
FN:5,(anonymous_16)
FN:5,(anonymous_17)
FN:5,(anonymous_18)
FN:5,(anonymous_19)
FN:7,(anonymous_20)
FN:7,(anonymous_21)
FN:7,(anonymous_22)
FN:7,(anonymous_23)
FN:7,(anonymous_24)
FN:9,(anonymous_25)
FN:9,(anonymous_26)
FN:9,(anonymous_27)
FN:9,(anonymous_28)
FN:9,(anonymous_29)
FN:9,(anonymous_30)
FN:9,(anonymous_31)
FN:9,(anonymous_32)
FN:9,(anonymous_33)
FN:9,(anonymous_34)
FN:9,(anonymous_35)
FN:11,n
FN:11,a
FN:11,r
FN:11,i
FN:11,(anonymous_40)
FN:11,(anonymous_41)
FN:11,(anonymous_42)
FN:11,(anonymous_43)
FN:13,(anonymous_44)
FN:13,(anonymous_45)
FN:13,(anonymous_46)
FN:13,(anonymous_47)
FN:13,(anonymous_48)
FN:15,(anonymous_49)
FN:15,(anonymous_50)
FN:17,(anonymous_51)
FN:17,(anonymous_52)
FN:17,(anonymous_53)
FN:17,(anonymous_54)
FN:17,(anonymous_55)
FN:17,(anonymous_56)
FN:17,(anonymous_57)
FN:22,a
FN:22,r
FN:22,(anonymous_60)
FN:22,(anonymous_61)
FN:22,u
FN:22,(anonymous_63)
FN:22,c
FN:22,(anonymous_65)
FN:22,h
FN:22,(anonymous_67)
FN:22,(anonymous_68)
FN:22,(anonymous_69)
FN:22,p
FN:22,(anonymous_71)
FN:22,m
FN:22,g
FN:22,y
FN:22,_
FN:22,(anonymous_76)
FN:22,b
FN:22,(anonymous_78)
FN:22,(anonymous_79)
FN:22,(anonymous_80)
FN:22,(anonymous_81)
FN:22,L
FN:22,(anonymous_83)
FN:22,w
FN:22,z
FN:22,(anonymous_86)
FN:22,(anonymous_87)
FN:22,O
FN:22,C
FN:22,(anonymous_90)
FN:22,V
FN:22,(anonymous_92)
FN:22,(anonymous_93)
FN:22,B
FN:22,P
FN:22,Y
FN:22,I
FN:22,F
FN:22,j
FN:22,(anonymous_100)
FN:22,(anonymous_101)
FN:22,(anonymous_102)
FN:22,R
FN:22,$
FN:22,(anonymous_105)
FN:22,(anonymous_106)
FN:22,(anonymous_107)
FN:22,(anonymous_108)
FN:22,(anonymous_109)
FN:22,(anonymous_110)
FN:22,(anonymous_111)
FN:22,(anonymous_112)
FN:22,e
FN:22,q
FN:22,K
FN:22,(anonymous_116)
FN:22,(anonymous_117)
FN:22,(anonymous_118)
FN:22,(anonymous_119)
FN:22,(anonymous_120)
FN:22,(anonymous_121)
FN:22,Z
FN:22,(anonymous_123)
FN:22,e
FN:22,(anonymous_125)
FN:22,(anonymous_126)
FN:22,(anonymous_127)
FN:22,Q
FN:22,o
FN:22,(anonymous_130)
FN:22,(anonymous_131)
FN:22,l
FN:22,(anonymous_133)
FN:22,s
FN:22,(anonymous_135)
FN:22,(anonymous_136)
FN:22,ee
FN:22,ne
FN:22,re
FN:22,ie
FN:22,le
FN:22,(anonymous_142)
FN:22,se
FN:22,(anonymous_144)
FN:22,(anonymous_145)
FN:22,(anonymous_146)
FN:22,(anonymous_147)
FN:22,ue
FN:22,de
FN:22,ce
FN:22,he
FN:22,fe
FN:22,me
FN:22,(anonymous_154)
FN:22,ye
FN:22,_e
FN:22,be
FN:22,(anonymous_158)
FN:22,(anonymous_159)
FN:22,Le
FN:22,(anonymous_161)
FN:22,(anonymous_162)
FN:22,we
FN:22,ze
FN:22,Se
FN:22,He
FN:22,Te
FN:22,(anonymous_168)
FN:22,(anonymous_169)
FN:22,(anonymous_170)
FN:22,(anonymous_171)
FN:22,xe
FN:22,(anonymous_173)
FN:22,(anonymous_174)
FN:22,De
FN:22,Oe
FN:22,(anonymous_177)
FN:22,(anonymous_178)
FN:22,(anonymous_179)
FN:22,Ve
FN:22,(anonymous_181)
FN:22,(anonymous_182)
FN:22,(anonymous_183)
FN:22,Be
FN:22,(anonymous_185)
FN:22,(anonymous_186)
FN:22,(anonymous_187)
FN:22,(anonymous_188)
FN:22,(anonymous_189)
FN:22,(anonymous_190)
FN:22,(anonymous_191)
FN:22,(anonymous_192)
FN:22,(anonymous_193)
FN:22,(anonymous_194)
FN:22,(anonymous_195)
FN:22,(anonymous_196)
FN:22,(anonymous_197)
FN:22,(anonymous_198)
FN:22,(anonymous_199)
FN:22,(anonymous_200)
FN:22,(anonymous_201)
FN:22,(anonymous_202)
FN:22,(anonymous_203)
FN:22,(anonymous_204)
FN:22,(anonymous_205)
FN:22,(anonymous_206)
FN:22,(anonymous_207)
FN:22,(anonymous_208)
FN:22,(anonymous_209)
FN:22,(anonymous_210)
FN:22,(anonymous_211)
FN:22,(anonymous_212)
FN:22,(anonymous_213)
FN:22,(anonymous_214)
FN:22,(anonymous_215)
FN:22,(anonymous_216)
FN:22,(anonymous_217)
FN:22,(anonymous_218)
FN:22,t
FN:22,(anonymous_220)
FN:22,(anonymous_221)
FN:22,(anonymous_222)
FN:22,(anonymous_223)
FN:22,(anonymous_224)
FN:22,(anonymous_225)
FN:22,(anonymous_226)
FN:22,(anonymous_227)
FN:22,(anonymous_228)
FN:22,(anonymous_229)
FN:22,(anonymous_230)
FN:22,Ye
FN:22,(anonymous_232)
FN:22,t
FN:22,(anonymous_234)
FN:22,(anonymous_235)
FN:22,(anonymous_236)
FN:22,(anonymous_237)
FN:22,(anonymous_238)
FN:22,(anonymous_239)
FN:22,(anonymous_240)
FN:22,(anonymous_241)
FN:22,(anonymous_242)
FN:22,(anonymous_243)
FN:22,(anonymous_244)
FN:22,(anonymous_245)
FN:22,Fe
FN:22,je
FN:22,Ee
FN:22,Re
FN:22,$e
FN:22,(anonymous_251)
FN:22,t
FN:22,(anonymous_253)
FN:22,(anonymous_254)
FN:22,(anonymous_255)
FN:22,(anonymous_256)
FN:22,(anonymous_257)
FN:22,(anonymous_258)
FN:22,(anonymous_259)
FN:22,(anonymous_260)
FN:22,(anonymous_261)
FN:22,(anonymous_262)
FN:22,(anonymous_263)
FN:22,Ge
FN:22,(anonymous_265)
FN:22,(anonymous_266)
FN:22,(anonymous_267)
FN:22,(anonymous_268)
FN:22,(anonymous_269)
FN:22,(anonymous_270)
FN:22,(anonymous_271)
FN:22,(anonymous_272)
FN:22,(anonymous_273)
FN:22,(anonymous_274)
FN:22,(anonymous_275)
FN:22,(anonymous_276)
FN:22,(anonymous_277)
FN:22,(anonymous_278)
FN:22,(anonymous_279)
FN:22,(anonymous_280)
FN:22,(anonymous_281)
FN:22,(anonymous_282)
FN:22,(anonymous_283)
FN:22,(anonymous_284)
FN:22,(anonymous_285)
FN:22,(anonymous_286)
FN:22,(anonymous_287)
FN:22,(anonymous_288)
FN:22,(anonymous_289)
FN:22,(anonymous_290)
FN:22,(anonymous_291)
FN:22,(anonymous_292)
FN:22,(anonymous_293)
FN:24,(anonymous_294)
FN:24,(anonymous_295)
FN:24,(anonymous_296)
FN:24,(anonymous_297)
FN:24,(anonymous_298)
FN:26,(anonymous_299)
FN:26,(anonymous_300)
FN:26,(anonymous_301)
FN:26,(anonymous_302)
FN:26,(anonymous_303)
FN:26,(anonymous_304)
FN:26,(anonymous_305)
FN:26,(anonymous_306)
FN:26,(anonymous_307)
FN:26,(anonymous_308)
FN:26,(anonymous_309)
FN:26,(anonymous_310)
FN:28,(anonymous_311)
FN:28,(anonymous_312)
FN:28,(anonymous_313)
FN:28,(anonymous_314)
FN:28,(anonymous_315)
FN:28,(anonymous_316)
FN:28,(anonymous_317)
FN:28,(anonymous_318)
FN:30,t
FN:30,(anonymous_320)
FN:30,(anonymous_321)
FN:30,(anonymous_322)
FN:30,(anonymous_323)
FN:32,(anonymous_324)
FN:32,(anonymous_325)
FN:32,(anonymous_326)
FN:32,(anonymous_327)
FN:32,(anonymous_328)
FN:32,(anonymous_329)
FN:32,(anonymous_330)
FN:32,(anonymous_331)
FN:32,(anonymous_332)
FN:32,(anonymous_333)
FN:32,(anonymous_334)
FN:32,(anonymous_335)
FN:34,(anonymous_336)
FN:34,(anonymous_337)
FN:34,(anonymous_338)
FN:34,(anonymous_339)
FN:36,(anonymous_340)
FN:36,(anonymous_341)
FN:36,(anonymous_342)
FN:38,(anonymous_343)
FN:38,(anonymous_344)
FN:38,(anonymous_345)
FN:38,(anonymous_346)
FN:38,(anonymous_347)
FN:38,(anonymous_348)
FN:38,(anonymous_349)
FN:38,(anonymous_350)
FN:38,(anonymous_351)
FN:38,(anonymous_352)
FN:38,(anonymous_353)
FN:38,(anonymous_354)
FN:38,(anonymous_355)
FN:40,t
FN:40,(anonymous_357)
FN:40,(anonymous_358)
FN:40,(anonymous_359)
FN:40,(anonymous_360)
FN:40,(anonymous_361)
FN:40,(anonymous_362)
FN:40,(anonymous_363)
FN:40,(anonymous_364)
FN:40,(anonymous_365)
FN:40,(anonymous_366)
FN:40,(anonymous_367)
FN:42,(anonymous_368)
FN:42,(anonymous_369)
FN:44,(anonymous_370)
FN:44,(anonymous_371)
FN:44,(anonymous_372)
FN:44,(anonymous_373)
FN:44,(anonymous_374)
FN:44,(anonymous_375)
FN:44,(anonymous_376)
FN:44,(anonymous_377)
FN:46,(anonymous_378)
FN:46,(anonymous_379)
FN:46,(anonymous_380)
FN:46,(anonymous_381)
FN:46,(anonymous_382)
FN:46,(anonymous_383)
FN:46,(anonymous_384)
FN:46,(anonymous_385)
FN:48,a
FN:48,(anonymous_387)
FN:48,(anonymous_388)
FN:48,(anonymous_389)
FN:48,(anonymous_390)
FN:48,(anonymous_391)
FN:48,(anonymous_392)
FN:48,(anonymous_393)
FN:48,(anonymous_394)
FN:50,(anonymous_395)
FN:50,(anonymous_396)
FN:50,(anonymous_397)
FN:56,a
FN:56,r
FN:56,i
FN:56,o
FN:56,l
FN:56,u
FN:56,d
FN:56,c
FN:56,h
FN:56,f
FN:56,p
FN:56,m
FN:56,(anonymous_410)
FN:56,(anonymous_411)
FN:56,y
FN:56,b
FN:56,M
FN:56,(anonymous_415)
FN:56,(anonymous_416)
FN:56,(anonymous_417)
FN:56,(anonymous_418)
FN:56,(anonymous_419)
FN:56,(anonymous_420)
FN:56,(anonymous_421)
FN:56,n
FN:56,T
FN:56,x
FN:56,D
FN:56,A
FN:56,(anonymous_427)
FN:56,(anonymous_428)
FN:56,V
FN:56,(anonymous_430)
FN:56,(anonymous_431)
FN:56,B
FN:56,P
FN:56,(anonymous_434)
FN:56,R
FN:56,$
FN:56,(anonymous_437)
FN:56,(anonymous_438)
FN:56,le
FN:56,(anonymous_440)
FN:56,e
FN:56,(anonymous_442)
FN:56,(anonymous_443)
FN:56,(anonymous_444)
FN:56,(anonymous_445)
FN:56,(anonymous_446)
FN:56,(anonymous_447)
FN:56,(anonymous_448)
FN:56,(anonymous_449)
FN:56,pe
FN:56,me
FN:56,(anonymous_452)
FN:56,(anonymous_453)
FN:56,(anonymous_454)
FN:56,_e
FN:56,be
FN:56,(anonymous_457)
FN:56,(anonymous_458)
FN:56,ke
FN:56,(anonymous_460)
FN:56,(anonymous_461)
FN:56,He
FN:56,Te
FN:56,(anonymous_464)
FN:56,e
FN:56,(anonymous_466)
FN:56,xe
FN:56,De
FN:56,(anonymous_469)
FN:56,(anonymous_470)
FN:56,Oe
FN:56,Ce
FN:56,(anonymous_473)
FN:56,(anonymous_474)
FN:56,Ve
FN:56,(anonymous_476)
FN:56,Be
FN:56,(anonymous_478)
FN:56,(anonymous_479)
FN:56,(anonymous_480)
FN:56,(anonymous_481)
FN:56,(anonymous_482)
FN:56,(anonymous_483)
FN:56,Ye
FN:56,(anonymous_485)
FN:56,(anonymous_486)
FN:56,(anonymous_487)
FN:56,l
FN:56,Ie
FN:56,Fe
FN:56,(anonymous_491)
FN:56,je
FN:56,Ee
FN:56,Re
FN:56,$e
FN:56,Ne
FN:56,(anonymous_497)
FN:56,We
FN:56,Ue
FN:56,Xe
FN:56,(anonymous_501)
FN:56,(anonymous_502)
FN:56,(anonymous_503)
FN:56,(anonymous_504)
FN:56,nt
FN:56,(anonymous_506)
FN:56,(anonymous_507)
FN:56,rt
FN:56,e
FN:56,(anonymous_510)
FN:56,ot
FN:56,n
FN:56,lt
FN:56,st
FN:56,s
FN:56,ut
FN:56,dt
FN:56,e
FN:56,ct
FN:56,ht
FN:56,ft
FN:56,pt
FN:56,mt
FN:56,vt
FN:56,(anonymous_525)
FN:56,gt
FN:56,(anonymous_527)
FN:56,yt
FN:56,_t
FN:56,bt
FN:56,Mt
FN:56,Lt
FN:56,wt
FN:56,(anonymous_534)
FN:56,(anonymous_535)
FN:56,zt
FN:56,kt
FN:56,St
FN:56,Ht
FN:56,Tt
FN:56,xt
FN:56,Dt
FN:56,At
FN:56,Ot
FN:56,Ct
FN:56,(anonymous_546)
FN:56,(anonymous_547)
FN:56,(anonymous_548)
FN:56,(anonymous_549)
FN:56,Vt
FN:56,Bt
FN:56,(anonymous_552)
FN:56,(anonymous_553)
FN:56,(anonymous_554)
FN:56,(anonymous_555)
FN:56,(anonymous_556)
FN:56,(anonymous_557)
FN:56,e
FN:56,It
FN:56,(anonymous_560)
FN:56,(anonymous_561)
FN:56,(anonymous_562)
FN:56,(anonymous_563)
FN:56,(anonymous_564)
FN:56,(anonymous_565)
FN:56,(anonymous_566)
FN:56,(anonymous_567)
FN:56,(anonymous_568)
FN:56,(anonymous_569)
FN:56,(anonymous_570)
FN:56,(anonymous_571)
FN:56,Ft
FN:56,(anonymous_573)
FN:56,Rt
FN:56,(anonymous_575)
FN:56,(anonymous_576)
FN:56,e
FN:56,(anonymous_578)
FN:56,Wt
FN:56,Ut
FN:56,Gt
FN:56,Jt
FN:56,qt
FN:56,Kt
FN:56,a
FN:56,Xt
FN:56,Qt
FN:56,(anonymous_588)
FN:56,en
FN:56,tn
FN:56,nn
FN:56,(anonymous_592)
FN:56,fn
FN:56,(anonymous_594)
FN:56,(anonymous_595)
FN:56,(anonymous_596)
FN:56,(anonymous_597)
FN:56,(anonymous_598)
FN:56,(anonymous_599)
FN:56,(anonymous_600)
FN:56,(anonymous_601)
FN:56,(anonymous_602)
FN:56,(anonymous_603)
FN:56,(anonymous_604)
FN:56,(anonymous_605)
FN:56,(anonymous_606)
FN:56,(anonymous_607)
FN:56,(anonymous_608)
FN:56,gn
FN:56,(anonymous_610)
FN:56,(anonymous_611)
FN:56,yn
FN:56,(anonymous_613)
FN:56,(anonymous_614)
FN:56,(anonymous_615)
FN:56,(anonymous_616)
FN:56,(anonymous_617)
FN:56,(anonymous_618)
FN:56,(anonymous_619)
FN:56,bn
FN:56,Mn
FN:56,(anonymous_622)
FN:56,Ln
FN:56,(anonymous_624)
FN:56,wn
FN:56,kn
FN:56,(anonymous_627)
FN:56,Sn
FN:56,Hn
FN:56,(anonymous_630)
FN:56,(anonymous_631)
FN:56,(anonymous_632)
FN:56,(anonymous_633)
FN:56,(anonymous_634)
FN:56,Tn
FN:56,xn
FN:56,Dn
FN:56,An
FN:56,(anonymous_639)
FN:56,(anonymous_640)
FN:56,(anonymous_641)
FN:56,(anonymous_642)
FN:56,(anonymous_643)
FN:56,(anonymous_644)
FN:56,(anonymous_645)
FN:56,(anonymous_646)
FN:56,(anonymous_647)
FN:56,(anonymous_648)
FN:56,(anonymous_649)
FN:56,(anonymous_650)
FN:56,(anonymous_651)
FN:56,(anonymous_652)
FN:56,(anonymous_653)
FN:56,(anonymous_654)
FN:56,(anonymous_655)
FN:56,(anonymous_656)
FN:56,(anonymous_657)
FN:56,a
FN:56,(anonymous_659)
FN:56,(anonymous_660)
FN:56,(anonymous_661)
FN:56,(anonymous_662)
FN:56,(anonymous_663)
FN:56,(anonymous_664)
FN:56,(anonymous_665)
FN:56,(anonymous_666)
FN:56,(anonymous_667)
FN:56,(anonymous_668)
FN:56,(anonymous_669)
FN:56,(anonymous_670)
FN:56,(anonymous_671)
FN:56,(anonymous_672)
FN:56,(anonymous_673)
FN:56,(anonymous_674)
FN:56,(anonymous_675)
FN:56,(anonymous_676)
FN:56,(anonymous_677)
FN:56,(anonymous_678)
FN:56,(anonymous_679)
FN:56,(anonymous_680)
FN:56,(anonymous_681)
FN:56,(anonymous_682)
FN:56,(anonymous_683)
FN:56,(anonymous_684)
FN:56,(anonymous_685)
FN:56,(anonymous_686)
FN:56,(anonymous_687)
FN:56,(anonymous_688)
FN:56,(anonymous_689)
FN:56,(anonymous_690)
FN:56,(anonymous_691)
FN:56,(anonymous_692)
FN:56,Wn
FN:56,(anonymous_694)
FN:56,Un
FN:56,Gn
FN:56,Jn
FN:56,(anonymous_698)
FN:56,(anonymous_699)
FN:56,(anonymous_700)
FN:56,Qn
FN:56,na
FN:56,(anonymous_703)
FN:56,(anonymous_704)
FN:56,(anonymous_705)
FN:56,(anonymous_706)
FN:56,(anonymous_707)
FN:56,(anonymous_708)
FN:56,(anonymous_709)
FN:56,(anonymous_710)
FN:56,(anonymous_711)
FN:56,(anonymous_712)
FN:56,(anonymous_713)
FN:56,(anonymous_714)
FN:56,(anonymous_715)
FN:56,(anonymous_716)
FN:56,(anonymous_717)
FN:56,ia
FN:56,sa
FN:56,(anonymous_720)
FN:56,ua
FN:56,(anonymous_722)
FN:56,ca
FN:56,(anonymous_724)
FN:56,(anonymous_725)
FN:56,(anonymous_726)
FN:56,fa
FN:56,pa
FN:56,ma
FN:56,ga
FN:56,ya
FN:56,_a
FN:56,(anonymous_733)
FN:56,Ma
FN:56,Da
FN:56,v
FN:56,Aa
FN:56,Oa
FN:56,Ca
FN:56,(anonymous_740)
FN:56,(anonymous_741)
FN:56,Va
FN:56,Ba
FN:56,Pa
FN:56,Ya
FN:56,Ia
FN:56,Fa
FN:56,ja
FN:56,Ea
FN:56,Ra
FN:56,$a
FN:56,Na
FN:56,Wa
FN:56,Ua
FN:56,(anonymous_755)
FN:56,Ga
FN:56,Ja
FN:56,qa
FN:56,Ka
FN:56,Xa
FN:56,tr
FN:56,r
FN:56,ar
FN:56,(anonymous_764)
FN:56,rr
FN:56,ir
FN:56,(anonymous_767)
FN:56,sr
FN:56,ur
FN:56,(anonymous_770)
FN:56,(anonymous_771)
FN:56,(anonymous_772)
FN:56,(anonymous_773)
FN:56,hr
FN:56,fr
FN:56,(anonymous_776)
FN:56,(anonymous_777)
FN:56,br
FN:56,(anonymous_779)
FN:56,wr
FN:56,(anonymous_781)
FN:56,zr
FN:56,(anonymous_783)
FN:56,kr
FN:56,(anonymous_785)
FN:56,(anonymous_786)
FN:56,Br
FN:56,(anonymous_788)
FN:56,Pr
FN:56,Yr
FN:56,Ir
FN:56,(anonymous_792)
FN:56,(anonymous_793)
FN:56,(anonymous_794)
FN:56,jr
FN:56,Er
FN:56,(anonymous_797)
FN:56,Rr
FN:56,$r
FN:56,(anonymous_800)
FN:56,(anonymous_801)
FN:56,(anonymous_802)
FN:56,Nr
FN:56,(anonymous_804)
FN:56,w
FN:56,(anonymous_806)
FN:56,Wr
FN:56,Ur
FN:56,Gr
FN:56,(anonymous_810)
FN:56,d
FN:56,c
FN:56,(anonymous_813)
FN:56,(anonymous_814)
FN:56,h
FN:56,f
FN:56,p
FN:56,v
FN:56,g
FN:56,y
FN:56,_
FN:56,b
FN:56,M
FN:56,L
FN:56,(anonymous_825)
FN:56,n
FN:56,w
FN:56,z
FN:56,(anonymous_829)
FN:56,k
FN:56,H
FN:56,(anonymous_832)
FN:56,(anonymous_833)
FN:56,(anonymous_834)
FN:56,(anonymous_835)
FN:56,(anonymous_836)
FN:56,(anonymous_837)
FN:56,(anonymous_838)
FN:56,(anonymous_839)
FN:56,Kr
FN:56,(anonymous_841)
FN:56,Xr
FN:56,Zr
FN:56,(anonymous_844)
FN:56,Qr
FN:56,ei
FN:56,ti
FN:56,ni
FN:56,ai
FN:56,(anonymous_850)
FN:56,(anonymous_851)
FN:56,(anonymous_852)
FN:56,(anonymous_853)
FN:56,(anonymous_854)
FN:56,(anonymous_855)
FN:56,oi
FN:56,li
FN:56,si
FN:56,(anonymous_859)
FN:56,(anonymous_860)
FN:56,(anonymous_861)
FN:56,(anonymous_862)
FN:56,(anonymous_863)
FN:56,(anonymous_864)
FN:56,(anonymous_865)
FN:56,(anonymous_866)
FN:56,fi
FN:56,pi
FN:56,mi
FN:56,(anonymous_870)
FN:56,(anonymous_871)
FN:56,(anonymous_872)
FN:56,(anonymous_873)
FN:56,(anonymous_874)
FN:56,e
FN:56,(anonymous_876)
FN:56,(anonymous_877)
FN:56,(anonymous_878)
FN:56,(anonymous_879)
FN:56,(anonymous_880)
FN:56,(anonymous_881)
FN:56,(anonymous_882)
FN:56,(anonymous_883)
FN:56,(anonymous_884)
FN:56,bi
FN:56,(anonymous_886)
FN:56,(anonymous_887)
FN:56,(anonymous_888)
FN:56,(anonymous_889)
FN:56,(anonymous_890)
FN:56,(anonymous_891)
FN:56,Wi
FN:56,(anonymous_893)
FN:56,mo
FN:56,(anonymous_895)
FN:56,vo
FN:56,(anonymous_897)
FN:56,d
FN:56,(anonymous_899)
FN:56,(anonymous_900)
FN:56,c
FN:56,(anonymous_902)
FN:56,(anonymous_903)
FN:56,w
FN:56,z
FN:56,k
FN:56,S
FN:56,(anonymous_908)
FN:56,(anonymous_909)
FN:56,(anonymous_910)
FN:56,(anonymous_911)
FN:56,(anonymous_912)
FN:56,(anonymous_913)
FN:56,(anonymous_914)
FN:56,(anonymous_915)
FN:56,(anonymous_916)
FN:56,go
FN:56,(anonymous_918)
FN:56,(anonymous_919)
FN:56,(anonymous_920)
FN:56,(anonymous_921)
FN:56,(anonymous_922)
FN:56,(anonymous_923)
FN:56,(anonymous_924)
FN:56,yo
FN:56,(anonymous_926)
FN:56,_o
FN:56,bo
FN:56,Mo
FN:56,(anonymous_930)
FN:56,zo
FN:56,(anonymous_932)
FN:56,(anonymous_933)
FN:56,(anonymous_934)
FN:56,(anonymous_935)
FN:56,(anonymous_936)
FN:56,(anonymous_937)
FN:56,(anonymous_938)
FN:56,(anonymous_939)
FN:56,(anonymous_940)
FN:56,(anonymous_941)
FN:56,(anonymous_942)
FN:56,(anonymous_943)
FN:56,Do
FN:56,e
FN:56,(anonymous_946)
FN:56,(anonymous_947)
FN:56,e
FN:56,(anonymous_949)
FN:56,Io
FN:56,Fo
FN:56,(anonymous_952)
FN:56,(anonymous_953)
FN:56,(anonymous_954)
FN:56,(anonymous_955)
FN:56,jo
FN:56,(anonymous_957)
FN:56,(anonymous_958)
FN:56,(anonymous_959)
FN:56,(anonymous_960)
FN:56,(anonymous_961)
FN:56,(anonymous_962)
FN:56,$o
FN:56,No
FN:56,(anonymous_965)
FN:56,(anonymous_966)
FN:56,(anonymous_967)
FN:56,Wo
FN:56,Uo
FN:56,Go
FN:56,e
FN:56,o
FN:56,Jo
FN:56,qo
FN:56,(anonymous_975)
FN:56,(anonymous_976)
FN:56,(anonymous_977)
FN:56,(anonymous_978)
FN:56,(anonymous_979)
FN:56,(anonymous_980)
FN:56,(anonymous_981)
FN:56,Ko
FN:56,Xo
FN:56,Zo
FN:56,(anonymous_985)
FN:56,(anonymous_986)
FN:56,(anonymous_987)
FN:56,(anonymous_988)
FN:56,Qo
FN:56,el
FN:56,tl
FN:56,nl
FN:56,al
FN:56,rl
FN:56,(anonymous_995)
FN:56,(anonymous_996)
FN:56,(anonymous_997)
FN:56,(anonymous_998)
FN:56,t
FN:56,(anonymous_1000)
FN:56,ul
FN:56,(anonymous_1002)
FN:56,(anonymous_1003)
FN:56,(anonymous_1004)
FN:56,(anonymous_1005)
FN:56,(anonymous_1006)
FN:56,(anonymous_1007)
FN:56,(anonymous_1008)
FN:56,(anonymous_1009)
FN:56,(anonymous_1010)
FN:56,(anonymous_1011)
FN:56,(anonymous_1012)
FN:56,(anonymous_1013)
FN:56,(anonymous_1014)
FN:56,(anonymous_1015)
FN:56,(anonymous_1016)
FN:56,(anonymous_1017)
FN:56,(anonymous_1018)
FN:58,r
FN:58,i
FN:58,(anonymous_1021)
FN:58,(anonymous_1022)
FN:58,(anonymous_1023)
FN:58,(anonymous_1024)
FN:58,(anonymous_1025)
FN:60,(anonymous_1026)
FN:60,(anonymous_1027)
FN:60,(anonymous_1028)
FN:60,(anonymous_1029)
FN:60,(anonymous_1030)
FN:60,(anonymous_1031)
FN:60,(anonymous_1032)
FN:60,(anonymous_1033)
FN:62,(anonymous_1034)
FN:62,(anonymous_1035)
FN:62,(anonymous_1036)
FN:62,(anonymous_1037)
FN:62,(anonymous_1038)
FN:62,(anonymous_1039)
FN:62,(anonymous_1040)
FN:62,(anonymous_1041)
FN:64,(anonymous_1042)
FN:64,(anonymous_1043)
FN:64,(anonymous_1044)
FN:64,(anonymous_1045)
FN:64,(anonymous_1046)
FN:64,(anonymous_1047)
FN:64,(anonymous_1048)
FN:64,(anonymous_1049)
FN:64,(anonymous_1050)
FN:64,(anonymous_1051)
FN:64,(anonymous_1052)
FN:64,(anonymous_1053)
FN:64,(anonymous_1054)
FN:66,t
FN:66,(anonymous_1056)
FN:66,(anonymous_1057)
FN:66,(anonymous_1058)
FN:66,(anonymous_1059)
FN:66,(anonymous_1060)
FN:68,(anonymous_1061)
FN:68,(anonymous_1062)
FN:68,(anonymous_1063)
FN:70,(anonymous_1064)
FN:70,(anonymous_1065)
FN:70,(anonymous_1066)
FN:70,(anonymous_1067)
FN:72,(anonymous_1068)
FN:72,(anonymous_1069)
FN:72,(anonymous_1070)
FN:74,(anonymous_1071)
FN:74,(anonymous_1072)
FN:76,(anonymous_1073)
FN:76,(anonymous_1074)
FN:76,(anonymous_1075)
FN:76,(anonymous_1076)
FN:76,(anonymous_1077)
FN:78,(anonymous_1078)
FN:78,(anonymous_1079)
FN:78,(anonymous_1080)
FN:78,(anonymous_1081)
FN:80,(anonymous_1082)
FN:80,(anonymous_1083)
FN:82,(anonymous_1084)
FN:82,(anonymous_1085)
FN:82,(anonymous_1086)
FN:82,(anonymous_1087)
FN:82,(anonymous_1088)
FN:82,(anonymous_1089)
FN:82,(anonymous_1090)
FN:82,(anonymous_1091)
FN:82,(anonymous_1092)
FN:82,(anonymous_1093)
FN:82,(anonymous_1094)
FN:82,(anonymous_1095)
FN:82,(anonymous_1096)
FN:82,(anonymous_1097)
FN:82,(anonymous_1098)
FN:82,(anonymous_1099)
FN:82,(anonymous_1100)
FN:82,(anonymous_1101)
FN:82,(anonymous_1102)
FN:82,(anonymous_1103)
FN:82,(anonymous_1104)
FN:82,(anonymous_1105)
FN:82,(anonymous_1106)
FN:82,(anonymous_1107)
FN:82,(anonymous_1108)
FN:82,(anonymous_1109)
FN:82,(anonymous_1110)
FN:82,(anonymous_1111)
FN:82,(anonymous_1112)
FN:82,(anonymous_1113)
FN:82,(anonymous_1114)
FN:82,(anonymous_1115)
FN:82,(anonymous_1116)
FN:82,(anonymous_1117)
FN:82,(anonymous_1118)
FN:82,(anonymous_1119)
FN:82,(anonymous_1120)
FN:82,(anonymous_1121)
FN:82,(anonymous_1122)
FN:84,t
FN:84,(anonymous_1124)
FN:84,(anonymous_1125)
FN:84,(anonymous_1126)
FN:84,(anonymous_1127)
FN:84,(anonymous_1128)
FN:84,(anonymous_1129)
FN:84,(anonymous_1130)
FN:86,t
FN:86,(anonymous_1132)
FN:86,r
FN:86,(anonymous_1134)
FN:86,(anonymous_1135)
FN:86,(anonymous_1136)
FN:86,(anonymous_1137)
FN:86,(anonymous_1138)
FN:88,(anonymous_1139)
FN:88,(anonymous_1140)
FN:88,s
FN:88,u
FN:88,(anonymous_1143)
FN:88,(anonymous_1144)
FN:88,(anonymous_1145)
FN:88,(anonymous_1146)
FN:88,(anonymous_1147)
FN:88,(anonymous_1148)
FN:88,r
FN:88,(anonymous_1150)
FN:88,(anonymous_1151)
FN:88,i
FN:88,o
FN:88,l
FN:88,s
FN:88,(anonymous_1156)
FN:88,(anonymous_1157)
FN:88,(anonymous_1158)
FN:88,u
FN:88,d
FN:88,c
FN:88,(anonymous_1162)
FN:88,(anonymous_1163)
FN:88,(anonymous_1164)
FN:88,(anonymous_1165)
FN:88,(anonymous_1166)
FN:88,(anonymous_1167)
FN:88,(anonymous_1168)
FN:88,(anonymous_1169)
FN:88,(anonymous_1170)
FN:88,(anonymous_1171)
FN:88,(anonymous_1172)
FN:88,(anonymous_1173)
FN:88,(anonymous_1174)
FN:88,(anonymous_1175)
FN:88,(anonymous_1176)
FN:88,(anonymous_1177)
FN:88,(anonymous_1178)
FN:88,e
FN:88,(anonymous_1180)
FN:88,(anonymous_1181)
FN:88,(anonymous_1182)
FN:88,(anonymous_1183)
FN:88,(anonymous_1184)
FN:88,(anonymous_1185)
FN:88,(anonymous_1186)
FN:88,(anonymous_1187)
FN:88,(anonymous_1188)
FN:88,(anonymous_1189)
FN:88,(anonymous_1190)
FN:88,(anonymous_1191)
FN:88,(anonymous_1192)
FN:88,(anonymous_1193)
FN:88,(anonymous_1194)
FN:88,(anonymous_1195)
FN:88,(anonymous_1196)
FN:88,(anonymous_1197)
FN:88,(anonymous_1198)
FN:88,(anonymous_1199)
FN:88,(anonymous_1200)
FN:88,(anonymous_1201)
FN:88,(anonymous_1202)
FN:88,(anonymous_1203)
FN:88,(anonymous_1204)
FN:88,(anonymous_1205)
FN:88,(anonymous_1206)
FN:88,(anonymous_1207)
FN:88,(anonymous_1208)
FN:88,(anonymous_1209)
FN:88,(anonymous_1210)
FN:88,(anonymous_1211)
FN:88,(anonymous_1212)
FN:88,(anonymous_1213)
FN:88,e
FN:88,(anonymous_1215)
FN:88,(anonymous_1216)
FN:88,(anonymous_1217)
FN:88,(anonymous_1218)
FN:88,(anonymous_1219)
FN:88,(anonymous_1220)
FN:88,(anonymous_1221)
FN:88,(anonymous_1222)
FN:88,(anonymous_1223)
FN:88,(anonymous_1224)
FN:88,(anonymous_1225)
FN:88,(anonymous_1226)
FN:88,(anonymous_1227)
FN:88,(anonymous_1228)
FN:88,(anonymous_1229)
FN:88,(anonymous_1230)
FN:88,(anonymous_1231)
FN:88,(anonymous_1232)
FN:88,(anonymous_1233)
FN:88,(anonymous_1234)
FN:88,(anonymous_1235)
FN:88,(anonymous_1236)
FN:88,(anonymous_1237)
FN:88,(anonymous_1238)
FN:88,(anonymous_1239)
FN:88,(anonymous_1240)
FN:88,(anonymous_1241)
FN:88,(anonymous_1242)
FN:88,(anonymous_1243)
FN:88,(anonymous_1244)
FN:88,(anonymous_1245)
FN:88,(anonymous_1246)
FN:88,(anonymous_1247)
FN:88,(anonymous_1248)
FN:88,(anonymous_1249)
FN:88,(anonymous_1250)
FN:88,(anonymous_1251)
FN:88,(anonymous_1252)
FN:88,(anonymous_1253)
FN:88,e
FN:88,(anonymous_1255)
FN:88,(anonymous_1256)
FN:88,(anonymous_1257)
FN:88,(anonymous_1258)
FN:88,(anonymous_1259)
FN:88,(anonymous_1260)
FN:88,(anonymous_1261)
FN:88,(anonymous_1262)
FN:88,(anonymous_1263)
FN:88,(anonymous_1264)
FN:88,(anonymous_1265)
FN:88,(anonymous_1266)
FN:88,(anonymous_1267)
FN:88,(anonymous_1268)
FN:88,(anonymous_1269)
FN:88,(anonymous_1270)
FN:88,(anonymous_1271)
FN:88,(anonymous_1272)
FN:88,(anonymous_1273)
FN:88,(anonymous_1274)
FN:88,(anonymous_1275)
FN:88,(anonymous_1276)
FN:88,(anonymous_1277)
FN:88,(anonymous_1278)
FN:88,(anonymous_1279)
FN:88,(anonymous_1280)
FN:88,(anonymous_1281)
FN:88,(anonymous_1282)
FN:88,(anonymous_1283)
FN:88,n
FN:88,(anonymous_1285)
FN:88,(anonymous_1286)
FN:88,(anonymous_1287)
FN:88,(anonymous_1288)
FN:88,(anonymous_1289)
FN:88,(anonymous_1290)
FN:88,(anonymous_1291)
FN:88,(anonymous_1292)
FN:88,(anonymous_1293)
FN:90,(anonymous_1294)
FN:90,(anonymous_1295)
FN:90,(anonymous_1296)
FN:90,(anonymous_1297)
FN:90,(anonymous_1298)
FN:90,(anonymous_1299)
FN:90,(anonymous_1300)
FN:90,(anonymous_1301)
FN:90,(anonymous_1302)
FN:90,(anonymous_1303)
FN:90,(anonymous_1304)
FN:90,(anonymous_1305)
FN:90,(anonymous_1306)
FN:90,(anonymous_1307)
FN:90,(anonymous_1308)
FN:90,(anonymous_1309)
FN:92,(anonymous_1310)
FN:92,(anonymous_1311)
FN:92,(anonymous_1312)
FN:92,(anonymous_1313)
FN:92,(anonymous_1314)
FN:92,(anonymous_1315)
FN:94,(anonymous_1316)
FN:94,(anonymous_1317)
FN:94,(anonymous_1318)
FN:94,(anonymous_1319)
FN:94,(anonymous_1320)
FN:94,(anonymous_1321)
FN:94,(anonymous_1322)
FN:96,(anonymous_1323)
FN:96,(anonymous_1324)
FN:96,(anonymous_1325)
FN:98,(anonymous_1326)
FN:98,(anonymous_1327)
FN:100,(anonymous_1328)
FN:100,(anonymous_1329)
FN:100,(anonymous_1330)
FN:102,t
FN:102,(anonymous_1332)
FN:102,(anonymous_1333)
FN:102,(anonymous_1334)
FN:102,(anonymous_1335)
FN:104,(anonymous_1336)
FN:104,(anonymous_1337)
FN:104,(anonymous_1338)
FN:104,(anonymous_1339)
FN:104,(anonymous_1340)
FN:104,(anonymous_1341)
FN:104,(anonymous_1342)
FN:104,(anonymous_1343)
FN:106,(anonymous_1344)
FN:106,(anonymous_1345)
FN:106,(anonymous_1346)
FN:106,(anonymous_1347)
FN:106,r
FN:106,(anonymous_1349)
FN:106,(anonymous_1350)
FN:106,(anonymous_1351)
FN:106,(anonymous_1352)
FN:108,(anonymous_1353)
FN:108,(anonymous_1354)
FN:108,(anonymous_1355)
FN:108,(anonymous_1356)
FN:108,(anonymous_1357)
FN:108,(anonymous_1358)
FN:108,(anonymous_1359)
FN:110,(anonymous_1360)
FN:110,(anonymous_1361)
FN:110,(anonymous_1362)
FN:110,(anonymous_1363)
FN:110,(anonymous_1364)
FN:110,(anonymous_1365)
FN:110,(anonymous_1366)
FN:110,(anonymous_1367)
FN:110,(anonymous_1368)
FN:110,(anonymous_1369)
FN:110,(anonymous_1370)
FN:110,(anonymous_1371)
FN:110,(anonymous_1372)
FN:112,(anonymous_1373)
FN:112,(anonymous_1374)
FN:112,(anonymous_1375)
FN:112,(anonymous_1376)
FN:112,o
FN:112,(anonymous_1378)
FN:112,(anonymous_1379)
FN:112,(anonymous_1380)
FN:112,(anonymous_1381)
FN:112,(anonymous_1382)
FN:112,(anonymous_1383)
FN:112,(anonymous_1384)
FN:114,(anonymous_1385)
FN:114,(anonymous_1386)
FN:114,(anonymous_1387)
FN:114,(anonymous_1388)
FN:114,(anonymous_1389)
FN:114,(anonymous_1390)
FN:114,(anonymous_1391)
FN:114,(anonymous_1392)
FN:114,(anonymous_1393)
FN:114,(anonymous_1394)
FN:114,(anonymous_1395)
FN:114,(anonymous_1396)
FN:114,(anonymous_1397)
FN:114,(anonymous_1398)
FN:114,(anonymous_1399)
FN:116,(anonymous_1400)
FN:116,(anonymous_1401)
FN:116,(anonymous_1402)
FN:116,(anonymous_1403)
FN:116,(anonymous_1404)
FN:116,(anonymous_1405)
FN:116,(anonymous_1406)
FN:116,(anonymous_1407)
FN:118,(anonymous_1408)
FN:118,(anonymous_1409)
FN:118,(anonymous_1410)
FN:118,(anonymous_1411)
FN:118,(anonymous_1412)
FN:118,(anonymous_1413)
FN:118,(anonymous_1414)
FN:118,(anonymous_1415)
FN:118,(anonymous_1416)
FN:118,(anonymous_1417)
FN:118,(anonymous_1418)
FN:118,(anonymous_1419)
FN:120,(anonymous_1420)
FN:120,(anonymous_1421)
FN:120,(anonymous_1422)
FN:120,(anonymous_1423)
FN:120,(anonymous_1424)
FN:120,(anonymous_1425)
FN:122,(anonymous_1426)
FN:122,(anonymous_1427)
FN:122,(anonymous_1428)
FN:122,a
FN:122,(anonymous_1430)
FN:122,(anonymous_1431)
FN:122,r
FN:122,(anonymous_1433)
FN:122,i
FN:122,(anonymous_1435)
FN:122,(anonymous_1436)
FN:122,(anonymous_1437)
FN:122,(anonymous_1438)
FN:122,(anonymous_1439)
FN:122,(anonymous_1440)
FN:122,(anonymous_1441)
FN:122,(anonymous_1442)
FN:122,(anonymous_1443)
FN:122,(anonymous_1444)
FN:122,(anonymous_1445)
FN:122,(anonymous_1446)
FN:122,(anonymous_1447)
FN:122,(anonymous_1448)
FN:122,(anonymous_1449)
FN:122,(anonymous_1450)
FN:122,(anonymous_1451)
FN:122,e
FN:122,(anonymous_1453)
FN:122,(anonymous_1454)
FN:122,(anonymous_1455)
FN:122,(anonymous_1456)
FN:122,(anonymous_1457)
FN:122,(anonymous_1458)
FN:122,(anonymous_1459)
FN:122,(anonymous_1460)
FN:122,(anonymous_1461)
FN:122,(anonymous_1462)
FN:122,(anonymous_1463)
FN:122,(anonymous_1464)
FN:122,h
FN:122,(anonymous_1466)
FN:122,f
FN:122,p
FN:122,(anonymous_1469)
FN:122,(anonymous_1470)
FN:122,(anonymous_1471)
FN:122,(anonymous_1472)
FN:122,(anonymous_1473)
FN:122,(anonymous_1474)
FN:122,(anonymous_1475)
FN:122,(anonymous_1476)
FN:122,(anonymous_1477)
FN:122,m
FN:122,(anonymous_1479)
FN:122,(anonymous_1480)
FN:122,(anonymous_1481)
FN:122,(anonymous_1482)
FN:122,(anonymous_1483)
FN:122,(anonymous_1484)
FN:122,(anonymous_1485)
FN:122,(anonymous_1486)
FN:122,(anonymous_1487)
FN:122,(anonymous_1488)
FN:122,(anonymous_1489)
FN:122,(anonymous_1490)
FN:122,(anonymous_1491)
FN:122,(anonymous_1492)
FN:122,(anonymous_1493)
FN:122,(anonymous_1494)
FN:122,(anonymous_1495)
FN:122,(anonymous_1496)
FN:122,(anonymous_1497)
FN:122,(anonymous_1498)
FN:122,(anonymous_1499)
FN:122,v
FN:122,(anonymous_1501)
FN:122,g
FN:122,y
FN:128,(anonymous_1504)
FN:128,(anonymous_1505)
FN:128,n
FN:128,(anonymous_1507)
FN:128,(anonymous_1508)
FN:128,(anonymous_1509)
FN:128,(anonymous_1510)
FN:128,(anonymous_1511)
FN:128,(anonymous_1512)
FN:128,(anonymous_1513)
FN:128,(anonymous_1514)
FN:128,(anonymous_1515)
FN:128,(anonymous_1516)
FN:128,(anonymous_1517)
FN:128,(anonymous_1518)
FN:128,(anonymous_1519)
FN:128,(anonymous_1520)
FN:128,(anonymous_1521)
FN:128,(anonymous_1522)
FN:128,(anonymous_1523)
FN:128,(anonymous_1524)
FN:128,(anonymous_1525)
FN:128,(anonymous_1526)
FN:128,(anonymous_1527)
FN:128,(anonymous_1528)
FN:128,(anonymous_1529)
FN:128,(anonymous_1530)
FN:128,(anonymous_1531)
FN:128,(anonymous_1532)
FN:128,(anonymous_1533)
FN:128,(anonymous_1534)
FN:128,(anonymous_1535)
FN:128,(anonymous_1536)
FN:128,(anonymous_1537)
FN:128,(anonymous_1538)
FN:128,(anonymous_1539)
FN:128,(anonymous_1540)
FN:128,(anonymous_1541)
FN:128,(anonymous_1542)
FN:128,(anonymous_1543)
FN:128,(anonymous_1544)
FN:128,(anonymous_1545)
FN:128,(anonymous_1546)
FN:128,(anonymous_1547)
FN:128,w
FN:128,(anonymous_1549)
FN:128,(anonymous_1550)
FN:128,(anonymous_1551)
FN:128,z
FN:128,(anonymous_1553)
FN:128,k
FN:128,S
FN:128,H
FN:128,T
FN:128,x
FN:128,(anonymous_1559)
FN:128,(anonymous_1560)
FN:128,(anonymous_1561)
FN:128,(anonymous_1562)
FN:128,(anonymous_1563)
FN:128,(anonymous_1564)
FN:128,(anonymous_1565)
FN:128,(anonymous_1566)
FN:128,(anonymous_1567)
FN:128,(anonymous_1568)
FN:128,(anonymous_1569)
FN:128,(anonymous_1570)
FN:130,(anonymous_1571)
FN:130,(anonymous_1572)
FN:130,(anonymous_1573)
FN:130,(anonymous_1574)
FN:132,(anonymous_1575)
FN:132,(anonymous_1576)
FN:132,(anonymous_1577)
FN:132,(anonymous_1578)
FN:134,(anonymous_1579)
FN:134,(anonymous_1580)
FN:134,(anonymous_1581)
FN:134,(anonymous_1582)
FN:134,(anonymous_1583)
FN:134,(anonymous_1584)
FN:134,(anonymous_1585)
FN:134,(anonymous_1586)
FN:134,(anonymous_1587)
FN:134,(anonymous_1588)
FN:134,(anonymous_1589)
FN:136,(anonymous_1590)
FN:136,(anonymous_1591)
FN:136,(anonymous_1592)
FN:136,(anonymous_1593)
FN:136,(anonymous_1594)
FN:136,(anonymous_1595)
FN:136,(anonymous_1596)
FN:136,(anonymous_1597)
FN:138,t
FN:138,(anonymous_1599)
FN:138,(anonymous_1600)
FN:138,(anonymous_1601)
FN:138,e
FN:138,(anonymous_1603)
FN:138,(anonymous_1604)
FN:138,(anonymous_1605)
FN:138,(anonymous_1606)
FN:138,(anonymous_1607)
FN:140,a
FN:140,r
FN:140,(anonymous_1610)
FN:140,(anonymous_1611)
FN:140,(anonymous_1612)
FN:140,(anonymous_1613)
FN:142,(anonymous_1614)
FN:142,(anonymous_1615)
FN:142,(anonymous_1616)
FN:142,(anonymous_1617)
FN:147,(anonymous_1618)
FN:147,i
FN:147,o
FN:147,l
FN:147,s
FN:147,u
FN:147,d
FN:147,c
FN:147,h
FN:147,f
FN:147,p
FN:147,m
FN:147,v
FN:147,g
FN:147,(anonymous_1632)
FN:147,y
FN:147,(anonymous_1634)
FN:147,M
FN:147,L
FN:147,w
FN:147,z
FN:147,k
FN:147,(anonymous_1640)
FN:147,T
FN:147,x
FN:147,D
FN:147,A
FN:147,(anonymous_1645)
FN:147,O
FN:147,Y
FN:147,(anonymous_1648)
FN:147,(anonymous_1649)
FN:147,(anonymous_1650)
FN:147,I
FN:147,(anonymous_1652)
FN:147,(anonymous_1653)
FN:147,F
FN:147,a
FN:147,E
FN:147,R
FN:147,$
FN:147,W
FN:147,U
FN:147,G
FN:147,J
FN:147,q
FN:147,(anonymous_1664)
FN:147,K
FN:147,X
FN:147,me
FN:147,(anonymous_1668)
FN:147,ve
FN:147,(anonymous_1670)
FN:147,ge
FN:147,_e
FN:147,(anonymous_1673)
FN:147,be
FN:147,(anonymous_1675)
FN:147,Me
FN:147,Oe
FN:147,(anonymous_1678)
FN:147,(anonymous_1679)
FN:147,(anonymous_1680)
FN:147,(anonymous_1681)
FN:147,(anonymous_1682)
FN:147,(anonymous_1683)
FN:147,(anonymous_1684)
FN:147,(anonymous_1685)
FN:147,Ie
FN:147,Fe
FN:147,je
FN:147,e
FN:147,Ee
FN:147,(anonymous_1691)
FN:147,(anonymous_1692)
FN:147,(anonymous_1693)
FN:147,(anonymous_1694)
FN:147,(anonymous_1695)
FN:147,(anonymous_1696)
FN:147,$e
FN:147,Ne
FN:147,We
FN:147,Ue
FN:147,Ge
FN:147,(anonymous_1702)
FN:147,Je
FN:147,(anonymous_1704)
FN:147,(anonymous_1705)
FN:147,(anonymous_1706)
FN:147,(anonymous_1707)
FN:147,(anonymous_1708)
FN:147,(anonymous_1709)
FN:147,(anonymous_1710)
FN:147,(anonymous_1711)
FN:147,tt
FN:147,e
FN:147,nt
FN:147,at
FN:147,(anonymous_1716)
FN:147,rt
FN:147,(anonymous_1718)
FN:147,(anonymous_1719)
FN:147,(anonymous_1720)
FN:147,(anonymous_1721)
FN:147,(anonymous_1722)
FN:147,(anonymous_1723)
FN:147,(anonymous_1724)
FN:147,(anonymous_1725)
FN:147,(anonymous_1726)
FN:147,(anonymous_1727)
FN:147,(anonymous_1728)
FN:147,(anonymous_1729)
FN:147,dt
FN:147,ct
FN:147,ht
FN:147,ft
FN:147,pt
FN:147,(anonymous_1735)
FN:147,mt
FN:147,(anonymous_1737)
FN:147,vt
FN:147,kt
FN:147,St
FN:147,(anonymous_1741)
FN:147,Ht
FN:147,(anonymous_1743)
FN:147,(anonymous_1744)
FN:147,Tt
FN:147,xt
FN:147,(anonymous_1747)
FN:147,(anonymous_1748)
FN:147,(anonymous_1749)
FN:147,Dt
FN:147,(anonymous_1751)
FN:147,At
FN:147,(anonymous_1753)
FN:147,(anonymous_1754)
FN:147,(anonymous_1755)
FN:147,(anonymous_1756)
FN:147,(anonymous_1757)
FN:147,(anonymous_1758)
FN:147,Ot
FN:147,Ct
FN:147,(anonymous_1761)
FN:147,(anonymous_1762)
FN:147,(anonymous_1763)
FN:147,(anonymous_1764)
FN:147,(anonymous_1765)
FN:147,Pt
FN:147,It
FN:147,(anonymous_1768)
FN:147,Ft
FN:147,jt
FN:147,Et
FN:147,(anonymous_1772)
FN:147,(anonymous_1773)
FN:147,$t
FN:147,Nt
FN:147,Wt
FN:147,Ut
FN:147,(anonymous_1778)
FN:147,qt
FN:147,(anonymous_1780)
FN:147,Kt
FN:147,Xt
FN:147,Zt
FN:147,(anonymous_1784)
FN:147,Qt
FN:147,(anonymous_1786)
FN:147,nn
FN:147,an
FN:147,(anonymous_1789)
FN:147,(anonymous_1790)
FN:147,(anonymous_1791)
FN:147,rn
FN:147,on
FN:147,(anonymous_1794)
FN:147,sn
FN:147,fn
FN:147,pn
FN:147,mn
FN:147,vn
FN:147,gn
FN:147,yn
FN:147,_n
FN:147,(anonymous_1803)
FN:147,(anonymous_1804)
FN:147,(anonymous_1805)
FN:147,(anonymous_1806)
FN:147,(anonymous_1807)
FN:147,(anonymous_1808)
FN:147,(anonymous_1809)
FN:147,(anonymous_1810)
FN:147,(anonymous_1811)
FN:147,(anonymous_1812)
FN:147,(anonymous_1813)
FN:147,(anonymous_1814)
FN:147,(anonymous_1815)
FN:147,(anonymous_1816)
FN:147,(anonymous_1817)
FN:147,(anonymous_1818)
FN:147,(anonymous_1819)
FN:147,(anonymous_1820)
FN:147,(anonymous_1821)
FN:147,(anonymous_1822)
FN:147,(anonymous_1823)
FN:147,(anonymous_1824)
FN:147,kn
FN:147,Hn
FN:147,(anonymous_1827)
FN:147,(anonymous_1828)
FN:147,(anonymous_1829)
FN:147,(anonymous_1830)
FN:147,(anonymous_1831)
FN:147,(anonymous_1832)
FN:147,(anonymous_1833)
FN:147,(anonymous_1834)
FN:147,(anonymous_1835)
FN:147,(anonymous_1836)
FN:147,(anonymous_1837)
FN:147,(anonymous_1838)
FN:147,(anonymous_1839)
FN:147,(anonymous_1840)
FN:147,(anonymous_1841)
FN:147,(anonymous_1842)
FN:147,(anonymous_1843)
FN:147,(anonymous_1844)
FN:147,(anonymous_1845)
FN:147,(anonymous_1846)
FN:147,(anonymous_1847)
FN:147,(anonymous_1848)
FN:147,(anonymous_1849)
FN:147,(anonymous_1850)
FN:147,(anonymous_1851)
FN:147,(anonymous_1852)
FN:147,(anonymous_1853)
FN:147,(anonymous_1854)
FN:147,(anonymous_1855)
FN:147,(anonymous_1856)
FN:147,(anonymous_1857)
FN:147,(anonymous_1858)
FN:147,(anonymous_1859)
FN:147,(anonymous_1860)
FN:147,(anonymous_1861)
FN:147,(anonymous_1862)
FN:147,(anonymous_1863)
FN:147,(anonymous_1864)
FN:147,(anonymous_1865)
FN:147,(anonymous_1866)
FN:147,(anonymous_1867)
FN:147,(anonymous_1868)
FN:147,(anonymous_1869)
FN:147,(anonymous_1870)
FN:147,(anonymous_1871)
FN:147,(anonymous_1872)
FN:147,(anonymous_1873)
FN:147,(anonymous_1874)
FN:147,(anonymous_1875)
FN:147,(anonymous_1876)
FN:147,(anonymous_1877)
FN:147,(anonymous_1878)
FN:147,(anonymous_1879)
FN:147,(anonymous_1880)
FN:147,(anonymous_1881)
FN:147,(anonymous_1882)
FN:147,(anonymous_1883)
FN:147,(anonymous_1884)
FN:147,(anonymous_1885)
FN:147,(anonymous_1886)
FN:147,(anonymous_1887)
FN:147,(anonymous_1888)
FN:147,(anonymous_1889)
FN:147,(anonymous_1890)
FN:147,(anonymous_1891)
FN:147,(anonymous_1892)
FN:147,(anonymous_1893)
FN:147,(anonymous_1894)
FN:147,(anonymous_1895)
FN:147,xn
FN:147,Dn
FN:147,An
FN:147,(anonymous_1899)
FN:147,(anonymous_1900)
FN:147,(anonymous_1901)
FN:147,(anonymous_1902)
FN:147,(anonymous_1903)
FN:147,(anonymous_1904)
FN:147,(anonymous_1905)
FN:147,(anonymous_1906)
FN:147,(anonymous_1907)
FN:147,(anonymous_1908)
FN:147,(anonymous_1909)
FN:147,(anonymous_1910)
FN:147,(anonymous_1911)
FN:147,(anonymous_1912)
FN:147,(anonymous_1913)
FN:147,(anonymous_1914)
FN:147,(anonymous_1915)
FN:147,(anonymous_1916)
FN:147,(anonymous_1917)
FN:147,(anonymous_1918)
FN:147,(anonymous_1919)
FN:147,(anonymous_1920)
FN:147,(anonymous_1921)
FN:147,(anonymous_1922)
FN:147,(anonymous_1923)
FN:147,(anonymous_1924)
FN:147,(anonymous_1925)
FN:147,(anonymous_1926)
FN:147,(anonymous_1927)
FN:147,(anonymous_1928)
FN:147,(anonymous_1929)
FN:147,(anonymous_1930)
FN:147,(anonymous_1931)
FN:147,(anonymous_1932)
FN:147,Cn
FN:147,Vn
FN:147,Bn
FN:147,Pn
FN:147,Yn
FN:147,(anonymous_1938)
FN:147,Gn
FN:147,(anonymous_1940)
FN:147,ra
FN:147,ia
FN:147,(anonymous_1943)
FN:147,(anonymous_1944)
FN:147,(anonymous_1945)
FN:147,(anonymous_1946)
FN:147,(anonymous_1947)
FN:147,(anonymous_1948)
FN:147,(anonymous_1949)
FN:147,(anonymous_1950)
FN:147,(anonymous_1951)
FN:147,(anonymous_1952)
FN:147,(anonymous_1953)
FN:147,(anonymous_1954)
FN:147,(anonymous_1955)
FN:147,(anonymous_1956)
FN:147,(anonymous_1957)
FN:149,(anonymous_1958)
FN:149,(anonymous_1959)
FN:149,(anonymous_1960)
FN:149,(anonymous_1961)
FN:149,(anonymous_1962)
FN:149,(anonymous_1963)
FN:149,(anonymous_1964)
FN:149,(anonymous_1965)
FN:149,(anonymous_1966)
FN:149,(anonymous_1967)
FN:149,(anonymous_1968)
FN:149,(anonymous_1969)
FN:149,(anonymous_1970)
FN:149,(anonymous_1971)
FN:149,(anonymous_1972)
FN:149,(anonymous_1973)
FN:149,(anonymous_1974)
FN:149,(anonymous_1975)
FN:149,(anonymous_1976)
FN:149,(anonymous_1977)
FN:149,(anonymous_1978)
FN:151,(anonymous_1979)
FN:151,(anonymous_1980)
FN:151,(anonymous_1981)
FN:151,(anonymous_1982)
FN:151,(anonymous_1983)
FN:151,(anonymous_1984)
FN:151,(anonymous_1985)
FN:151,(anonymous_1986)
FN:151,(anonymous_1987)
FN:151,(anonymous_1988)
FN:153,(anonymous_1989)
FN:153,(anonymous_1990)
FN:153,(anonymous_1991)
FN:153,(anonymous_1992)
FN:153,(anonymous_1993)
FN:153,(anonymous_1994)
FN:153,(anonymous_1995)
FN:153,(anonymous_1996)
FN:153,(anonymous_1997)
FN:153,(anonymous_1998)
FN:153,(anonymous_1999)
FN:155,(anonymous_2000)
FN:155,(anonymous_2001)
FN:155,(anonymous_2002)
FN:155,(anonymous_2003)
FN:155,(anonymous_2004)
FN:155,(anonymous_2005)
FN:155,(anonymous_2006)
FN:155,(anonymous_2007)
FN:155,(anonymous_2008)
FN:155,(anonymous_2009)
FN:155,(anonymous_2010)
FN:155,(anonymous_2011)
FN:155,(anonymous_2012)
FN:155,n
FN:155,(anonymous_2014)
FN:155,(anonymous_2015)
FN:155,(anonymous_2016)
FN:155,a
FN:155,(anonymous_2018)
FN:155,(anonymous_2019)
FN:155,(anonymous_2020)
FN:155,(anonymous_2021)
FN:155,(anonymous_2022)
FN:155,b
FN:155,(anonymous_2024)
FN:155,(anonymous_2025)
FN:155,M
FN:155,L
FN:155,w
FN:155,z
FN:155,k
FN:155,(anonymous_2031)
FN:155,(anonymous_2032)
FN:155,S
FN:155,(anonymous_2034)
FN:155,i
FN:155,(anonymous_2036)
FN:155,t
FN:155,(anonymous_2038)
FN:155,(anonymous_2039)
FN:155,(anonymous_2040)
FN:155,H
FN:155,T
FN:155,x
FN:155,D
FN:155,A
FN:155,t
FN:155,O
FN:155,(anonymous_2048)
FN:155,(anonymous_2049)
FN:155,(anonymous_2050)
FN:155,(anonymous_2051)
FN:155,(anonymous_2052)
FN:165,i
FN:165,(anonymous_2054)
FN:165,(anonymous_2055)
FN:165,o
FN:165,(anonymous_2057)
FN:165,(anonymous_2058)
FN:165,(anonymous_2059)
FN:165,s
FN:165,(anonymous_2061)
FN:165,(anonymous_2062)
FN:165,(anonymous_2063)
FN:165,(anonymous_2064)
FN:165,(anonymous_2065)
FN:165,(anonymous_2066)
FN:165,(anonymous_2067)
FN:165,(anonymous_2068)
FN:165,(anonymous_2069)
FN:165,(anonymous_2070)
FN:165,(anonymous_2071)
FN:165,(anonymous_2072)
FN:165,(anonymous_2073)
FN:165,(anonymous_2074)
FN:165,(anonymous_2075)
FN:165,(anonymous_2076)
FN:165,(anonymous_2077)
FN:165,(anonymous_2078)
FN:165,(anonymous_2079)
FN:165,(anonymous_2080)
FN:165,(anonymous_2081)
FN:165,(anonymous_2082)
FN:165,(anonymous_2083)
FN:165,(anonymous_2084)
FN:165,(anonymous_2085)
FN:165,(anonymous_2086)
FN:165,(anonymous_2087)
FN:165,(anonymous_2088)
FN:165,(anonymous_2089)
FN:165,(anonymous_2090)
FN:165,(anonymous_2091)
FN:165,(anonymous_2092)
FN:165,(anonymous_2093)
FN:165,(anonymous_2094)
FN:165,(anonymous_2095)
FN:165,(anonymous_2096)
FN:165,(anonymous_2097)
FN:165,(anonymous_2098)
FN:165,(anonymous_2099)
FN:165,(anonymous_2100)
FN:165,(anonymous_2101)
FN:165,(anonymous_2102)
FN:165,(anonymous_2103)
FN:165,(anonymous_2104)
FN:165,(anonymous_2105)
FN:165,(anonymous_2106)
FN:165,(anonymous_2107)
FN:165,(anonymous_2108)
FN:165,(anonymous_2109)
FN:165,(anonymous_2110)
FN:165,(anonymous_2111)
FN:165,(anonymous_2112)
FN:165,(anonymous_2113)
FN:165,(anonymous_2114)
FN:165,(anonymous_2115)
FN:165,(anonymous_2116)
FN:165,(anonymous_2117)
FN:165,(anonymous_2118)
FN:167,(anonymous_2119)
FN:167,(anonymous_2120)
FN:167,(anonymous_2121)
FN:167,(anonymous_2122)
FN:167,(anonymous_2123)
FN:167,(anonymous_2124)
FN:167,(anonymous_2125)
FN:167,(anonymous_2126)
FN:167,i
FN:167,o
FN:167,l
FN:167,d
FN:167,(anonymous_2131)
FN:167,(anonymous_2132)
FN:167,c
FN:167,h
FN:167,f
FN:167,(anonymous_2136)
FN:167,(anonymous_2137)
FN:167,(anonymous_2138)
FN:167,p
FN:167,(anonymous_2140)
FN:167,a
FN:167,m
FN:167,(anonymous_2143)
FN:167,v
FN:167,(anonymous_2145)
FN:167,g
FN:167,(anonymous_2147)
FN:167,y
FN:167,(anonymous_2149)
FN:167,(anonymous_2150)
FN:167,n
FN:167,(anonymous_2152)
FN:167,n
FN:167,(anonymous_2154)
FN:167,n
FN:167,(anonymous_2156)
FN:167,n
FN:167,z
FN:167,(anonymous_2159)
FN:167,(anonymous_2160)
FN:167,(anonymous_2161)
FN:167,(anonymous_2162)
FN:167,(anonymous_2163)
FN:167,(anonymous_2164)
FN:167,(anonymous_2165)
FN:167,(anonymous_2166)
FN:167,(anonymous_2167)
FN:167,(anonymous_2168)
FN:167,(anonymous_2169)
FN:167,(anonymous_2170)
FN:167,(anonymous_2171)
FN:167,(anonymous_2172)
FN:167,(anonymous_2173)
FN:167,(anonymous_2174)
FN:167,(anonymous_2175)
FN:167,(anonymous_2176)
FN:167,E
FN:167,(anonymous_2178)
FN:167,R
FN:167,(anonymous_2180)
FN:167,(anonymous_2181)
FN:167,$
FN:167,(anonymous_2183)
FN:167,(anonymous_2184)
FN:167,(anonymous_2185)
FN:167,(anonymous_2186)
FN:167,(anonymous_2187)
FN:167,(anonymous_2188)
FN:167,(anonymous_2189)
FN:167,(anonymous_2190)
FN:167,(anonymous_2191)
FN:167,(anonymous_2192)
FN:167,(anonymous_2193)
FN:167,(anonymous_2194)
FN:167,(anonymous_2195)
FN:167,(anonymous_2196)
FN:167,(anonymous_2197)
FN:167,te
FN:167,(anonymous_2199)
FN:167,ne
FN:167,(anonymous_2201)
FN:167,(anonymous_2202)
FN:167,ae
FN:167,re
FN:167,(anonymous_2205)
FN:167,(anonymous_2206)
FN:167,(anonymous_2207)
FN:167,(anonymous_2208)
FN:167,ie
FN:167,e
FN:167,(anonymous_2211)
FN:167,(anonymous_2212)
FN:167,(anonymous_2213)
FN:167,(anonymous_2214)
FN:167,(anonymous_2215)
FN:167,(anonymous_2216)
FN:167,(anonymous_2217)
FN:167,(anonymous_2218)
FN:167,(anonymous_2219)
FN:167,Ne
FN:167,e
FN:167,(anonymous_2222)
FN:167,(anonymous_2223)
FN:167,Ue
FN:167,(anonymous_2225)
FN:167,e
FN:167,(anonymous_2227)
FN:167,(anonymous_2228)
FN:167,(anonymous_2229)
FN:167,(anonymous_2230)
FN:167,(anonymous_2231)
FN:167,(anonymous_2232)
FN:167,(anonymous_2233)
FN:167,(anonymous_2234)
FN:167,(anonymous_2235)
FN:167,(anonymous_2236)
FN:167,(anonymous_2237)
FN:167,qe
FN:167,(anonymous_2239)
FN:167,Ke
FN:167,(anonymous_2241)
FN:167,(anonymous_2242)
FN:167,Xe
FN:167,(anonymous_2244)
FN:167,(anonymous_2245)
FN:167,e
FN:167,(anonymous_2247)
FN:167,(anonymous_2248)
FN:167,(anonymous_2249)
FN:167,(anonymous_2250)
FN:167,e
FN:167,(anonymous_2252)
FN:167,(anonymous_2253)
FN:167,(anonymous_2254)
FN:167,(anonymous_2255)
FN:167,(anonymous_2256)
FN:167,(anonymous_2257)
FN:167,(anonymous_2258)
FN:167,(anonymous_2259)
FN:167,(anonymous_2260)
FN:167,(anonymous_2261)
FN:167,(anonymous_2262)
FN:167,(anonymous_2263)
FN:167,(anonymous_2264)
FN:167,(anonymous_2265)
FN:167,(anonymous_2266)
FN:167,(anonymous_2267)
FN:167,(anonymous_2268)
FN:167,e
FN:167,(anonymous_2270)
FN:167,(anonymous_2271)
FN:167,(anonymous_2272)
FN:167,(anonymous_2273)
FN:167,(anonymous_2274)
FN:167,(anonymous_2275)
FN:167,(anonymous_2276)
FN:167,(anonymous_2277)
FN:167,(anonymous_2278)
FN:167,(anonymous_2279)
FN:167,(anonymous_2280)
FN:167,(anonymous_2281)
FN:167,(anonymous_2282)
FN:167,(anonymous_2283)
FN:167,(anonymous_2284)
FN:167,(anonymous_2285)
FN:167,(anonymous_2286)
FN:167,(anonymous_2287)
FN:167,(anonymous_2288)
FN:167,(anonymous_2289)
FN:167,(anonymous_2290)
FN:167,(anonymous_2291)
FN:167,(anonymous_2292)
FN:167,(anonymous_2293)
FN:167,(anonymous_2294)
FN:167,(anonymous_2295)
FN:167,(anonymous_2296)
FN:167,(anonymous_2297)
FN:167,(anonymous_2298)
FN:167,(anonymous_2299)
FN:167,(anonymous_2300)
FN:167,(anonymous_2301)
FN:167,(anonymous_2302)
FN:167,(anonymous_2303)
FN:167,(anonymous_2304)
FN:167,(anonymous_2305)
FN:167,(anonymous_2306)
FN:167,(anonymous_2307)
FN:167,(anonymous_2308)
FN:167,(anonymous_2309)
FN:167,(anonymous_2310)
FN:167,(anonymous_2311)
FN:167,(anonymous_2312)
FN:167,(anonymous_2313)
FN:167,(anonymous_2314)
FN:167,(anonymous_2315)
FN:167,(anonymous_2316)
FN:167,(anonymous_2317)
FN:167,(anonymous_2318)
FN:167,(anonymous_2319)
FN:167,yn
FN:167,(anonymous_2321)
FN:167,_n
FN:167,(anonymous_2323)
FN:167,(anonymous_2324)
FN:167,bn
FN:167,(anonymous_2326)
FN:167,(anonymous_2327)
FN:167,(anonymous_2328)
FN:167,(anonymous_2329)
FN:167,(anonymous_2330)
FN:167,(anonymous_2331)
FN:167,(anonymous_2332)
FN:167,(anonymous_2333)
FN:167,(anonymous_2334)
FN:167,(anonymous_2335)
FN:167,(anonymous_2336)
FN:167,(anonymous_2337)
FN:167,(anonymous_2338)
FN:167,(anonymous_2339)
FN:167,(anonymous_2340)
FN:167,(anonymous_2341)
FN:167,(anonymous_2342)
FN:167,(anonymous_2343)
FN:167,(anonymous_2344)
FN:167,(anonymous_2345)
FN:167,(anonymous_2346)
FN:167,(anonymous_2347)
FN:167,(anonymous_2348)
FN:167,(anonymous_2349)
FN:167,(anonymous_2350)
FN:167,(anonymous_2351)
FN:167,(anonymous_2352)
FN:167,(anonymous_2353)
FN:167,(anonymous_2354)
FN:167,(anonymous_2355)
FN:167,(anonymous_2356)
FN:167,(anonymous_2357)
FN:167,(anonymous_2358)
FN:167,Un
FN:167,(anonymous_2360)
FN:167,(anonymous_2361)
FN:167,(anonymous_2362)
FN:167,(anonymous_2363)
FN:167,Gn
FN:167,(anonymous_2365)
FN:167,(anonymous_2366)
FN:167,(anonymous_2367)
FN:167,(anonymous_2368)
FN:167,(anonymous_2369)
FN:167,(anonymous_2370)
FN:167,(anonymous_2371)
FN:167,(anonymous_2372)
FN:167,(anonymous_2373)
FN:167,(anonymous_2374)
FN:167,(anonymous_2375)
FN:167,(anonymous_2376)
FN:167,(anonymous_2377)
FN:167,(anonymous_2378)
FN:167,(anonymous_2379)
FN:167,(anonymous_2380)
FN:167,(anonymous_2381)
FN:167,(anonymous_2382)
FN:167,(anonymous_2383)
FN:167,(anonymous_2384)
FN:167,e
FN:167,(anonymous_2386)
FN:167,ya
FN:167,(anonymous_2388)
FN:167,(anonymous_2389)
FN:167,(anonymous_2390)
FN:167,(anonymous_2391)
FN:167,(anonymous_2392)
FN:167,wa
FN:167,(anonymous_2394)
FN:167,(anonymous_2395)
FN:167,(anonymous_2396)
FN:167,(anonymous_2397)
FN:167,za
FN:167,ka
FN:167,(anonymous_2400)
FN:167,Sa
FN:167,(anonymous_2402)
FN:167,(anonymous_2403)
FN:167,Ha
FN:167,(anonymous_2405)
FN:167,(anonymous_2406)
FN:167,(anonymous_2407)
FN:167,(anonymous_2408)
FN:167,(anonymous_2409)
FN:167,(anonymous_2410)
FN:167,(anonymous_2411)
FN:167,(anonymous_2412)
FN:167,(anonymous_2413)
FN:167,(anonymous_2414)
FN:167,(anonymous_2415)
FN:167,(anonymous_2416)
FN:167,(anonymous_2417)
FN:167,(anonymous_2418)
FN:167,(anonymous_2419)
FN:167,(anonymous_2420)
FN:167,Oa
FN:167,(anonymous_2422)
FN:167,Ca
FN:167,(anonymous_2424)
FN:167,(anonymous_2425)
FN:167,Va
FN:167,(anonymous_2427)
FN:167,(anonymous_2428)
FN:167,(anonymous_2429)
FN:167,(anonymous_2430)
FN:167,(anonymous_2431)
FN:167,(anonymous_2432)
FN:167,(anonymous_2433)
FN:167,(anonymous_2434)
FN:167,(anonymous_2435)
FN:167,(anonymous_2436)
FN:167,(anonymous_2437)
FN:167,(anonymous_2438)
FN:167,(anonymous_2439)
FN:167,(anonymous_2440)
FN:167,$a
FN:167,(anonymous_2442)
FN:167,Na
FN:167,(anonymous_2444)
FN:167,(anonymous_2445)
FN:167,(anonymous_2446)
FN:167,(anonymous_2447)
FN:167,qa
FN:167,(anonymous_2449)
FN:167,Ka
FN:167,(anonymous_2451)
FN:167,(anonymous_2452)
FN:167,Xa
FN:167,(anonymous_2454)
FN:167,(anonymous_2455)
FN:174,Rz
FN:174,(anonymous_2457)
FN:174,$z
FN:174,(anonymous_2459)
FN:174,(anonymous_2460)
FN:174,Nz
FN:174,(anonymous_2462)
FN:174,e
FN:174,Uz
FN:174,(anonymous_2465)
FN:174,Gz
FN:174,(anonymous_2467)
FN:174,(anonymous_2468)
FN:174,Jz
FN:174,(anonymous_2470)
FN:174,(anonymous_2471)
FN:174,(anonymous_2472)
FN:174,(anonymous_2473)
FN:174,(anonymous_2474)
FN:174,(anonymous_2475)
FN:174,(anonymous_2476)
FN:174,(anonymous_2477)
FN:174,(anonymous_2478)
FN:174,(anonymous_2479)
FN:174,(anonymous_2480)
FN:174,(anonymous_2481)
FN:174,(anonymous_2482)
FN:174,(anonymous_2483)
FN:174,(anonymous_2484)
FN:174,(anonymous_2485)
FN:174,(anonymous_2486)
FN:174,(anonymous_2487)
FN:174,(anonymous_2488)
FN:174,nk
FN:174,(anonymous_2490)
FN:174,ak
FN:174,(anonymous_2492)
FN:174,(anonymous_2493)
FN:174,(anonymous_2494)
FN:174,(anonymous_2495)
FN:174,(anonymous_2496)
FN:174,(anonymous_2497)
FN:174,(anonymous_2498)
FN:174,dk
FN:174,(anonymous_2500)
FN:174,ck
FN:174,(anonymous_2502)
FN:174,(anonymous_2503)
FN:174,(anonymous_2504)
FN:174,(anonymous_2505)
FN:174,(anonymous_2506)
FN:174,mk
FN:174,(anonymous_2508)
FN:174,vk
FN:174,(anonymous_2510)
FN:174,(anonymous_2511)
FN:174,gk
FN:174,(anonymous_2513)
FN:174,(anonymous_2514)
FN:174,(anonymous_2515)
FN:174,(anonymous_2516)
FN:174,(anonymous_2517)
FN:174,(anonymous_2518)
FN:174,(anonymous_2519)
FN:174,(anonymous_2520)
FN:174,(anonymous_2521)
FN:174,(anonymous_2522)
FN:174,(anonymous_2523)
FN:174,(anonymous_2524)
FN:174,(anonymous_2525)
FN:174,(anonymous_2526)
FN:174,(anonymous_2527)
FN:174,Tk
FN:174,(anonymous_2529)
FN:174,(anonymous_2530)
FN:174,(anonymous_2531)
FN:174,(anonymous_2532)
FN:174,xk
FN:174,Dk
FN:174,(anonymous_2535)
FN:174,(anonymous_2536)
FN:174,(anonymous_2537)
FN:174,Ak
FN:174,(anonymous_2539)
FN:174,(anonymous_2540)
FN:174,(anonymous_2541)
FN:174,(anonymous_2542)
FN:174,(anonymous_2543)
FN:174,(anonymous_2544)
FN:174,(anonymous_2545)
FN:174,(anonymous_2546)
FN:174,(anonymous_2547)
FN:174,(anonymous_2548)
FN:174,(anonymous_2549)
FN:174,(anonymous_2550)
FN:174,(anonymous_2551)
FN:174,(anonymous_2552)
FN:174,(anonymous_2553)
FN:174,(anonymous_2554)
FN:174,(anonymous_2555)
FN:174,(anonymous_2556)
FN:174,(anonymous_2557)
FN:174,(anonymous_2558)
FN:174,(anonymous_2559)
FN:174,(anonymous_2560)
FN:174,(anonymous_2561)
FN:174,(anonymous_2562)
FN:174,Kk
FN:174,(anonymous_2564)
FN:174,Xk
FN:174,(anonymous_2566)
FN:174,(anonymous_2567)
FN:174,Zk
FN:174,(anonymous_2569)
FN:174,(anonymous_2570)
FN:174,(anonymous_2571)
FN:174,(anonymous_2572)
FN:174,(anonymous_2573)
FN:174,(anonymous_2574)
FN:174,(anonymous_2575)
FN:174,(anonymous_2576)
FN:174,(anonymous_2577)
FN:174,(anonymous_2578)
FN:174,(anonymous_2579)
FN:174,(anonymous_2580)
FN:174,(anonymous_2581)
FN:174,(anonymous_2582)
FN:174,(anonymous_2583)
FN:174,(anonymous_2584)
FN:174,(anonymous_2585)
FN:174,(anonymous_2586)
FN:174,(anonymous_2587)
FN:174,(anonymous_2588)
FN:174,(anonymous_2589)
FN:174,(anonymous_2590)
FN:174,(anonymous_2591)
FN:174,(anonymous_2592)
FN:174,(anonymous_2593)
FN:174,(anonymous_2594)
FN:174,(anonymous_2595)
FN:174,(anonymous_2596)
FN:174,(anonymous_2597)
FN:174,(anonymous_2598)
FN:174,(anonymous_2599)
FN:174,(anonymous_2600)
FN:174,(anonymous_2601)
FN:174,(anonymous_2602)
FN:174,(anonymous_2603)
FN:174,(anonymous_2604)
FN:174,(anonymous_2605)
FN:174,(anonymous_2606)
FN:174,(anonymous_2607)
FN:174,(anonymous_2608)
FN:174,(anonymous_2609)
FN:174,(anonymous_2610)
FN:174,(anonymous_2611)
FN:174,(anonymous_2612)
FN:174,(anonymous_2613)
FN:174,(anonymous_2614)
FN:174,(anonymous_2615)
FN:174,(anonymous_2616)
FN:174,(anonymous_2617)
FN:174,(anonymous_2618)
FN:174,(anonymous_2619)
FN:174,(anonymous_2620)
FN:174,(anonymous_2621)
FN:174,(anonymous_2622)
FN:174,(anonymous_2623)
FN:174,(anonymous_2624)
FN:174,(anonymous_2625)
FN:174,(anonymous_2626)
FN:174,(anonymous_2627)
FN:174,(anonymous_2628)
FN:174,(anonymous_2629)
FN:174,(anonymous_2630)
FN:174,(anonymous_2631)
FN:174,(anonymous_2632)
FN:174,(anonymous_2633)
FN:174,(anonymous_2634)
FN:174,(anonymous_2635)
FN:174,(anonymous_2636)
FN:174,(anonymous_2637)
FN:174,(anonymous_2638)
FN:174,(anonymous_2639)
FN:174,(anonymous_2640)
FN:174,(anonymous_2641)
FN:174,(anonymous_2642)
FN:174,(anonymous_2643)
FN:174,(anonymous_2644)
FN:174,(anonymous_2645)
FN:174,(anonymous_2646)
FN:174,(anonymous_2647)
FN:174,(anonymous_2648)
FN:174,(anonymous_2649)
FN:174,(anonymous_2650)
FN:174,(anonymous_2651)
FN:174,(anonymous_2652)
FN:174,(anonymous_2653)
FN:174,(anonymous_2654)
FN:174,(anonymous_2655)
FN:174,(anonymous_2656)
FN:174,(anonymous_2657)
FN:174,(anonymous_2658)
FN:174,(anonymous_2659)
FN:174,(anonymous_2660)
FN:174,(anonymous_2661)
FN:174,(anonymous_2662)
FN:174,(anonymous_2663)
FN:174,(anonymous_2664)
FN:174,(anonymous_2665)
FN:174,(anonymous_2666)
FN:174,(anonymous_2667)
FN:174,(anonymous_2668)
FN:174,(anonymous_2669)
FN:174,oS
FN:174,(anonymous_2671)
FN:174,(anonymous_2672)
FN:174,(anonymous_2673)
FN:174,(anonymous_2674)
FN:174,lS
FN:174,sS
FN:174,(anonymous_2677)
FN:174,uS
FN:174,(anonymous_2679)
FN:174,(anonymous_2680)
FN:174,dS
FN:174,(anonymous_2682)
FN:174,fS
FN:174,(anonymous_2684)
FN:174,pS
FN:174,(anonymous_2686)
FN:174,(anonymous_2687)
FN:174,mS
FN:174,(anonymous_2689)
FN:174,yS
FN:174,(anonymous_2691)
FN:174,_S
FN:174,(anonymous_2693)
FN:174,(anonymous_2694)
FN:174,bS
FN:174,(anonymous_2696)
FN:174,(anonymous_2697)
FN:174,kS
FN:174,(anonymous_2699)
FN:174,SS
FN:174,(anonymous_2701)
FN:174,(anonymous_2702)
FN:174,HS
FN:174,(anonymous_2704)
FN:174,AS
FN:174,(anonymous_2706)
FN:174,e
FN:174,(anonymous_2708)
FN:174,(anonymous_2709)
FN:174,(anonymous_2710)
FN:174,(anonymous_2711)
FN:174,(anonymous_2712)
FN:174,(anonymous_2713)
FN:174,(anonymous_2714)
FN:174,(anonymous_2715)
FN:174,(anonymous_2716)
FN:174,(anonymous_2717)
FN:174,(anonymous_2718)
FN:174,YS
FN:174,(anonymous_2720)
FN:174,(anonymous_2721)
FN:174,(anonymous_2722)
FN:174,ES
FN:174,(anonymous_2724)
FN:174,(anonymous_2725)
FN:174,(anonymous_2726)
FN:174,(anonymous_2727)
FN:174,(anonymous_2728)
FN:174,(anonymous_2729)
FN:174,(anonymous_2730)
FN:174,(anonymous_2731)
FN:174,(anonymous_2732)
FN:174,(anonymous_2733)
FN:174,(anonymous_2734)
FN:174,(anonymous_2735)
FN:174,(anonymous_2736)
FN:174,(anonymous_2737)
FN:174,NS
FN:174,(anonymous_2739)
FN:174,WS
FN:174,(anonymous_2741)
FN:174,(anonymous_2742)
FN:174,US
FN:174,(anonymous_2744)
FN:174,(anonymous_2745)
FN:174,(anonymous_2746)
FN:174,(anonymous_2747)
FN:174,aH
FN:174,(anonymous_2749)
FN:174,rH
FN:174,(anonymous_2751)
FN:174,(anonymous_2752)
FN:174,(anonymous_2753)
FN:174,(anonymous_2754)
FN:174,(anonymous_2755)
FN:174,(anonymous_2756)
FN:174,(anonymous_2757)
FN:174,(anonymous_2758)
FN:174,(anonymous_2759)
FN:174,(anonymous_2760)
FN:174,(anonymous_2761)
FN:174,(anonymous_2762)
FN:174,(anonymous_2763)
FN:174,(anonymous_2764)
FN:174,(anonymous_2765)
FN:174,(anonymous_2766)
FN:174,(anonymous_2767)
FN:174,(anonymous_2768)
FN:174,(anonymous_2769)
FN:174,(anonymous_2770)
FN:174,(anonymous_2771)
FN:174,t
FN:174,(anonymous_2773)
FN:174,(anonymous_2774)
FN:174,(anonymous_2775)
FN:174,(anonymous_2776)
FN:174,(anonymous_2777)
FN:174,(anonymous_2778)
FN:174,(anonymous_2779)
FN:174,(anonymous_2780)
FN:174,(anonymous_2781)
FN:174,(anonymous_2782)
FN:174,(anonymous_2783)
FN:174,(anonymous_2784)
FN:174,(anonymous_2785)
FN:174,(anonymous_2786)
FN:174,(anonymous_2787)
FN:174,t
FN:174,(anonymous_2789)
FN:174,(anonymous_2790)
FN:174,(anonymous_2791)
FN:174,(anonymous_2792)
FN:174,(anonymous_2793)
FN:174,(anonymous_2794)
FN:174,(anonymous_2795)
FN:174,(anonymous_2796)
FN:174,(anonymous_2797)
FN:174,(anonymous_2798)
FN:174,(anonymous_2799)
FN:174,(anonymous_2800)
FN:174,(anonymous_2801)
FN:174,(anonymous_2802)
FN:174,(anonymous_2803)
FN:174,(anonymous_2804)
FN:174,(anonymous_2805)
FN:174,(anonymous_2806)
FN:174,(anonymous_2807)
FN:174,(anonymous_2808)
FN:174,dH
FN:174,(anonymous_2810)
FN:174,cH
FN:174,(anonymous_2812)
FN:174,(anonymous_2813)
FN:174,hH
FN:174,(anonymous_2815)
FN:174,(anonymous_2816)
FN:174,(anonymous_2817)
FN:174,(anonymous_2818)
FN:174,(anonymous_2819)
FN:174,(anonymous_2820)
FN:174,(anonymous_2821)
FN:174,(anonymous_2822)
FN:174,(anonymous_2823)
FN:174,(anonymous_2824)
FN:174,(anonymous_2825)
FN:174,(anonymous_2826)
FN:174,(anonymous_2827)
FN:174,(anonymous_2828)
FN:174,(anonymous_2829)
FN:174,(anonymous_2830)
FN:174,(anonymous_2831)
FN:174,(anonymous_2832)
FN:174,(anonymous_2833)
FN:174,(anonymous_2834)
FN:174,(anonymous_2835)
FN:174,(anonymous_2836)
FN:174,(anonymous_2837)
FN:174,(anonymous_2838)
FN:174,(anonymous_2839)
FN:174,(anonymous_2840)
FN:174,(anonymous_2841)
FN:174,(anonymous_2842)
FN:174,(anonymous_2843)
FN:174,(anonymous_2844)
FN:174,(anonymous_2845)
FN:174,(anonymous_2846)
FN:174,(anonymous_2847)
FN:174,(anonymous_2848)
FN:174,(anonymous_2849)
FN:174,(anonymous_2850)
FN:174,(anonymous_2851)
FN:174,(anonymous_2852)
FN:174,(anonymous_2853)
FN:174,(anonymous_2854)
FN:174,(anonymous_2855)
FN:174,(anonymous_2856)
FN:174,(anonymous_2857)
FN:174,(anonymous_2858)
FN:174,(anonymous_2859)
FN:174,(anonymous_2860)
FN:174,(anonymous_2861)
FN:174,(anonymous_2862)
FN:174,(anonymous_2863)
FN:174,(anonymous_2864)
FN:174,(anonymous_2865)
FN:174,(anonymous_2866)
FN:174,(anonymous_2867)
FN:174,(anonymous_2868)
FN:174,(anonymous_2869)
FN:174,(anonymous_2870)
FN:174,(anonymous_2871)
FN:174,(anonymous_2872)
FN:174,(anonymous_2873)
FN:174,(anonymous_2874)
FN:174,(anonymous_2875)
FN:174,(anonymous_2876)
FN:174,(anonymous_2877)
FN:174,jH
FN:174,(anonymous_2879)
FN:174,e
FN:174,(anonymous_2881)
FN:174,(anonymous_2882)
FN:174,(anonymous_2883)
FN:174,(anonymous_2884)
FN:174,(anonymous_2885)
FN:174,(anonymous_2886)
FN:174,(anonymous_2887)
FN:174,(anonymous_2888)
FN:174,(anonymous_2889)
FN:174,(anonymous_2890)
FN:174,(anonymous_2891)
FN:174,(anonymous_2892)
FN:174,(anonymous_2893)
FN:174,(anonymous_2894)
FN:174,(anonymous_2895)
FN:174,(anonymous_2896)
FN:174,(anonymous_2897)
FN:174,NH
FN:174,(anonymous_2899)
FN:174,WH
FN:174,(anonymous_2901)
FN:174,(anonymous_2902)
FN:174,UH
FN:174,(anonymous_2904)
FN:174,(anonymous_2905)
FN:174,(anonymous_2906)
FN:174,(anonymous_2907)
FN:174,(anonymous_2908)
FN:174,(anonymous_2909)
FN:174,(anonymous_2910)
FN:174,(anonymous_2911)
FN:174,(anonymous_2912)
FN:174,(anonymous_2913)
FN:174,(anonymous_2914)
FN:174,(anonymous_2915)
FN:174,(anonymous_2916)
FN:174,(anonymous_2917)
FN:174,(anonymous_2918)
FN:174,(anonymous_2919)
FN:174,(anonymous_2920)
FN:174,(anonymous_2921)
FN:174,(anonymous_2922)
FN:174,(anonymous_2923)
FN:174,(anonymous_2924)
FN:174,e
FN:174,(anonymous_2926)
FN:174,(anonymous_2927)
FN:174,(anonymous_2928)
FN:174,(anonymous_2929)
FN:174,(anonymous_2930)
FN:174,(anonymous_2931)
FN:174,(anonymous_2932)
FN:174,(anonymous_2933)
FN:174,(anonymous_2934)
FN:174,(anonymous_2935)
FN:174,(anonymous_2936)
FN:174,(anonymous_2937)
FN:174,(anonymous_2938)
FN:174,(anonymous_2939)
FN:174,(anonymous_2940)
FN:174,(anonymous_2941)
FN:174,(anonymous_2942)
FN:174,(anonymous_2943)
FN:174,(anonymous_2944)
FN:174,(anonymous_2945)
FN:174,(anonymous_2946)
FN:174,(anonymous_2947)
FN:174,ZH
FN:174,(anonymous_2949)
FN:174,QH
FN:174,(anonymous_2951)
FN:174,(anonymous_2952)
FN:174,eT
FN:174,(anonymous_2954)
FN:174,(anonymous_2955)
FN:174,(anonymous_2956)
FN:174,(anonymous_2957)
FN:174,(anonymous_2958)
FN:174,(anonymous_2959)
FN:174,(anonymous_2960)
FN:174,(anonymous_2961)
FN:174,(anonymous_2962)
FN:174,aT
FN:174,(anonymous_2964)
FN:174,rT
FN:174,(anonymous_2966)
FN:174,(anonymous_2967)
FN:174,iT
FN:174,(anonymous_2969)
FN:174,(anonymous_2970)
FN:174,(anonymous_2971)
FN:174,(anonymous_2972)
FN:174,(anonymous_2973)
FN:174,sT
FN:174,(anonymous_2975)
FN:174,uT
FN:174,(anonymous_2977)
FN:174,(anonymous_2978)
FN:174,dT
FN:174,(anonymous_2980)
FN:174,(anonymous_2981)
FN:174,(anonymous_2982)
FN:174,(anonymous_2983)
FN:174,fT
FN:174,(anonymous_2985)
FN:174,pT
FN:174,(anonymous_2987)
FN:174,(anonymous_2988)
FN:174,mT
FN:174,(anonymous_2990)
FN:174,yT
FN:174,(anonymous_2992)
FN:174,_T
FN:174,(anonymous_2994)
FN:174,(anonymous_2995)
FN:174,bT
FN:174,(anonymous_2997)
FN:174,(anonymous_2998)
FN:174,kT
FN:174,(anonymous_3000)
FN:174,ST
FN:174,(anonymous_3002)
FN:174,(anonymous_3003)
FN:174,HT
FN:174,(anonymous_3005)
FN:174,(anonymous_3006)
FN:174,DT
FN:174,(anonymous_3008)
FN:174,AT
FN:174,(anonymous_3010)
FN:174,(anonymous_3011)
FN:174,OT
FN:174,(anonymous_3013)
FN:174,(anonymous_3014)
FN:174,(anonymous_3015)
FN:174,(anonymous_3016)
FN:174,(anonymous_3017)
FN:174,(anonymous_3018)
FN:174,(anonymous_3019)
FN:174,(anonymous_3020)
FN:174,(anonymous_3021)
FN:174,(anonymous_3022)
FN:174,(anonymous_3023)
FN:174,(anonymous_3024)
FN:174,(anonymous_3025)
FN:174,(anonymous_3026)
FN:174,(anonymous_3027)
FN:174,(anonymous_3028)
FN:174,(anonymous_3029)
FN:174,(anonymous_3030)
FN:174,(anonymous_3031)
FN:174,(anonymous_3032)
FN:174,(anonymous_3033)
FN:174,(anonymous_3034)
FN:174,ZT
FN:174,(anonymous_3036)
FN:174,QT
FN:174,(anonymous_3038)
FN:174,(anonymous_3039)
FN:174,ex
FN:174,(anonymous_3041)
FN:174,(anonymous_3042)
FN:174,(anonymous_3043)
FN:174,(anonymous_3044)
FN:174,(anonymous_3045)
FN:174,(anonymous_3046)
FN:174,(anonymous_3047)
FN:174,(anonymous_3048)
FN:174,(anonymous_3049)
FN:174,(anonymous_3050)
FN:174,(anonymous_3051)
FN:174,(anonymous_3052)
FN:174,(anonymous_3053)
FN:174,(anonymous_3054)
FN:174,(anonymous_3055)
FN:174,(anonymous_3056)
FN:174,(anonymous_3057)
FN:174,(anonymous_3058)
FN:174,(anonymous_3059)
FN:174,(anonymous_3060)
FN:174,(anonymous_3061)
FN:174,(anonymous_3062)
FN:174,(anonymous_3063)
FN:174,(anonymous_3064)
FN:174,(anonymous_3065)
FN:174,(anonymous_3066)
FN:174,(anonymous_3067)
FN:174,(anonymous_3068)
FN:174,(anonymous_3069)
FN:174,(anonymous_3070)
FN:174,(anonymous_3071)
FN:174,(anonymous_3072)
FN:174,(anonymous_3073)
FN:174,(anonymous_3074)
FN:174,(anonymous_3075)
FN:174,(anonymous_3076)
FN:174,(anonymous_3077)
FN:174,(anonymous_3078)
FN:174,(anonymous_3079)
FN:174,(anonymous_3080)
FN:174,(anonymous_3081)
FN:174,(anonymous_3082)
FN:174,(anonymous_3083)
FN:174,(anonymous_3084)
FN:174,(anonymous_3085)
FN:174,(anonymous_3086)
FN:174,(anonymous_3087)
FN:174,(anonymous_3088)
FN:174,(anonymous_3089)
FN:174,(anonymous_3090)
FN:174,(anonymous_3091)
FN:174,(anonymous_3092)
FN:174,(anonymous_3093)
FN:174,(anonymous_3094)
FN:174,(anonymous_3095)
FN:174,(anonymous_3096)
FN:174,(anonymous_3097)
FN:174,px
[...]
BRDA:331,10195,2,0
BRDA:331,10195,3,0
BRDA:331,10195,4,0
BRDA:331,10195,5,0
BRDA:331,10195,6,0
BRDA:331,10196,0,0
BRDA:331,10196,1,0
BRDA:331,10197,0,0
BRDA:331,10197,1,0
BRDA:331,10198,0,0
BRDA:331,10198,1,0
BRDA:331,10199,0,0
BRDA:331,10199,1,0
BRDA:331,10200,0,0
BRDA:331,10200,1,0
BRDA:331,10201,0,0
BRDA:331,10201,1,0
BRDA:331,10202,0,0
BRDA:331,10202,1,0
BRDA:331,10203,0,0
BRDA:331,10203,1,0
BRDA:331,10204,0,0
BRDA:331,10204,1,0
BRDA:331,10205,0,0
BRDA:331,10205,1,0
BRDA:333,10206,0,0
BRDA:333,10206,1,0
BRDA:333,10207,0,0
BRDA:333,10207,1,0
BRDA:333,10208,0,0
BRDA:333,10208,1,0
BRDA:333,10209,0,0
BRDA:333,10209,1,0
BRDA:333,10210,0,0
BRDA:333,10210,1,0
BRDA:333,10211,0,0
BRDA:333,10211,1,0
BRDA:333,10212,0,0
BRDA:333,10212,1,0
BRDA:333,10212,2,0
BRDA:333,10212,3,0
BRDA:333,10212,4,0
BRDA:333,10212,5,0
BRDA:333,10213,0,0
BRDA:333,10213,1,0
BRDA:333,10214,0,0
BRDA:333,10214,1,0
BRDA:333,10215,0,0
BRDA:333,10215,1,0
BRDA:333,10216,0,0
BRDA:333,10216,1,0
BRDA:333,10217,0,0
BRDA:333,10217,1,0
BRDA:333,10218,0,0
BRDA:333,10218,1,0
BRDA:333,10219,0,0
BRDA:333,10219,1,0
BRDA:333,10220,0,0
BRDA:333,10220,1,0
BRDA:335,10221,0,0
BRDA:335,10221,1,0
BRDA:337,10222,0,0
BRDA:337,10222,1,0
BRDA:337,10223,0,0
BRDA:337,10223,1,0
BRDA:339,10224,0,0
BRDA:339,10224,1,0
BRDA:339,10224,2,0
BRDA:339,10224,3,0
BRDA:339,10224,4,0
BRDA:339,10224,5,0
BRDA:339,10224,6,0
BRDA:339,10224,7,0
BRDA:339,10224,8,0
BRDA:339,10224,9,0
BRDA:339,10224,10,0
BRDA:339,10224,11,0
BRDA:339,10225,0,0
BRDA:339,10225,1,0
BRDA:339,10226,0,0
BRDA:339,10226,1,0
BRDA:339,10227,0,0
BRDA:339,10227,1,0
BRDA:339,10228,0,0
BRDA:339,10228,1,0
BRDA:339,10229,0,0
BRDA:339,10229,1,0
BRDA:339,10230,0,0
BRDA:339,10230,1,0
BRDA:339,10231,0,0
BRDA:339,10231,1,0
BRDA:339,10232,0,0
BRDA:339,10232,1,0
BRDA:339,10233,0,0
BRDA:339,10233,1,0
BRDA:339,10234,0,0
BRDA:339,10234,1,0
BRDA:339,10235,0,0
BRDA:339,10235,1,0
BRDA:339,10236,0,0
BRDA:339,10236,1,0
BRDA:339,10237,0,0
BRDA:339,10237,1,0
BRDA:339,10238,0,0
BRDA:339,10238,1,0
BRDA:341,10239,0,0
BRDA:341,10239,1,0
BRDA:341,10240,0,0
BRDA:341,10240,1,0
BRDA:341,10241,0,0
BRDA:341,10241,1,0
BRDA:341,10242,0,0
BRDA:341,10242,1,0
BRDA:341,10243,0,0
BRDA:341,10243,1,0
BRDA:341,10244,0,0
BRDA:341,10244,1,0
BRDA:341,10245,0,0
BRDA:341,10245,1,0
BRDA:341,10246,0,0
BRDA:341,10246,1,0
BRDA:341,10247,0,0
BRDA:341,10247,1,0
BRDA:341,10248,0,0
BRDA:341,10248,1,0
BRDA:341,10249,0,0
BRDA:341,10249,1,0
BRDA:341,10249,2,0
BRDA:341,10249,3,0
BRDA:341,10250,0,0
BRDA:341,10250,1,0
BRDA:341,10251,0,0
BRDA:341,10251,1,0
BRDA:341,10252,0,0
BRDA:341,10252,1,0
BRDA:341,10253,0,0
BRDA:341,10253,1,0
BRDA:341,10254,0,0
BRDA:341,10254,1,0
BRDA:341,10255,0,0
BRDA:341,10255,1,0
BRDA:341,10255,2,0
BRDA:341,10255,3,0
BRDA:341,10255,4,0
BRDA:341,10255,5,0
BRDA:341,10255,6,0
BRDA:341,10256,0,0
BRDA:341,10256,1,0
BRDA:341,10257,0,0
BRDA:341,10257,1,0
BRDA:341,10258,0,0
BRDA:341,10258,1,0
BRDA:341,10259,0,0
BRDA:341,10259,1,0
BRDA:341,10259,2,0
BRDA:341,10259,3,0
BRDA:341,10259,4,0
BRDA:341,10259,5,0
BRDA:341,10259,6,0
BRDA:343,10260,0,0
BRDA:343,10260,1,0
BRDA:343,10261,0,0
BRDA:343,10261,1,0
BRDA:343,10262,0,0
BRDA:343,10262,1,0
BRDA:343,10263,0,0
BRDA:343,10263,1,0
BRDA:343,10264,0,0
BRDA:343,10264,1,0
BRDA:343,10265,0,0
BRDA:343,10265,1,0
BRDA:343,10266,0,0
BRDA:343,10266,1,0
BRDA:345,10267,0,0
BRDA:345,10267,1,0
BRDA:345,10268,0,0
BRDA:345,10268,1,0
BRDA:345,10269,0,0
BRDA:345,10269,1,0
BRDA:345,10269,2,0
BRDA:345,10269,3,0
BRDA:345,10270,0,0
BRDA:345,10270,1,0
BRDA:345,10271,0,0
BRDA:345,10271,1,0
BRDA:345,10272,0,0
BRDA:345,10272,1,0
BRDA:345,10273,0,0
BRDA:345,10273,1,0
BRDA:347,10274,0,0
BRDA:347,10274,1,0
BRDA:347,10275,0,0
BRDA:347,10275,1,0
BRDA:347,10276,0,0
BRDA:347,10276,1,0
BRDA:347,10277,0,0
BRDA:347,10277,1,0
BRDA:347,10278,0,0
BRDA:347,10278,1,0
BRDA:347,10279,0,0
BRDA:347,10279,1,0
BRDA:347,10280,0,0
BRDA:347,10280,1,0
BRDA:347,10281,0,0
BRDA:347,10281,1,0
BRDA:347,10282,0,0
BRDA:347,10282,1,0
BRDA:347,10283,0,0
BRDA:347,10283,1,0
BRDA:347,10284,0,0
BRDA:347,10284,1,0
BRDA:347,10285,0,0
BRDA:347,10285,1,0
BRDA:347,10286,0,0
BRDA:347,10286,1,0
BRDA:347,10287,0,0
BRDA:347,10287,1,0
BRDA:347,10288,0,0
BRDA:347,10288,1,0
BRDA:347,10289,0,0
BRDA:347,10289,1,0
BRDA:349,10290,0,0
BRDA:349,10290,1,0
BRDA:349,10291,0,0
BRDA:349,10291,1,0
BRDA:349,10292,0,0
BRDA:349,10292,1,0
BRDA:349,10293,0,0
BRDA:349,10293,1,0
BRDA:349,10294,0,0
BRDA:349,10294,1,0
BRDA:349,10295,0,0
BRDA:349,10295,1,0
BRDA:349,10296,0,0
BRDA:349,10296,1,0
BRDA:349,10297,0,0
BRDA:349,10297,1,0
BRDA:349,10298,0,0
BRDA:349,10298,1,0
BRDA:349,10299,0,0
BRDA:349,10299,1,0
BRDA:349,10300,0,0
BRDA:349,10300,1,0
BRDA:349,10301,0,0
BRDA:349,10301,1,0
BRDA:349,10302,0,0
BRDA:349,10302,1,0
BRDA:349,10303,0,0
BRDA:349,10303,1,0
BRDA:349,10304,0,0
BRDA:349,10304,1,0
BRDA:351,10305,0,0
BRDA:351,10305,1,0
BRDA:355,10306,0,0
BRDA:355,10306,1,0
BRDA:355,10307,0,0
BRDA:355,10307,1,0
BRDA:355,10308,0,0
BRDA:355,10308,1,0
BRDA:355,10309,0,0
BRDA:355,10309,1,0
BRDA:355,10310,0,0
BRDA:355,10310,1,0
BRDA:355,10311,0,0
BRDA:355,10311,1,0
BRDA:355,10312,0,0
BRDA:355,10312,1,0
BRDA:355,10313,0,0
BRDA:355,10313,1,0
BRDA:355,10314,0,0
BRDA:355,10314,1,0
BRDA:355,10315,0,0
BRDA:355,10315,1,0
BRDA:355,10316,0,0
BRDA:355,10316,1,0
BRDA:359,10317,0,0
BRDA:359,10317,1,0
BRDA:359,10317,2,0
BRDA:359,10318,0,0
BRDA:359,10318,1,0
BRDA:359,10318,2,0
BRDA:359,10318,3,0
BRDA:359,10318,4,0
BRDA:359,10318,5,0
BRDA:359,10318,6,0
BRDA:359,10318,7,0
BRDA:359,10318,8,0
BRDA:359,10318,9,0
BRDA:359,10318,10,0
BRDA:359,10318,11,0
BRDA:359,10319,0,0
BRDA:359,10319,1,0
BRDA:359,10320,0,0
BRDA:359,10320,1,0
BRDA:359,10321,0,0
BRDA:359,10321,1,0
BRDA:359,10322,0,0
BRDA:359,10322,1,0
BRDA:359,10323,0,0
BRDA:359,10323,1,0
BRDA:359,10324,0,0
BRDA:359,10324,1,0
BRDA:359,10325,0,0
BRDA:359,10325,1,0
BRDA:359,10326,0,0
BRDA:359,10326,1,0
BRDA:359,10327,0,0
BRDA:359,10327,1,0
BRDA:359,10328,0,0
BRDA:359,10328,1,0
BRDA:359,10329,0,0
BRDA:359,10329,1,0
BRDA:359,10330,0,0
BRDA:359,10330,1,0
BRDA:359,10331,0,0
BRDA:359,10331,1,0
BRDA:359,10332,0,0
BRDA:359,10332,1,0
BRDA:359,10333,0,0
BRDA:359,10333,1,0
BRDA:359,10334,0,0
BRDA:359,10334,1,0
BRDA:359,10335,0,0
BRDA:359,10335,1,0
BRDA:359,10336,0,0
BRDA:359,10336,1,0
BRDA:359,10337,0,0
BRDA:359,10337,1,0
BRDA:359,10338,0,0
BRDA:359,10338,1,0
BRDA:359,10339,0,0
BRDA:359,10339,1,0
BRDA:359,10340,0,0
BRDA:359,10340,1,0
BRDA:359,10341,0,0
BRDA:359,10341,1,0
BRDA:359,10342,0,0
BRDA:359,10342,1,0
BRDA:359,10343,0,0
BRDA:359,10343,1,0
BRDA:359,10344,0,0
BRDA:359,10344,1,0
BRDA:359,10345,0,0
BRDA:359,10345,1,0
BRDA:359,10346,0,0
BRDA:359,10346,1,0
BRDA:359,10347,0,0
BRDA:359,10347,1,0
BRDA:359,10348,0,0
BRDA:359,10348,1,0
BRDA:359,10349,0,0
BRDA:359,10349,1,0
BRDA:359,10349,2,0
BRDA:359,10349,3,0
BRDA:359,10349,4,0
BRDA:359,10349,5,0
BRDA:359,10349,6,0
BRDA:359,10350,0,0
BRDA:359,10350,1,0
BRDA:359,10350,2,0
BRDA:359,10350,3,0
BRDA:359,10350,4,0
BRDA:359,10350,5,0
BRDA:359,10350,6,0
BRDA:361,10351,0,0
BRDA:361,10351,1,0
BRDA:361,10352,0,0
BRDA:361,10352,1,0
BRDA:361,10353,0,0
BRDA:361,10353,1,0
BRDA:361,10354,0,0
BRDA:361,10354,1,0
BRDA:361,10355,0,0
BRDA:361,10355,1,0
BRDA:361,10356,0,0
BRDA:361,10356,1,0
BRDA:361,10356,2,0
BRDA:361,10356,3,0
BRDA:361,10356,4,0
BRDA:361,10356,5,0
BRDA:361,10356,6,0
BRDA:361,10357,0,0
BRDA:361,10357,1,0
BRDA:361,10358,0,0
BRDA:361,10358,1,0
BRDA:361,10359,0,0
BRDA:361,10359,1,0
BRDA:363,10360,0,0
BRDA:363,10360,1,0
BRDA:363,10361,0,0
BRDA:363,10361,1,0
BRDA:363,10362,0,0
BRDA:363,10362,1,0
BRDA:363,10363,0,0
BRDA:363,10363,1,0
BRDA:363,10364,0,0
BRDA:363,10364,1,0
BRDA:363,10365,0,0
BRDA:363,10365,1,0
BRDA:363,10366,0,0
BRDA:363,10366,1,0
BRDA:363,10367,0,0
BRDA:363,10367,1,0
BRDA:363,10368,0,0
BRDA:363,10368,1,0
BRDA:365,10369,0,0
BRDA:365,10369,1,0
BRDA:365,10369,2,0
BRDA:365,10369,3,0
BRDA:365,10369,4,0
BRDA:365,10369,5,0
BRDA:365,10369,6,0
BRDA:365,10369,7,0
BRDA:365,10370,0,0
BRDA:365,10370,1,0
BRDA:365,10371,0,0
BRDA:365,10371,1,0
BRDA:365,10372,0,0
BRDA:365,10372,1,0
BRDA:367,10373,0,0
BRDA:367,10373,1,0
BRDA:369,10374,0,0
BRDA:369,10374,1,0
BRDA:369,10375,0,0
BRDA:369,10375,1,0
BRDA:369,10376,0,0
BRDA:369,10376,1,0
BRDA:369,10377,0,0
BRDA:369,10377,1,0
BRDA:369,10378,0,0
BRDA:369,10378,1,0
BRDA:369,10379,0,0
BRDA:369,10379,1,0
BRDA:369,10380,0,0
BRDA:369,10380,1,0
BRDA:369,10381,0,0
BRDA:369,10381,1,0
BRDA:369,10381,2,0
BRDA:369,10381,3,0
BRDA:369,10382,0,0
BRDA:369,10382,1,0
BRDA:369,10383,0,0
BRDA:369,10383,1,0
BRDA:369,10384,0,0
BRDA:369,10384,1,0
BRDA:369,10384,2,0
BRDA:369,10384,3,0
BRDA:369,10384,4,0
BRDA:369,10384,5,0
BRDA:369,10384,6,0
BRDA:369,10385,0,0
BRDA:369,10385,1,0
BRDA:369,10386,0,0
BRDA:369,10386,1,0
BRDA:369,10387,0,0
BRDA:369,10387,1,0
BRDA:369,10387,2,0
BRDA:369,10387,3,0
BRDA:369,10387,4,0
BRDA:369,10387,5,0
BRDA:369,10387,6,0
BRDA:369,10388,0,0
BRDA:369,10388,1,0
BRDA:369,10389,0,0
BRDA:369,10389,1,0
BRDA:369,10390,0,0
BRDA:369,10390,1,0
BRDA:369,10391,0,0
BRDA:369,10391,1,0
BRDA:369,10391,2,0
BRDA:369,10391,3,0
BRDA:369,10391,4,0
BRDA:369,10391,5,0
BRDA:369,10391,6,0
BRDA:371,10392,0,0
BRDA:371,10392,1,0
BRDA:371,10393,0,0
BRDA:371,10393,1,0
BRDA:371,10393,2,0
BRDA:371,10393,3,0
BRDA:371,10393,4,0
BRDA:371,10393,5,0
BRDA:371,10393,6,0
BRDA:371,10393,7,0
BRDA:371,10393,8,0
BRDA:371,10393,9,0
BRDA:371,10393,10,0
BRDA:371,10394,0,0
BRDA:371,10394,1,0
BRDA:371,10395,0,0
BRDA:371,10395,1,0
BRDA:371,10396,0,0
BRDA:371,10396,1,0
BRDA:371,10397,0,0
BRDA:371,10397,1,0
BRDA:371,10398,0,0
BRDA:371,10398,1,0
BRDA:371,10399,0,0
BRDA:371,10399,1,0
BRDA:371,10400,0,0
BRDA:371,10400,1,0
BRDA:371,10401,0,0
BRDA:371,10401,1,0
BRDA:371,10402,0,0
BRDA:371,10402,1,0
BRDA:371,10403,0,0
BRDA:371,10403,1,0
BRDA:371,10404,0,0
BRDA:371,10404,1,0
BRDA:371,10405,0,0
BRDA:371,10405,1,0
BRDA:371,10406,0,0
BRDA:371,10406,1,0
BRDA:371,10407,0,0
BRDA:371,10407,1,0
BRDA:371,10408,0,0
BRDA:371,10408,1,0
BRDA:371,10409,0,0
BRDA:371,10409,1,0
BRDA:371,10410,0,0
BRDA:371,10410,1,0
BRDA:371,10411,0,0
BRDA:371,10411,1,0
BRDA:371,10412,0,0
BRDA:371,10412,1,0
BRDA:371,10413,0,0
BRDA:371,10413,1,0
BRDA:371,10414,0,0
BRDA:371,10414,1,0
BRDA:371,10415,0,0
BRDA:371,10415,1,0
BRDA:371,10416,0,0
BRDA:371,10416,1,0
BRDA:371,10417,0,0
BRDA:371,10417,1,0
BRDA:371,10418,0,0
BRDA:371,10418,1,0
BRDA:371,10419,0,0
BRDA:371,10419,1,0
BRDA:371,10420,0,0
BRDA:371,10420,1,0
BRDA:371,10421,0,0
BRDA:371,10421,1,0
BRDA:371,10422,0,0
BRDA:371,10422,1,0
BRDA:371,10423,0,0
BRDA:371,10423,1,0
BRDA:371,10424,0,0
BRDA:371,10424,1,0
BRDA:371,10425,0,0
BRDA:371,10425,1,0
BRDA:371,10426,0,0
BRDA:371,10426,1,0
BRDA:371,10427,0,0
BRDA:371,10427,1,0
BRDA:371,10428,0,0
BRDA:371,10428,1,0
BRDA:371,10429,0,0
BRDA:371,10429,1,0
BRDA:371,10430,0,0
BRDA:371,10430,1,0
BRDA:371,10431,0,0
BRDA:371,10431,1,0
BRDA:371,10432,0,0
BRDA:371,10432,1,0
BRDA:371,10432,2,0
BRDA:371,10433,0,0
BRDA:371,10433,1,0
BRDA:371,10433,2,0
BRDA:371,10434,0,0
BRDA:371,10434,1,0
BRDA:371,10435,0,0
BRDA:371,10435,1,0
BRDA:371,10436,0,0
BRDA:371,10436,1,0
BRDA:371,10437,0,0
BRDA:371,10437,1,0
BRDA:371,10438,0,0
BRDA:371,10438,1,0
BRDA:371,10439,0,0
BRDA:371,10439,1,0
BRDA:371,10439,2,0
BRDA:371,10439,3,0
BRDA:371,10440,0,0
BRDA:371,10440,1,0
BRDA:371,10441,0,0
BRDA:371,10441,1,0
BRDA:371,10442,0,0
BRDA:371,10442,1,0
BRDA:371,10443,0,0
BRDA:371,10443,1,0
BRDA:371,10443,2,0
BRDA:371,10444,0,0
BRDA:371,10444,1,0
BRDA:371,10445,0,0
BRDA:371,10445,1,0
BRDA:371,10445,2,0
BRDA:371,10445,3,0
BRDA:371,10446,0,0
BRDA:371,10446,1,0
BRDA:371,10446,2,0
BRDA:371,10447,0,0
BRDA:371,10447,1,0
BRDA:371,10447,2,0
BRDA:371,10447,3,0
BRDA:371,10448,0,0
BRDA:371,10448,1,0
BRDA:371,10448,2,0
BRDA:371,10448,3,0
BRDA:371,10448,4,0
BRDA:371,10448,5,0
BRDA:371,10449,0,0
BRDA:371,10449,1,0
BRDA:371,10450,0,0
BRDA:371,10450,1,0
BRDA:371,10451,0,0
BRDA:371,10451,1,0
BRDA:371,10452,0,0
BRDA:371,10452,1,0
BRDA:371,10453,0,0
BRDA:371,10453,1,0
BRDA:373,10454,0,0
BRDA:373,10454,1,0
BRDA:373,10455,0,0
BRDA:373,10455,1,0
BRDA:373,10456,0,0
BRDA:373,10456,1,0
BRDA:373,10456,2,0
BRDA:373,10456,3,0
BRDA:373,10456,4,0
BRDA:373,10457,0,0
BRDA:373,10457,1,0
BRDA:373,10458,0,0
BRDA:373,10458,1,0
BRDA:373,10459,0,0
BRDA:373,10459,1,0
BRDA:373,10460,0,0
BRDA:373,10460,1,0
BRDA:375,10461,0,0
BRDA:375,10461,1,0
BRDA:375,10462,0,0
BRDA:375,10462,1,0
BRDA:375,10463,0,0
BRDA:375,10463,1,0
BRDA:375,10464,0,0
BRDA:375,10464,1,0
BRDA:375,10465,0,0
BRDA:375,10465,1,0
BRDA:375,10466,0,0
BRDA:375,10466,1,0
BRDA:375,10467,0,0
BRDA:375,10467,1,0
BRDA:375,10468,0,0
BRDA:375,10468,1,0
BRDA:375,10469,0,0
BRDA:375,10469,1,0
BRDA:375,10470,0,0
BRDA:375,10470,1,0
BRDA:375,10470,2,0
BRDA:377,10471,0,0
BRDA:377,10471,1,0
BRDA:377,10472,0,0
BRDA:377,10472,1,0
BRDA:377,10473,0,0
BRDA:377,10473,1,0
BRDA:377,10474,0,0
BRDA:377,10474,1,0
BRDA:377,10475,0,0
BRDA:377,10475,1,0
BRDA:377,10476,0,0
BRDA:377,10476,1,0
BRDA:377,10477,0,0
BRDA:377,10477,1,0
BRDA:377,10478,0,0
BRDA:377,10478,1,0
BRDA:377,10479,0,0
BRDA:377,10479,1,0
BRDA:379,10480,0,0
BRDA:379,10480,1,0
BRDA:379,10480,2,0
BRDA:379,10480,3,0
BRDA:379,10481,0,0
BRDA:379,10481,1,0
BRDA:379,10482,0,0
BRDA:379,10482,1,0
BRDA:379,10483,0,0
BRDA:379,10483,1,0
BRDA:379,10484,0,0
BRDA:379,10484,1,0
BRDA:379,10485,0,0
BRDA:379,10485,1,0
BRDA:379,10486,0,0
BRDA:379,10486,1,0
BRDA:379,10487,0,0
BRDA:379,10487,1,0
BRDA:379,10488,0,0
BRDA:379,10488,1,0
BRDA:379,10489,0,0
BRDA:379,10489,1,0
BRDA:379,10490,0,0
BRDA:379,10490,1,0
BRDA:379,10491,0,0
BRDA:379,10491,1,0
BRDA:379,10492,0,0
BRDA:379,10492,1,0
BRDA:379,10493,0,0
BRDA:379,10493,1,0
BRDA:379,10493,2,0
BRDA:381,10494,0,0
BRDA:381,10494,1,0
BRDA:381,10494,2,0
BRDA:381,10494,3,0
BRDA:381,10494,4,0
BRDA:381,10494,5,0
BRDA:381,10494,6,0
BRDA:381,10494,7,0
BRDA:381,10494,8,0
BRDA:381,10494,9,0
BRDA:381,10494,10,0
BRDA:381,10494,11,0
BRDA:381,10495,0,0
BRDA:381,10495,1,0
BRDA:381,10496,0,0
BRDA:381,10496,1,0
BRDA:381,10497,0,0
BRDA:381,10497,1,0
BRDA:381,10498,0,0
BRDA:381,10498,1,0
BRDA:381,10499,0,0
BRDA:381,10499,1,0
BRDA:381,10500,0,0
BRDA:381,10500,1,0
BRDA:381,10501,0,0
BRDA:381,10501,1,0
BRDA:381,10502,0,0
BRDA:381,10502,1,0
BRDA:381,10503,0,0
BRDA:381,10503,1,0
BRDA:381,10504,0,0
BRDA:381,10504,1,0
BRDA:381,10505,0,0
BRDA:381,10505,1,0
BRDA:381,10506,0,0
BRDA:381,10506,1,0
BRDA:381,10507,0,0
BRDA:381,10507,1,0
BRDA:381,10508,0,0
BRDA:381,10508,1,0
BRDA:381,10509,0,0
BRDA:381,10509,1,0
BRDA:381,10510,0,0
BRDA:381,10510,1,0
BRDA:381,10511,0,0
BRDA:381,10511,1,0
BRDA:381,10512,0,0
BRDA:381,10512,1,0
BRDA:381,10513,0,0
BRDA:381,10513,1,0
BRDA:381,10514,0,0
BRDA:381,10514,1,0
BRDA:381,10515,0,0
BRDA:381,10515,1,0
BRDA:381,10516,0,0
BRDA:381,10516,1,0
BRDA:381,10517,0,0
BRDA:381,10517,1,0
BRDA:381,10518,0,0
BRDA:381,10518,1,0
BRDA:381,10519,0,0
BRDA:381,10519,1,0
BRDA:381,10520,0,0
BRDA:381,10520,1,0
BRDA:381,10521,0,0
BRDA:381,10521,1,0
BRDA:381,10522,0,0
BRDA:381,10522,1,0
BRDA:383,10523,0,0
BRDA:383,10523,1,0
BRDA:383,10524,0,0
BRDA:383,10524,1,0
BRDA:383,10525,0,0
BRDA:383,10525,1,0
BRDA:383,10526,0,0
BRDA:383,10526,1,0
BRDA:385,10527,0,0
BRDA:385,10527,1,0
BRDA:385,10528,0,0
BRDA:385,10528,1,0
BRDA:385,10529,0,0
BRDA:385,10529,1,0
BRDA:385,10530,0,0
BRDA:385,10530,1,0
BRDA:385,10531,0,0
BRDA:385,10531,1,0
BRDA:385,10532,0,0
BRDA:385,10532,1,0
BRDA:385,10533,0,0
BRDA:385,10533,1,0
BRDA:385,10534,0,0
BRDA:385,10534,1,0
BRDA:385,10535,0,0
BRDA:385,10535,1,0
BRDA:387,10536,0,0
BRDA:387,10536,1,0
BRDA:387,10537,0,0
BRDA:387,10537,1,0
BRDA:387,10538,0,0
BRDA:387,10538,1,0
BRDA:387,10539,0,0
BRDA:387,10539,1,0
BRDA:387,10540,0,0
BRDA:387,10540,1,0
BRDA:387,10541,0,0
BRDA:387,10541,1,0
BRDA:387,10542,0,0
BRDA:387,10542,1,0
BRDA:387,10543,0,0
BRDA:387,10543,1,0
BRDA:387,10544,0,0
BRDA:387,10544,1,0
BRDA:387,10544,2,0
BRDA:387,10545,0,0
BRDA:387,10545,1,0
BRDA:387,10546,0,0
BRDA:387,10546,1,0
BRDA:387,10547,0,0
BRDA:387,10547,1,0
BRF:23233
BRH:0
end_of_record
TN:
SF:/Applications/MAMP/htdocs/vue-cli-test/test/src/App.vue
FN:71,data
FN:88,itemSort
FN:94,label
FN:97,(anonymous_5)
FN:119,created
FN:120,(anonymous_7)
FN:126,(anonymous_8)
FN:134,(anonymous_9)
FN:142,(anonymous_10)
FN:153,(anonymous_11)
FN:159,(anonymous_12)
FN:183,changeBarData
FN:189,(anonymous_14)
FN:208,countUpdate
FN:224,mounted
FN:225,(anonymous_19)
FNF:16
FNH:0
FNDA:0,data
FNDA:0,itemSort
FNDA:0,label
FNDA:0,(anonymous_5)
FNDA:0,created
FNDA:0,(anonymous_7)
FNDA:0,(anonymous_8)
FNDA:0,(anonymous_9)
FNDA:0,(anonymous_10)
FNDA:0,(anonymous_11)
FNDA:0,(anonymous_12)
FNDA:0,changeBarData
FNDA:0,(anonymous_14)
FNDA:0,countUpdate
FNDA:0,mounted
FNDA:0,(anonymous_19)
DA:55,0
DA:56,0
DA:57,0
DA:58,0
DA:59,0
DA:60,0
DA:61,0
DA:62,0
DA:63,0
DA:64,0
DA:65,0
DA:72,0
DA:89,0
DA:95,0
DA:96,0
DA:97,0
DA:98,0
DA:102,0
DA:119,0
DA:120,0
DA:123,0
DA:125,0
DA:126,0
DA:127,0
DA:129,0
DA:133,0
DA:134,0
DA:135,0
DA:137,0
DA:141,0
DA:142,0
DA:143,0
DA:145,0
DA:146,0
DA:148,0
DA:153,0
DA:155,0
DA:157,0
DA:158,0
DA:159,0
DA:160,0
DA:163,0
DA:164,0
DA:166,0
DA:175,0
DA:183,0
DA:184,0
DA:186,0
DA:189,0
DA:191,0
DA:193,0
DA:194,0
DA:195,0
DA:199,0
DA:202,0
DA:203,0
DA:208,0
DA:217,0
DA:224,0
DA:225,0
DA:226,0
LF:61
LH:0
BRDA:184,0,0,0
BRDA:184,0,1,0
BRDA:208,1,0,0
BRDA:208,1,1,0
BRDA:208,1,2,0
BRDA:208,1,3,0
BRDA:208,1,4,0
BRDA:208,1,5,0
BRDA:208,1,6,0
BRDA:208,1,7,0
BRDA:208,1,8,0
BRF:11
BRH:0
end_of_record
TN:
SF:/Applications/MAMP/htdocs/vue-cli-test/test/src/components/Bar.vue
FN:11,mounted
FN:15,rerenderBarchart
FNF:2
FNH:0
FNDA:0,mounted
FNDA:0,rerenderBarchart
DA:3,0
DA:12,0
DA:16,0
LF:3
LH:0
BRF:0
BRH:0
end_of_record
TN:
SF:/Applications/MAMP/htdocs/vue-cli-test/test/src/components/BarSelect.vue
FN:25,data
FN:31,updateBarValue
FN:38,mounted
FN:42,created
FNF:4
FNH:0
FNDA:0,data
FNDA:0,updateBarValue
FNDA:0,mounted
FNDA:0,created
DA:26,0
DA:32,0
DA:33,0
DA:34,0
LF:4
LH:0
BRF:0
BRH:0
end_of_record
TN:
SF:/Applications/MAMP/htdocs/vue-cli-test/test/src/components/HelloWorld.vue
FN:97,data
FNF:1
FNH:0
FNDA:0,data
DA:98,0
LF:1
LH:0
BRF:0
BRH:0
end_of_record
TN:
SF:/Applications/MAMP/htdocs/vue-cli-test/test/src/components/Loading.vue
FNF:0
FNH:0
DA:16,0
LF:1
LH:0
BRF:0
BRH:0
end_of_record
TN:
SF:/Applications/MAMP/htdocs/vue-cli-test/test/src/components/Page.vue
FN:7,data
FNF:1
FNH:0
FNDA:0,data
DA:8,0
LF:1
LH:0
BRF:0
BRH:0
end_of_record
TN:
SF:/Applications/MAMP/htdocs/vue-cli-test/test/src/components/Pie.vue
FN:12,mounted
FN:16,rerenderchart
FNF:2
FNH:0
FNDA:0,mounted
FNDA:0,rerenderchart
DA:3,0
DA:13,0
DA:17,0
LF:3
LH:0
BRF:0
BRH:0
end_of_record
TN:
SF:/Applications/MAMP/htdocs/vue-cli-test/test/src/components/Select.vue
FN:25,data
FN:31,updateValue
FN:37,updateIndex
FN:43,mounted
FN:47,created
FNF:5
FNH:0
FNDA:0,data
FNDA:0,updateValue
FNDA:0,updateIndex
FNDA:0,mounted
FNDA:0,created
DA:26,0
DA:32,0
DA:33,0
DA:34,0
DA:38,0
DA:39,0
LF:6
LH:0
BRF:0
BRH:0
end_of_record
TN:
SF:/Applications/MAMP/htdocs/vue-cli-test/test/test/e2e/nightwatch.conf.js
FNF:0
FNH:0
DA:1,0
DA:2,0
DA:5,0
LF:3
LH:0
BRDA:26,0,0,0
BRDA:26,0,1,0
BRF:2
BRH:0
end_of_record
TN:
SF:/Applications/MAMP/htdocs/vue-cli-test/test/test/e2e/runner.js
FN:12,(anonymous_0)
FN:20,(anonymous_1)
FN:39,(anonymous_2)
FN:44,(anonymous_3)
FNF:4
FNH:0
FNDA:0,(anonymous_0)
FNDA:0,(anonymous_1)
FNDA:0,(anonymous_2)
FNDA:0,(anonymous_3)
DA:2,0
DA:4,0
DA:5,0
DA:7,0
DA:8,0
DA:12,0
DA:13,0
DA:14,0
DA:15,0
DA:16,0
DA:17,0
DA:18,0
DA:28,0
DA:29,0
DA:30,0
DA:32,0
DA:33,0
DA:36,0
DA:37,0
DA:39,0
DA:40,0
DA:41,0
DA:44,0
DA:45,0
DA:46,0
LF:25
LH:0
BRDA:29,0,0,0
BRDA:29,0,1,0
BRDA:32,1,0,0
BRDA:32,1,1,0
BRF:4
BRH:0
end_of_record
TN:
SF:/Applications/MAMP/htdocs/vue-cli-test/test/test/e2e/custom-assertions/elementCount.js
FN:10,(anonymous_0)
FN:13,(anonymous_1)
FN:16,(anonymous_2)
FN:19,(anonymous_3)
FN:21,(anonymous_4)
FN:23,(anonymous_5)
FNF:6
FNH:0
FNDA:0,(anonymous_0)
FNDA:0,(anonymous_1)
FNDA:0,(anonymous_2)
FNDA:0,(anonymous_3)
FNDA:0,(anonymous_4)
FNDA:0,(anonymous_5)
DA:10,0
DA:11,0
DA:12,0
DA:13,0
DA:14,0
DA:16,0
DA:17,0
DA:19,0
DA:20,0
DA:21,0
DA:22,0
DA:24,0
LF:12
LH:0
BRF:0
BRH:0
end_of_record
TN:
SF:/Applications/MAMP/htdocs/vue-cli-test/test/test/unit/jest.conf.js
FNF:0
FNH:0
DA:1,0
DA:3,0
LF:2
LH:0
BRF:0
BRH:0
end_of_record
